2022-03-21 08:49:45 [INFO] : ++++++++++++++++++++++++++++++++++++++++++++
2022-03-21 08:49:45 [INFO] : 正在获取 [数字观星POC++] 威胁情报...
2022-03-21 08:49:46 [INFO] : 得到 [数字观星POC++] 最新威胁情报 [0] 条
2022-03-21 08:49:46 [INFO] : --------------------------------------------
2022-03-21 08:49:46 [INFO] : ++++++++++++++++++++++++++++++++++++++++++++
2022-03-21 08:49:46 [INFO] : 正在获取 [阿里云] 威胁情报...
2022-03-21 08:49:47 [INFO] : 得到 [阿里云] 最新威胁情报 [0] 条
2022-03-21 08:49:47 [INFO] : --------------------------------------------
2022-03-21 08:49:47 [INFO] : ++++++++++++++++++++++++++++++++++++++++++++
2022-03-21 08:49:47 [INFO] : 正在获取 [国家信息安全漏洞共享平台（CNVD）] 威胁情报...
2022-03-21 08:50:08 [INFO] : 得到 [国家信息安全漏洞共享平台（CNVD）] 最新威胁情报 [0] 条
2022-03-21 08:50:08 [INFO] : --------------------------------------------
2022-03-21 08:50:08 [INFO] : ++++++++++++++++++++++++++++++++++++++++++++
2022-03-21 08:50:08 [INFO] : 正在获取 [国家信息安全漏洞库（CNNVD）] 威胁情报...
2022-03-21 08:50:28 [INFO] : 得到 [国家信息安全漏洞库（CNNVD）] 最新威胁情报 [0] 条
2022-03-21 08:50:28 [INFO] : --------------------------------------------
2022-03-21 08:50:28 [INFO] : ++++++++++++++++++++++++++++++++++++++++++++
2022-03-21 08:50:28 [INFO] : 正在获取 [360 网络安全响应中心] 威胁情报...
2022-03-21 08:50:29 [INFO] : 得到 [360 网络安全响应中心] 最新威胁情报 [0] 条
2022-03-21 08:50:29 [INFO] : --------------------------------------------
2022-03-21 08:50:29 [INFO] : ++++++++++++++++++++++++++++++++++++++++++++
2022-03-21 08:50:29 [INFO] : 正在获取 [美国国家漏洞数据库（NVD）] 威胁情报...
2022-03-21 08:50:31 [INFO] : 得到 [美国国家漏洞数据库（NVD）] 最新威胁情报 [0] 条
2022-03-21 08:50:31 [INFO] : --------------------------------------------
2022-03-21 08:50:31 [INFO] : ++++++++++++++++++++++++++++++++++++++++++++
2022-03-21 08:50:31 [INFO] : 正在获取 [信息安全漏洞门户] 威胁情报...
2022-03-21 08:50:31 [INFO] : 得到 [信息安全漏洞门户] 最新威胁情报 [0] 条
2022-03-21 08:50:31 [INFO] : --------------------------------------------
2022-03-21 08:50:31 [INFO] : ++++++++++++++++++++++++++++++++++++++++++++
2022-03-21 08:50:31 [INFO] : 正在获取 [绿盟] 威胁情报...
2022-03-21 08:50:33 [INFO] : 得到 [绿盟] 最新威胁情报 [0] 条
2022-03-21 08:50:33 [INFO] : --------------------------------------------
2022-03-21 08:50:33 [INFO] : ++++++++++++++++++++++++++++++++++++++++++++
2022-03-21 08:50:33 [INFO] : 正在获取 [奇安信] 威胁情报...
2022-03-21 08:50:33 [INFO] : 得到 [奇安信] 最新威胁情报 [0] 条
2022-03-21 08:50:33 [INFO] : --------------------------------------------
2022-03-21 08:50:33 [INFO] : ++++++++++++++++++++++++++++++++++++++++++++
2022-03-21 08:50:33 [INFO] : 正在获取 [红后] 威胁情报...
2022-03-21 08:50:34 [INFO] : 得到 [红后] 最新威胁情报 [0] 条
2022-03-21 08:50:34 [INFO] : --------------------------------------------
2022-03-21 08:50:34 [INFO] : ++++++++++++++++++++++++++++++++++++++++++++
2022-03-21 08:50:34 [INFO] : 正在获取 [斗象] 威胁情报...
2022-03-21 08:50:37 [INFO] : 得到 [斗象] 最新威胁情报 [0] 条
2022-03-21 08:50:37 [INFO] : --------------------------------------------
2022-03-21 08:50:37 [INFO] : ++++++++++++++++++++++++++++++++++++++++++++
2022-03-21 08:50:37 [INFO] : 正在获取 [Tenable (Nessus)] 威胁情报...
2022-03-21 08:50:38 [INFO] : 得到 [Tenable (Nessus)] 最新威胁情报 [6] 条
2022-03-21 08:50:38 [INFO] : --------------------------------------------
2022-03-21 08:50:38 [INFO] : 
==============================================
[ TITLE ] Yafu v2.0 contains a segmentation fault via the component /factor/avx-ecm/vecarith52.c. This vulnerability allows attackers to cause a Denial of Service (DoS) via unspecified vectors.
[ TIME  ] 2022-03-20 20:15:00
[ CVE   ] CVE-2022-25462
[ SRC   ] Tenable (Nessus)
[ URL   ] https://www.tenable.com/cve/CVE-2022-25462
2022-03-21 08:50:38 [INFO] : 
==============================================
[ TITLE ] A stored cross-site scripting (XSS) vulnerability in the Add a Button function of Eova v1.6.0 allows attackers to execute arbitrary web scripts or HTML via a crafted payload injected into the button name text box.
[ TIME  ] 2022-03-20 19:15:00
[ CVE   ] CVE-2022-26555
[ SRC   ] Tenable (Nessus)
[ URL   ] https://www.tenable.com/cve/CVE-2022-26555
2022-03-21 08:50:38 [INFO] : 
==============================================
[ TITLE ] TMS v2.28.0 contains an insecure permissions vulnerability via the component /TMS/admin/user/Update2. This vulnerability allows attackers to modify the administrator account and password.
[ TIME  ] 2022-03-20 19:15:00
[ CVE   ] CVE-2022-26247
[ SRC   ] Tenable (Nessus)
[ URL   ] https://www.tenable.com/cve/CVE-2022-26247
2022-03-21 08:50:38 [INFO] : 
==============================================
[ TITLE ] TMS v2.28.0 was discovered to contain a cross-site scripting (XSS) vulnerability in the component /TMS/admin/setting/mail/createorupdate.
[ TIME  ] 2022-03-20 19:15:00
[ CVE   ] CVE-2022-26246
[ SRC   ] Tenable (Nessus)
[ URL   ] https://www.tenable.com/cve/CVE-2022-26246
2022-03-21 08:50:38 [INFO] : 
==============================================
[ TITLE ] A stored cross-site scripting (XSS) vulnerability in the component /admin/contenttemp of DoraCMS v2.1.8 allows attackers to execute arbitrary web scripts or HTML via a crafted payload.
[ TIME  ] 2022-03-20 19:15:00
[ CVE   ] CVE-2022-25464
[ SRC   ] Tenable (Nessus)
[ URL   ] https://www.tenable.com/cve/CVE-2022-25464
2022-03-21 08:50:38 [INFO] : 
==============================================
[ TITLE ] Beijing Wisdom Vision Technology Industry Co., Ltd One Card Integrated Management System 3.0 is vulnerable to SQL Injection.
[ TIME  ] 2022-03-20 16:15:00
[ CVE   ] CVE-2021-44345
[ SRC   ] Tenable (Nessus)
[ URL   ] https://www.tenable.com/cve/CVE-2021-44345
2022-03-21 08:50:38 [INFO] : [邮件] 正在推送威胁情报...
2022-03-21 08:50:38 [INFO] : [邮件] 收件人清单： ['207176126@qq.com']
2022-03-21 08:50:39 [INFO] : [邮件] 推送威胁情报成功
2022-03-21 08:50:39 [INFO] : 正在提交变更...
2022-03-21 08:50:44 [INFO] : 提交变更成功
2022-03-21 12:01:24 [INFO] : ++++++++++++++++++++++++++++++++++++++++++++
2022-03-21 12:01:24 [INFO] : 正在获取 [数字观星POC++] 威胁情报...
2022-03-21 12:01:25 [INFO] : 得到 [数字观星POC++] 最新威胁情报 [0] 条
2022-03-21 12:01:25 [INFO] : --------------------------------------------
2022-03-21 12:01:25 [INFO] : ++++++++++++++++++++++++++++++++++++++++++++
2022-03-21 12:01:25 [INFO] : 正在获取 [阿里云] 威胁情报...
2022-03-21 12:01:25 [INFO] : 得到 [阿里云] 最新威胁情报 [0] 条
2022-03-21 12:01:25 [INFO] : --------------------------------------------
2022-03-21 12:01:25 [INFO] : ++++++++++++++++++++++++++++++++++++++++++++
2022-03-21 12:01:25 [INFO] : 正在获取 [国家信息安全漏洞共享平台（CNVD）] 威胁情报...
2022-03-21 12:01:48 [INFO] : 得到 [国家信息安全漏洞共享平台（CNVD）] 最新威胁情报 [0] 条
2022-03-21 12:01:48 [INFO] : --------------------------------------------
2022-03-21 12:01:48 [INFO] : ++++++++++++++++++++++++++++++++++++++++++++
2022-03-21 12:01:48 [INFO] : 正在获取 [国家信息安全漏洞库（CNNVD）] 威胁情报...
2022-03-21 12:02:20 [INFO] : 得到 [国家信息安全漏洞库（CNNVD）] 最新威胁情报 [0] 条
2022-03-21 12:02:20 [INFO] : --------------------------------------------
2022-03-21 12:02:20 [INFO] : ++++++++++++++++++++++++++++++++++++++++++++
2022-03-21 12:02:20 [INFO] : 正在获取 [360 网络安全响应中心] 威胁情报...
2022-03-21 12:02:20 [INFO] : 得到 [360 网络安全响应中心] 最新威胁情报 [0] 条
2022-03-21 12:02:20 [INFO] : --------------------------------------------
2022-03-21 12:02:20 [INFO] : ++++++++++++++++++++++++++++++++++++++++++++
2022-03-21 12:02:20 [INFO] : 正在获取 [美国国家漏洞数据库（NVD）] 威胁情报...
2022-03-21 12:02:22 [INFO] : 得到 [美国国家漏洞数据库（NVD）] 最新威胁情报 [0] 条
2022-03-21 12:02:22 [INFO] : --------------------------------------------
2022-03-21 12:02:22 [INFO] : ++++++++++++++++++++++++++++++++++++++++++++
2022-03-21 12:02:22 [INFO] : 正在获取 [信息安全漏洞门户] 威胁情报...
2022-03-21 12:02:23 [INFO] : 得到 [信息安全漏洞门户] 最新威胁情报 [0] 条
2022-03-21 12:02:23 [INFO] : --------------------------------------------
2022-03-21 12:02:23 [INFO] : ++++++++++++++++++++++++++++++++++++++++++++
2022-03-21 12:02:23 [INFO] : 正在获取 [绿盟] 威胁情报...
2022-03-21 12:02:23 [INFO] : 得到 [绿盟] 最新威胁情报 [0] 条
2022-03-21 12:02:23 [INFO] : --------------------------------------------
2022-03-21 12:02:23 [INFO] : ++++++++++++++++++++++++++++++++++++++++++++
2022-03-21 12:02:23 [INFO] : 正在获取 [奇安信] 威胁情报...
2022-03-21 12:02:24 [INFO] : 得到 [奇安信] 最新威胁情报 [0] 条
2022-03-21 12:02:24 [INFO] : --------------------------------------------
2022-03-21 12:02:24 [INFO] : ++++++++++++++++++++++++++++++++++++++++++++
2022-03-21 12:02:24 [INFO] : 正在获取 [红后] 威胁情报...
2022-03-21 12:02:24 [INFO] : 得到 [红后] 最新威胁情报 [10] 条
2022-03-21 12:02:24 [INFO] : --------------------------------------------
2022-03-21 12:02:24 [INFO] : 
==============================================
[ TITLE ] Teradici Cloud Access Connector 跨站请求伪造漏洞
[ TIME  ] 2022-03-20 13:54:39
[ CVE   ] CVE-2020-13186
[ SRC   ] 红后
[ URL   ] https://redqueen.tj-un.com/IntelDetails.html?id=ec249090d15e45708517fbec6ae32f89
2022-03-21 12:02:24 [INFO] : 
==============================================
[ TITLE ] Intel Graphics Drivers 输入验证错误漏洞
[ TIME  ] 2022-03-20 13:54:35
[ CVE   ] CVE-2020-12385
[ SRC   ] 红后
[ URL   ] https://redqueen.tj-un.com/IntelDetails.html?id=fe7cf177827e47478e9008b65f182ff6
2022-03-21 12:02:24 [INFO] : 
==============================================
[ TITLE ] Wecon Technologies LeviStudioU 缓冲区错误漏洞
[ TIME  ] 2022-03-20 13:54:31
[ CVE   ] CVE-2020-16243
[ SRC   ] 红后
[ URL   ] https://redqueen.tj-un.com/IntelDetails.html?id=76add4ca73dc4178b355491815324a65
2022-03-21 12:02:24 [INFO] : 
==============================================
[ TITLE ] Teradici Cloud Access Connector 安全漏洞
[ TIME  ] 2022-03-20 13:54:27
[ CVE   ] CVE-2020-13185
[ SRC   ] 红后
[ URL   ] https://redqueen.tj-un.com/IntelDetails.html?id=bf9b2c49d25c4ff392f89340521f0213
2022-03-21 12:02:24 [INFO] : 
==============================================
[ TITLE ] Intel Graphics Drivers 安全漏洞
[ TIME  ] 2022-03-20 13:54:23
[ CVE   ] CVE-2020-12384
[ SRC   ] 红后
[ URL   ] https://redqueen.tj-un.com/IntelDetails.html?id=981afee45d144a14af1316cf6a771a48
2022-03-21 12:02:24 [INFO] : 
==============================================
[ TITLE ] 多款 Intel BMC 固件信任管理问题漏洞
[ TIME  ] 2022-03-20 13:54:19
[ CVE   ] CVE-2020-12376
[ SRC   ] 红后
[ URL   ] https://redqueen.tj-un.com/IntelDetails.html?id=c4c1d704b93f497f965967cae8d81128
2022-03-21 12:02:24 [INFO] : 
==============================================
[ TITLE ] 多款 Intel BMC 固件缓冲区错误漏洞
[ TIME  ] 2022-03-20 13:54:15
[ CVE   ] CVE-2020-12375
[ SRC   ] 红后
[ URL   ] https://redqueen.tj-un.com/IntelDetails.html?id=0cf8ae1b40724d67bc741308751261e1
2022-03-21 12:02:24 [INFO] : 
==============================================
[ TITLE ] Apache Thrift 资源管理错误漏洞
[ TIME  ] 2022-03-20 13:54:00
[ CVE   ] CVE-2020-13949
[ SRC   ] 红后
[ URL   ] https://redqueen.tj-un.com/IntelDetails.html?id=57726799ffc84d5198d6ad32d6d2780f
2022-03-21 12:02:24 [INFO] : 
==============================================
[ TITLE ] Alfresco Software Alfresco Enterprise和Alfresco 注入漏洞
[ TIME  ] 2022-03-20 13:53:56
[ CVE   ] CVE-2020-12873
[ SRC   ] 红后
[ URL   ] https://redqueen.tj-un.com/IntelDetails.html?id=61cc6a06ecaf4e1698355e63e44757e7
2022-03-21 12:02:24 [INFO] : 
==============================================
[ TITLE ] Intel Graphics Drivers 缓冲区错误漏洞
[ TIME  ] 2022-03-20 13:53:52
[ CVE   ] CVE-2020-12386
[ SRC   ] 红后
[ URL   ] https://redqueen.tj-un.com/IntelDetails.html?id=f8249226a3e64492a28767af53d5b73b
2022-03-21 12:02:24 [INFO] : ++++++++++++++++++++++++++++++++++++++++++++
2022-03-21 12:02:24 [INFO] : 正在获取 [斗象] 威胁情报...
2022-03-21 12:02:27 [INFO] : 得到 [斗象] 最新威胁情报 [0] 条
2022-03-21 12:02:27 [INFO] : --------------------------------------------
2022-03-21 12:02:27 [INFO] : ++++++++++++++++++++++++++++++++++++++++++++
2022-03-21 12:02:27 [INFO] : 正在获取 [Tenable (Nessus)] 威胁情报...
2022-03-21 12:02:28 [INFO] : 得到 [Tenable (Nessus)] 最新威胁情报 [5] 条
2022-03-21 12:02:28 [INFO] : --------------------------------------------
2022-03-21 12:02:28 [INFO] : 
==============================================
[ TITLE ] The wechat_return function in /controller/Index.php of EyouCms V1.5.4-UTF8-SP3 passes the user's input directly into the simplexml_ load_ String function, which itself does not prohibit external entities, triggering a XML external entity (XXE) injection vulnerability.
[ TIME  ] 2022-03-20 22:15:00
[ CVE   ] CVE-2021-42194
[ SRC   ] Tenable (Nessus)
[ URL   ] https://www.tenable.com/cve/CVE-2021-42194
2022-03-21 12:02:28 [INFO] : 
==============================================
[ TITLE ] DWSurvey v3.2.0 was discovered to contain an arbitrary file write vulnerability via the component /utils/ToHtmlServlet.java.
[ TIME  ] 2022-03-20 22:15:00
[ CVE   ] CVE-2021-39384
[ SRC   ] Tenable (Nessus)
[ URL   ] https://www.tenable.com/cve/CVE-2021-39384
2022-03-21 12:02:28 [INFO] : 
==============================================
[ TITLE ] DWSurvey v3.2.0 was discovered to contain a remote command execution (RCE) vulnerability via the component /sysuser/SysPropertyAction.java.
[ TIME  ] 2022-03-20 22:15:00
[ CVE   ] CVE-2021-39383
[ SRC   ] Tenable (Nessus)
[ URL   ] https://www.tenable.com/cve/CVE-2021-39383
2022-03-21 12:02:28 [INFO] : 
==============================================
[ TITLE ] The PluginsUpload function in application/service/PluginsAdminService.php of ShopXO v1.9.0 contains an arbitrary file upload vulnerability which allows attackers to execute arbitrary code via uploading a crafted PHP file.
[ TIME  ] 2022-03-20 22:15:00
[ CVE   ] CVE-2020-26008
[ SRC   ] Tenable (Nessus)
[ URL   ] https://www.tenable.com/cve/CVE-2020-26008
2022-03-21 12:02:28 [INFO] : 
==============================================
[ TITLE ] An arbitrary file upload vulnerability in the upload payment plugin of ShopXO v1.9.0 allows attackers to execute arbitrary code via uploading a crafted PHP file.
[ TIME  ] 2022-03-20 22:15:00
[ CVE   ] CVE-2020-26007
[ SRC   ] Tenable (Nessus)
[ URL   ] https://www.tenable.com/cve/CVE-2020-26007
2022-03-21 12:02:28 [INFO] : [邮件] 正在推送威胁情报...
2022-03-21 12:02:28 [INFO] : [邮件] 收件人清单： ['207176126@qq.com']
2022-03-21 12:02:29 [INFO] : [邮件] 推送威胁情报成功
2022-03-21 12:02:29 [INFO] : 正在提交变更...
2022-03-21 12:02:34 [INFO] : 提交变更成功
2022-03-21 14:58:14 [INFO] : ++++++++++++++++++++++++++++++++++++++++++++
2022-03-21 14:58:14 [INFO] : 正在获取 [数字观星POC++] 威胁情报...
2022-03-21 14:58:14 [INFO] : 得到 [数字观星POC++] 最新威胁情报 [0] 条
2022-03-21 14:58:14 [INFO] : --------------------------------------------
2022-03-21 14:58:14 [INFO] : ++++++++++++++++++++++++++++++++++++++++++++
2022-03-21 14:58:14 [INFO] : 正在获取 [阿里云] 威胁情报...
2022-03-21 14:58:15 [INFO] : 得到 [阿里云] 最新威胁情报 [0] 条
2022-03-21 14:58:15 [INFO] : --------------------------------------------
2022-03-21 14:58:15 [INFO] : ++++++++++++++++++++++++++++++++++++++++++++
2022-03-21 14:58:15 [INFO] : 正在获取 [国家信息安全漏洞共享平台（CNVD）] 威胁情报...
2022-03-21 14:58:36 [INFO] : 得到 [国家信息安全漏洞共享平台（CNVD）] 最新威胁情报 [0] 条
2022-03-21 14:58:36 [INFO] : --------------------------------------------
2022-03-21 14:58:36 [INFO] : ++++++++++++++++++++++++++++++++++++++++++++
2022-03-21 14:58:36 [INFO] : 正在获取 [国家信息安全漏洞库（CNNVD）] 威胁情报...
2022-03-21 14:58:52 [INFO] : 得到 [国家信息安全漏洞库（CNNVD）] 最新威胁情报 [0] 条
2022-03-21 14:58:52 [INFO] : --------------------------------------------
2022-03-21 14:58:52 [INFO] : ++++++++++++++++++++++++++++++++++++++++++++
2022-03-21 14:58:52 [INFO] : 正在获取 [360 网络安全响应中心] 威胁情报...
2022-03-21 14:58:52 [INFO] : 得到 [360 网络安全响应中心] 最新威胁情报 [0] 条
2022-03-21 14:58:52 [INFO] : --------------------------------------------
2022-03-21 14:58:52 [INFO] : ++++++++++++++++++++++++++++++++++++++++++++
2022-03-21 14:58:52 [INFO] : 正在获取 [美国国家漏洞数据库（NVD）] 威胁情报...
2022-03-21 14:58:54 [INFO] : 得到 [美国国家漏洞数据库（NVD）] 最新威胁情报 [0] 条
2022-03-21 14:58:54 [INFO] : --------------------------------------------
2022-03-21 14:58:54 [INFO] : ++++++++++++++++++++++++++++++++++++++++++++
2022-03-21 14:58:54 [INFO] : 正在获取 [信息安全漏洞门户] 威胁情报...
2022-03-21 14:58:54 [INFO] : 得到 [信息安全漏洞门户] 最新威胁情报 [0] 条
2022-03-21 14:58:54 [INFO] : --------------------------------------------
2022-03-21 14:58:54 [INFO] : ++++++++++++++++++++++++++++++++++++++++++++
2022-03-21 14:58:54 [INFO] : 正在获取 [绿盟] 威胁情报...
2022-03-21 14:58:55 [INFO] : 得到 [绿盟] 最新威胁情报 [0] 条
2022-03-21 14:58:55 [INFO] : --------------------------------------------
2022-03-21 14:58:55 [INFO] : ++++++++++++++++++++++++++++++++++++++++++++
2022-03-21 14:58:55 [INFO] : 正在获取 [奇安信] 威胁情报...
2022-03-21 14:58:55 [INFO] : 得到 [奇安信] 最新威胁情报 [0] 条
2022-03-21 14:58:55 [INFO] : --------------------------------------------
2022-03-21 14:58:55 [INFO] : ++++++++++++++++++++++++++++++++++++++++++++
2022-03-21 14:58:55 [INFO] : 正在获取 [红后] 威胁情报...
2022-03-21 14:58:56 [INFO] : 得到 [红后] 最新威胁情报 [0] 条
2022-03-21 14:58:56 [INFO] : --------------------------------------------
2022-03-21 14:58:56 [INFO] : ++++++++++++++++++++++++++++++++++++++++++++
2022-03-21 14:58:56 [INFO] : 正在获取 [斗象] 威胁情报...
2022-03-21 14:58:59 [INFO] : 得到 [斗象] 最新威胁情报 [0] 条
2022-03-21 14:58:59 [INFO] : --------------------------------------------
2022-03-21 14:58:59 [INFO] : ++++++++++++++++++++++++++++++++++++++++++++
2022-03-21 14:58:59 [INFO] : 正在获取 [Tenable (Nessus)] 威胁情报...
2022-03-21 14:59:00 [INFO] : 得到 [Tenable (Nessus)] 最新威胁情报 [2] 条
2022-03-21 14:59:00 [INFO] : --------------------------------------------
2022-03-21 14:59:00 [INFO] : 
==============================================
[ TITLE ] Taocms v3.0.2 was discovered to contain a SQL injection vulnerability via the id parameter in \include\Model\Category.php.
[ TIME  ] 2022-03-21 00:15:00
[ CVE   ] CVE-2022-25505
[ SRC   ] Tenable (Nessus)
[ URL   ] https://www.tenable.com/cve/CVE-2022-25505
2022-03-21 14:59:00 [INFO] : 
==============================================
[ TITLE ] ThinkPHP Framework v5.0.24 was discovered to be configured without the PATHINFO parameter. This allows attackers to access all system environment parameters from index.php.
[ TIME  ] 2022-03-21 00:15:00
[ CVE   ] CVE-2022-25481
[ SRC   ] Tenable (Nessus)
[ URL   ] https://www.tenable.com/cve/CVE-2022-25481
2022-03-21 14:59:00 [INFO] : [邮件] 正在推送威胁情报...
2022-03-21 14:59:00 [INFO] : [邮件] 收件人清单： ['207176126@qq.com']
2022-03-21 14:59:01 [INFO] : [邮件] 推送威胁情报成功
2022-03-21 14:59:01 [INFO] : 正在提交变更...
2022-03-21 14:59:05 [INFO] : 提交变更成功
2022-03-21 15:35:02 [INFO] : ++++++++++++++++++++++++++++++++++++++++++++
2022-03-21 15:35:02 [INFO] : 正在获取 [数字观星POC++] 威胁情报...
2022-03-21 15:35:02 [INFO] : 得到 [数字观星POC++] 最新威胁情报 [0] 条
2022-03-21 15:35:02 [INFO] : --------------------------------------------
2022-03-21 15:35:02 [INFO] : ++++++++++++++++++++++++++++++++++++++++++++
2022-03-21 15:35:02 [INFO] : 正在获取 [阿里云] 威胁情报...
2022-03-21 15:35:03 [INFO] : 得到 [阿里云] 最新威胁情报 [0] 条
2022-03-21 15:35:03 [INFO] : --------------------------------------------
2022-03-21 15:35:03 [INFO] : ++++++++++++++++++++++++++++++++++++++++++++
2022-03-21 15:35:03 [INFO] : 正在获取 [国家信息安全漏洞共享平台（CNVD）] 威胁情报...
2022-03-21 15:35:24 [INFO] : 得到 [国家信息安全漏洞共享平台（CNVD）] 最新威胁情报 [0] 条
2022-03-21 15:35:24 [INFO] : --------------------------------------------
2022-03-21 15:35:24 [INFO] : ++++++++++++++++++++++++++++++++++++++++++++
2022-03-21 15:35:24 [INFO] : 正在获取 [国家信息安全漏洞库（CNNVD）] 威胁情报...
2022-03-21 15:35:38 [INFO] : 得到 [国家信息安全漏洞库（CNNVD）] 最新威胁情报 [0] 条
2022-03-21 15:35:38 [INFO] : --------------------------------------------
2022-03-21 15:35:38 [INFO] : ++++++++++++++++++++++++++++++++++++++++++++
2022-03-21 15:35:38 [INFO] : 正在获取 [360 网络安全响应中心] 威胁情报...
2022-03-21 15:35:38 [INFO] : 得到 [360 网络安全响应中心] 最新威胁情报 [0] 条
2022-03-21 15:35:38 [INFO] : --------------------------------------------
2022-03-21 15:35:38 [INFO] : ++++++++++++++++++++++++++++++++++++++++++++
2022-03-21 15:35:38 [INFO] : 正在获取 [美国国家漏洞数据库（NVD）] 威胁情报...
2022-03-21 15:35:41 [INFO] : 得到 [美国国家漏洞数据库（NVD）] 最新威胁情报 [0] 条
2022-03-21 15:35:41 [INFO] : --------------------------------------------
2022-03-21 15:35:41 [INFO] : ++++++++++++++++++++++++++++++++++++++++++++
2022-03-21 15:35:41 [INFO] : 正在获取 [信息安全漏洞门户] 威胁情报...
2022-03-21 15:35:41 [INFO] : 得到 [信息安全漏洞门户] 最新威胁情报 [0] 条
2022-03-21 15:35:41 [INFO] : --------------------------------------------
2022-03-21 15:35:41 [INFO] : ++++++++++++++++++++++++++++++++++++++++++++
2022-03-21 15:35:41 [INFO] : 正在获取 [绿盟] 威胁情报...
2022-03-21 15:35:42 [INFO] : 得到 [绿盟] 最新威胁情报 [0] 条
2022-03-21 15:35:42 [INFO] : --------------------------------------------
2022-03-21 15:35:42 [INFO] : ++++++++++++++++++++++++++++++++++++++++++++
2022-03-21 15:35:42 [INFO] : 正在获取 [奇安信] 威胁情报...
2022-03-21 15:35:42 [INFO] : 得到 [奇安信] 最新威胁情报 [0] 条
2022-03-21 15:35:42 [INFO] : --------------------------------------------
2022-03-21 15:35:42 [INFO] : ++++++++++++++++++++++++++++++++++++++++++++
2022-03-21 15:35:42 [INFO] : 正在获取 [红后] 威胁情报...
2022-03-21 15:35:43 [INFO] : 得到 [红后] 最新威胁情报 [0] 条
2022-03-21 15:35:43 [INFO] : --------------------------------------------
2022-03-21 15:35:43 [INFO] : ++++++++++++++++++++++++++++++++++++++++++++
2022-03-21 15:35:43 [INFO] : 正在获取 [斗象] 威胁情报...
2022-03-21 15:35:46 [INFO] : 得到 [斗象] 最新威胁情报 [0] 条
2022-03-21 15:35:46 [INFO] : --------------------------------------------
2022-03-21 15:35:46 [INFO] : ++++++++++++++++++++++++++++++++++++++++++++
2022-03-21 15:35:46 [INFO] : 正在获取 [Tenable (Nessus)] 威胁情报...
2022-03-21 15:35:47 [INFO] : 得到 [Tenable (Nessus)] 最新威胁情报 [0] 条
2022-03-21 15:35:47 [INFO] : --------------------------------------------
2022-03-21 15:35:47 [INFO] : 正在提交变更...
2022-03-21 15:35:50 [INFO] : 提交变更成功
2022-03-21 16:02:18 [INFO] : ++++++++++++++++++++++++++++++++++++++++++++
2022-03-21 16:02:18 [INFO] : 正在获取 [数字观星POC++] 威胁情报...
2022-03-21 16:02:19 [INFO] : 得到 [数字观星POC++] 最新威胁情报 [0] 条
2022-03-21 16:02:19 [INFO] : --------------------------------------------
2022-03-21 16:02:19 [INFO] : ++++++++++++++++++++++++++++++++++++++++++++
2022-03-21 16:02:19 [INFO] : 正在获取 [阿里云] 威胁情报...
2022-03-21 16:02:20 [INFO] : 得到 [阿里云] 最新威胁情报 [0] 条
2022-03-21 16:02:20 [INFO] : --------------------------------------------
2022-03-21 16:02:20 [INFO] : ++++++++++++++++++++++++++++++++++++++++++++
2022-03-21 16:02:20 [INFO] : 正在获取 [国家信息安全漏洞共享平台（CNVD）] 威胁情报...
2022-03-21 16:02:40 [INFO] : 得到 [国家信息安全漏洞共享平台（CNVD）] 最新威胁情报 [0] 条
2022-03-21 16:02:40 [INFO] : --------------------------------------------
2022-03-21 16:02:40 [INFO] : ++++++++++++++++++++++++++++++++++++++++++++
2022-03-21 16:02:40 [INFO] : 正在获取 [国家信息安全漏洞库（CNNVD）] 威胁情报...
2022-03-21 16:03:00 [INFO] : 得到 [国家信息安全漏洞库（CNNVD）] 最新威胁情报 [0] 条
2022-03-21 16:03:00 [INFO] : --------------------------------------------
2022-03-21 16:03:00 [INFO] : ++++++++++++++++++++++++++++++++++++++++++++
2022-03-21 16:03:00 [INFO] : 正在获取 [360 网络安全响应中心] 威胁情报...
2022-03-21 16:03:01 [INFO] : 得到 [360 网络安全响应中心] 最新威胁情报 [0] 条
2022-03-21 16:03:01 [INFO] : --------------------------------------------
2022-03-21 16:03:01 [INFO] : ++++++++++++++++++++++++++++++++++++++++++++
2022-03-21 16:03:01 [INFO] : 正在获取 [美国国家漏洞数据库（NVD）] 威胁情报...
2022-03-21 16:03:03 [INFO] : 得到 [美国国家漏洞数据库（NVD）] 最新威胁情报 [0] 条
2022-03-21 16:03:03 [INFO] : --------------------------------------------
2022-03-21 16:03:03 [INFO] : ++++++++++++++++++++++++++++++++++++++++++++
2022-03-21 16:03:03 [INFO] : 正在获取 [信息安全漏洞门户] 威胁情报...
2022-03-21 16:03:04 [INFO] : 得到 [信息安全漏洞门户] 最新威胁情报 [0] 条
2022-03-21 16:03:04 [INFO] : --------------------------------------------
2022-03-21 16:03:04 [INFO] : ++++++++++++++++++++++++++++++++++++++++++++
2022-03-21 16:03:04 [INFO] : 正在获取 [绿盟] 威胁情报...
2022-03-21 16:03:05 [INFO] : 得到 [绿盟] 最新威胁情报 [0] 条
2022-03-21 16:03:05 [INFO] : --------------------------------------------
2022-03-21 16:03:05 [INFO] : ++++++++++++++++++++++++++++++++++++++++++++
2022-03-21 16:03:05 [INFO] : 正在获取 [奇安信] 威胁情报...
2022-03-21 16:03:05 [INFO] : 得到 [奇安信] 最新威胁情报 [0] 条
2022-03-21 16:03:05 [INFO] : --------------------------------------------
2022-03-21 16:03:05 [INFO] : ++++++++++++++++++++++++++++++++++++++++++++
2022-03-21 16:03:05 [INFO] : 正在获取 [红后] 威胁情报...
2022-03-21 16:03:06 [INFO] : 得到 [红后] 最新威胁情报 [10] 条
2022-03-21 16:03:06 [INFO] : --------------------------------------------
2022-03-21 16:03:06 [INFO] : 
==============================================
[ TITLE ] Atlassian Jira Server 和 Data Center 跨站脚本漏洞
[ TIME  ] 2022-03-21 13:49:31
[ CVE   ] CVE-2020-36236
[ SRC   ] 红后
[ URL   ] https://redqueen.tj-un.com/IntelDetails.html?id=4c0c72df90bf4fc4ac6f817aca0823dd
2022-03-21 16:03:06 [INFO] : 
==============================================
[ TITLE ] Atlassian Asterisk 缓冲区错误漏洞
[ TIME  ] 2022-03-21 13:49:27
[ CVE   ] CVE-2020-35776
[ SRC   ] 红后
[ URL   ] https://redqueen.tj-un.com/IntelDetails.html?id=3ce739636cbd42898010b909ba4002a4
2022-03-21 16:03:06 [INFO] : 
==============================================
[ TITLE ] Saltstack SaltStack Salt 信任管理问题漏洞
[ TIME  ] 2022-03-21 13:49:23
[ CVE   ] CVE-2020-35662
[ SRC   ] 红后
[ URL   ] https://redqueen.tj-un.com/IntelDetails.html?id=544c5646e7ca4f60a57d5f007cdfa364
2022-03-21 16:03:06 [INFO] : 
==============================================
[ TITLE ] python-cryptography 安全漏洞
[ TIME  ] 2022-03-21 13:49:20
[ CVE   ] CVE-2020-36242
[ SRC   ] 红后
[ URL   ] https://redqueen.tj-un.com/IntelDetails.html?id=df22db763076400aaa47553bf61f2503
2022-03-21 16:03:06 [INFO] : 
==============================================
[ TITLE ] Atlassian Bitbucket Server and Data Center 安全漏洞
[ TIME  ] 2022-03-21 13:49:16
[ CVE   ] CVE-2020-36233
[ SRC   ] 红后
[ URL   ] https://redqueen.tj-un.com/IntelDetails.html?id=7d898a58aeb542da9862f64e5c9261ec
2022-03-21 16:03:06 [INFO] : 
==============================================
[ TITLE ] Linux kernel 代码问题漏洞
[ TIME  ] 2022-03-21 13:49:13
[ CVE   ] CVE-2020-35499
[ SRC   ] 红后
[ URL   ] https://redqueen.tj-un.com/IntelDetails.html?id=5120848858014e488dae8c045621c886
2022-03-21 16:03:06 [INFO] : 
==============================================
[ TITLE ] ZenPhoto 代码问题漏洞
[ TIME  ] 2022-03-21 13:49:09
[ CVE   ] CVE-2020-36079
[ SRC   ] 红后
[ URL   ] https://redqueen.tj-un.com/IntelDetails.html?id=6c73f30fd5e2496f8359479eb1ab1d17
2022-03-21 16:03:06 [INFO] : 
==============================================
[ TITLE ] Django Channels 信息泄露漏洞
[ TIME  ] 2022-03-21 13:49:05
[ CVE   ] CVE-2020-35681
[ SRC   ] 红后
[ URL   ] https://redqueen.tj-un.com/IntelDetails.html?id=acd0dcf18bdc49e39cb2e9ad9da40c6b
2022-03-21 16:03:06 [INFO] : 
==============================================
[ TITLE ] Atlassian Confluence Server 和 Confluence Data Center 安全漏洞
[ TIME  ] 2022-03-21 13:49:01
[ CVE   ] CVE-2020-29448
[ SRC   ] 红后
[ URL   ] https://redqueen.tj-un.com/IntelDetails.html?id=b6b38fcf9b8142979fc2942e6176a44e
2022-03-21 16:03:06 [INFO] : 
==============================================
[ TITLE ] TIETEN Acronis Cyber Protect 跨站脚本漏洞
[ TIME  ] 2022-03-21 13:48:57
[ CVE   ] CVE-2020-35664
[ SRC   ] 红后
[ URL   ] https://redqueen.tj-un.com/IntelDetails.html?id=7e0fe4b4ab7d4c288855feac38a5ad1e
2022-03-21 16:03:06 [INFO] : ++++++++++++++++++++++++++++++++++++++++++++
2022-03-21 16:03:06 [INFO] : 正在获取 [斗象] 威胁情报...
2022-03-21 16:03:09 [INFO] : 得到 [斗象] 最新威胁情报 [0] 条
2022-03-21 16:03:09 [INFO] : --------------------------------------------
2022-03-21 16:03:09 [INFO] : ++++++++++++++++++++++++++++++++++++++++++++
2022-03-21 16:03:09 [INFO] : 正在获取 [Tenable (Nessus)] 威胁情报...
2022-03-21 16:03:10 [INFO] : 得到 [Tenable (Nessus)] 最新威胁情报 [0] 条
2022-03-21 16:03:10 [INFO] : --------------------------------------------
2022-03-21 16:03:10 [INFO] : [邮件] 正在推送威胁情报...
2022-03-21 16:03:10 [INFO] : [邮件] 收件人清单： ['207176126@qq.com']
2022-03-21 16:03:11 [INFO] : [邮件] 推送威胁情报成功
2022-03-21 16:03:11 [INFO] : 正在提交变更...
2022-03-21 16:03:16 [INFO] : 提交变更成功
2022-03-21 16:50:49 [INFO] : ++++++++++++++++++++++++++++++++++++++++++++
2022-03-21 16:50:49 [INFO] : 正在获取 [数字观星POC++] 威胁情报...
2022-03-21 16:50:50 [INFO] : 得到 [数字观星POC++] 最新威胁情报 [0] 条
2022-03-21 16:50:50 [INFO] : --------------------------------------------
2022-03-21 16:50:50 [INFO] : ++++++++++++++++++++++++++++++++++++++++++++
2022-03-21 16:50:50 [INFO] : 正在获取 [阿里云] 威胁情报...
2022-03-21 16:50:51 [INFO] : 得到 [阿里云] 最新威胁情报 [0] 条
2022-03-21 16:50:51 [INFO] : --------------------------------------------
2022-03-21 16:50:51 [INFO] : ++++++++++++++++++++++++++++++++++++++++++++
2022-03-21 16:50:51 [INFO] : 正在获取 [国家信息安全漏洞共享平台（CNVD）] 威胁情报...
2022-03-21 16:51:12 [INFO] : 得到 [国家信息安全漏洞共享平台（CNVD）] 最新威胁情报 [0] 条
2022-03-21 16:51:12 [INFO] : --------------------------------------------
2022-03-21 16:51:12 [INFO] : ++++++++++++++++++++++++++++++++++++++++++++
2022-03-21 16:51:12 [INFO] : 正在获取 [国家信息安全漏洞库（CNNVD）] 威胁情报...
2022-03-21 16:51:25 [INFO] : 得到 [国家信息安全漏洞库（CNNVD）] 最新威胁情报 [0] 条
2022-03-21 16:51:25 [INFO] : --------------------------------------------
2022-03-21 16:51:25 [INFO] : ++++++++++++++++++++++++++++++++++++++++++++
2022-03-21 16:51:25 [INFO] : 正在获取 [360 网络安全响应中心] 威胁情报...
2022-03-21 16:51:30 [INFO] : 得到 [360 网络安全响应中心] 最新威胁情报 [1] 条
2022-03-21 16:51:30 [INFO] : --------------------------------------------
2022-03-21 16:51:30 [INFO] : 
==============================================
[ TITLE ] 安全事件周报 (03.14-03.20)
[ TIME  ] 2022-03-21 16:26:27
[ CVE   ] 
[ SRC   ] 360 网络安全响应中心
[ URL   ] https://cert.360.cn/warning/detail?id=e717e16a42f4e0d17a9030e53e643a0f
2022-03-21 16:51:30 [INFO] : ++++++++++++++++++++++++++++++++++++++++++++
2022-03-21 16:51:30 [INFO] : 正在获取 [美国国家漏洞数据库（NVD）] 威胁情报...
2022-03-21 16:51:32 [INFO] : 得到 [美国国家漏洞数据库（NVD）] 最新威胁情报 [0] 条
2022-03-21 16:51:32 [INFO] : --------------------------------------------
2022-03-21 16:51:32 [INFO] : ++++++++++++++++++++++++++++++++++++++++++++
2022-03-21 16:51:32 [INFO] : 正在获取 [信息安全漏洞门户] 威胁情报...
2022-03-21 16:51:32 [INFO] : 得到 [信息安全漏洞门户] 最新威胁情报 [0] 条
2022-03-21 16:51:32 [INFO] : --------------------------------------------
2022-03-21 16:51:32 [INFO] : ++++++++++++++++++++++++++++++++++++++++++++
2022-03-21 16:51:32 [INFO] : 正在获取 [绿盟] 威胁情报...
2022-03-21 16:51:34 [INFO] : 得到 [绿盟] 最新威胁情报 [0] 条
2022-03-21 16:51:34 [INFO] : --------------------------------------------
2022-03-21 16:51:34 [INFO] : ++++++++++++++++++++++++++++++++++++++++++++
2022-03-21 16:51:34 [INFO] : 正在获取 [奇安信] 威胁情报...
2022-03-21 16:51:35 [INFO] : 得到 [奇安信] 最新威胁情报 [0] 条
2022-03-21 16:51:35 [INFO] : --------------------------------------------
2022-03-21 16:51:35 [INFO] : ++++++++++++++++++++++++++++++++++++++++++++
2022-03-21 16:51:35 [INFO] : 正在获取 [红后] 威胁情报...
2022-03-21 16:51:36 [INFO] : 得到 [红后] 最新威胁情报 [0] 条
2022-03-21 16:51:36 [INFO] : --------------------------------------------
2022-03-21 16:51:36 [INFO] : ++++++++++++++++++++++++++++++++++++++++++++
2022-03-21 16:51:36 [INFO] : 正在获取 [斗象] 威胁情报...
2022-03-21 16:51:39 [INFO] : 得到 [斗象] 最新威胁情报 [0] 条
2022-03-21 16:51:39 [INFO] : --------------------------------------------
2022-03-21 16:51:39 [INFO] : ++++++++++++++++++++++++++++++++++++++++++++
2022-03-21 16:51:39 [INFO] : 正在获取 [Tenable (Nessus)] 威胁情报...
2022-03-21 16:51:40 [INFO] : 得到 [Tenable (Nessus)] 最新威胁情报 [0] 条
2022-03-21 16:51:40 [INFO] : --------------------------------------------
2022-03-21 16:51:40 [INFO] : [邮件] 正在推送威胁情报...
2022-03-21 16:51:40 [INFO] : [邮件] 收件人清单： ['207176126@qq.com']
2022-03-21 16:51:41 [INFO] : [邮件] 推送威胁情报成功
2022-03-21 16:51:41 [INFO] : 正在提交变更...
2022-03-21 16:51:46 [INFO] : 提交变更成功
2022-03-21 17:06:33 [INFO] : ++++++++++++++++++++++++++++++++++++++++++++
2022-03-21 17:06:33 [INFO] : 正在获取 [数字观星POC++] 威胁情报...
2022-03-21 17:06:34 [INFO] : 得到 [数字观星POC++] 最新威胁情报 [0] 条
2022-03-21 17:06:34 [INFO] : --------------------------------------------
2022-03-21 17:06:34 [INFO] : ++++++++++++++++++++++++++++++++++++++++++++
2022-03-21 17:06:34 [INFO] : 正在获取 [阿里云] 威胁情报...
2022-03-21 17:06:35 [INFO] : 得到 [阿里云] 最新威胁情报 [0] 条
2022-03-21 17:06:35 [INFO] : --------------------------------------------
2022-03-21 17:06:35 [INFO] : ++++++++++++++++++++++++++++++++++++++++++++
2022-03-21 17:06:35 [INFO] : 正在获取 [国家信息安全漏洞共享平台（CNVD）] 威胁情报...
2022-03-21 17:06:55 [INFO] : 得到 [国家信息安全漏洞共享平台（CNVD）] 最新威胁情报 [0] 条
2022-03-21 17:06:55 [INFO] : --------------------------------------------
2022-03-21 17:06:55 [INFO] : ++++++++++++++++++++++++++++++++++++++++++++
2022-03-21 17:06:55 [INFO] : 正在获取 [国家信息安全漏洞库（CNNVD）] 威胁情报...
2022-03-21 17:07:18 [INFO] : 得到 [国家信息安全漏洞库（CNNVD）] 最新威胁情报 [0] 条
2022-03-21 17:07:18 [INFO] : --------------------------------------------
2022-03-21 17:07:18 [INFO] : ++++++++++++++++++++++++++++++++++++++++++++
2022-03-21 17:07:18 [INFO] : 正在获取 [360 网络安全响应中心] 威胁情报...
2022-03-21 17:07:18 [INFO] : 得到 [360 网络安全响应中心] 最新威胁情报 [0] 条
2022-03-21 17:07:18 [INFO] : --------------------------------------------
2022-03-21 17:07:18 [INFO] : ++++++++++++++++++++++++++++++++++++++++++++
2022-03-21 17:07:18 [INFO] : 正在获取 [美国国家漏洞数据库（NVD）] 威胁情报...
2022-03-21 17:07:20 [INFO] : 得到 [美国国家漏洞数据库（NVD）] 最新威胁情报 [0] 条
2022-03-21 17:07:20 [INFO] : --------------------------------------------
2022-03-21 17:07:20 [INFO] : ++++++++++++++++++++++++++++++++++++++++++++
2022-03-21 17:07:20 [INFO] : 正在获取 [信息安全漏洞门户] 威胁情报...
2022-03-21 17:07:21 [INFO] : 得到 [信息安全漏洞门户] 最新威胁情报 [0] 条
2022-03-21 17:07:21 [INFO] : --------------------------------------------
2022-03-21 17:07:21 [INFO] : ++++++++++++++++++++++++++++++++++++++++++++
2022-03-21 17:07:21 [INFO] : 正在获取 [绿盟] 威胁情报...
2022-03-21 17:07:21 [INFO] : 得到 [绿盟] 最新威胁情报 [0] 条
2022-03-21 17:07:21 [INFO] : --------------------------------------------
2022-03-21 17:07:21 [INFO] : ++++++++++++++++++++++++++++++++++++++++++++
2022-03-21 17:07:21 [INFO] : 正在获取 [奇安信] 威胁情报...
2022-03-21 17:07:22 [INFO] : 得到 [奇安信] 最新威胁情报 [0] 条
2022-03-21 17:07:22 [INFO] : --------------------------------------------
2022-03-21 17:07:22 [INFO] : ++++++++++++++++++++++++++++++++++++++++++++
2022-03-21 17:07:22 [INFO] : 正在获取 [红后] 威胁情报...
2022-03-21 17:07:23 [INFO] : 得到 [红后] 最新威胁情报 [0] 条
2022-03-21 17:07:23 [INFO] : --------------------------------------------
2022-03-21 17:07:23 [INFO] : ++++++++++++++++++++++++++++++++++++++++++++
2022-03-21 17:07:23 [INFO] : 正在获取 [斗象] 威胁情报...
2022-03-21 17:07:28 [INFO] : 得到 [斗象] 最新威胁情报 [0] 条
2022-03-21 17:07:28 [INFO] : --------------------------------------------
2022-03-21 17:07:28 [INFO] : ++++++++++++++++++++++++++++++++++++++++++++
2022-03-21 17:07:28 [INFO] : 正在获取 [Tenable (Nessus)] 威胁情报...
2022-03-21 17:07:28 [INFO] : 得到 [Tenable (Nessus)] 最新威胁情报 [0] 条
2022-03-21 17:07:28 [INFO] : --------------------------------------------
2022-03-21 17:07:28 [INFO] : 正在提交变更...
2022-03-21 17:07:31 [INFO] : 提交变更成功
2022-03-21 17:28:48 [INFO] : ++++++++++++++++++++++++++++++++++++++++++++
2022-03-21 17:28:48 [INFO] : 正在获取 [数字观星POC++] 威胁情报...
2022-03-21 17:28:49 [INFO] : 得到 [数字观星POC++] 最新威胁情报 [0] 条
2022-03-21 17:28:49 [INFO] : --------------------------------------------
2022-03-21 17:28:49 [INFO] : ++++++++++++++++++++++++++++++++++++++++++++
2022-03-21 17:28:49 [INFO] : 正在获取 [阿里云] 威胁情报...
2022-03-21 17:28:49 [INFO] : 得到 [阿里云] 最新威胁情报 [0] 条
2022-03-21 17:28:49 [INFO] : --------------------------------------------
2022-03-21 17:28:49 [INFO] : ++++++++++++++++++++++++++++++++++++++++++++
2022-03-21 17:28:49 [INFO] : 正在获取 [国家信息安全漏洞共享平台（CNVD）] 威胁情报...
2022-03-21 17:29:15 [INFO] : 得到 [国家信息安全漏洞共享平台（CNVD）] 最新威胁情报 [0] 条
2022-03-21 17:29:15 [INFO] : --------------------------------------------
2022-03-21 17:29:15 [INFO] : ++++++++++++++++++++++++++++++++++++++++++++
2022-03-21 17:29:15 [INFO] : 正在获取 [国家信息安全漏洞库（CNNVD）] 威胁情报...
2022-03-21 17:29:32 [INFO] : 得到 [国家信息安全漏洞库（CNNVD）] 最新威胁情报 [0] 条
2022-03-21 17:29:32 [INFO] : --------------------------------------------
2022-03-21 17:29:32 [INFO] : ++++++++++++++++++++++++++++++++++++++++++++
2022-03-21 17:29:32 [INFO] : 正在获取 [360 网络安全响应中心] 威胁情报...
2022-03-21 17:29:33 [INFO] : 得到 [360 网络安全响应中心] 最新威胁情报 [0] 条
2022-03-21 17:29:33 [INFO] : --------------------------------------------
2022-03-21 17:29:33 [INFO] : ++++++++++++++++++++++++++++++++++++++++++++
2022-03-21 17:29:33 [INFO] : 正在获取 [美国国家漏洞数据库（NVD）] 威胁情报...
2022-03-21 17:29:35 [INFO] : 得到 [美国国家漏洞数据库（NVD）] 最新威胁情报 [0] 条
2022-03-21 17:29:35 [INFO] : --------------------------------------------
2022-03-21 17:29:35 [INFO] : ++++++++++++++++++++++++++++++++++++++++++++
2022-03-21 17:29:35 [INFO] : 正在获取 [信息安全漏洞门户] 威胁情报...
2022-03-21 17:29:35 [INFO] : 得到 [信息安全漏洞门户] 最新威胁情报 [0] 条
2022-03-21 17:29:35 [INFO] : --------------------------------------------
2022-03-21 17:29:35 [INFO] : ++++++++++++++++++++++++++++++++++++++++++++
2022-03-21 17:29:35 [INFO] : 正在获取 [绿盟] 威胁情报...
2022-03-21 17:29:36 [INFO] : 得到 [绿盟] 最新威胁情报 [0] 条
2022-03-21 17:29:36 [INFO] : --------------------------------------------
2022-03-21 17:29:36 [INFO] : ++++++++++++++++++++++++++++++++++++++++++++
2022-03-21 17:29:36 [INFO] : 正在获取 [奇安信] 威胁情报...
2022-03-21 17:29:36 [INFO] : 得到 [奇安信] 最新威胁情报 [0] 条
2022-03-21 17:29:36 [INFO] : --------------------------------------------
2022-03-21 17:29:36 [INFO] : ++++++++++++++++++++++++++++++++++++++++++++
2022-03-21 17:29:36 [INFO] : 正在获取 [红后] 威胁情报...
2022-03-21 17:29:37 [INFO] : 得到 [红后] 最新威胁情报 [0] 条
2022-03-21 17:29:37 [INFO] : --------------------------------------------
2022-03-21 17:29:37 [INFO] : ++++++++++++++++++++++++++++++++++++++++++++
2022-03-21 17:29:37 [INFO] : 正在获取 [斗象] 威胁情报...
2022-03-21 17:29:40 [INFO] : 得到 [斗象] 最新威胁情报 [0] 条
2022-03-21 17:29:40 [INFO] : --------------------------------------------
2022-03-21 17:29:40 [INFO] : ++++++++++++++++++++++++++++++++++++++++++++
2022-03-21 17:29:40 [INFO] : 正在获取 [Tenable (Nessus)] 威胁情报...
2022-03-21 17:29:40 [INFO] : 得到 [Tenable (Nessus)] 最新威胁情报 [0] 条
2022-03-21 17:29:40 [INFO] : --------------------------------------------
2022-03-21 17:29:40 [INFO] : 正在提交变更...
2022-03-21 17:29:45 [INFO] : 提交变更成功
2022-03-21 18:14:17 [INFO] : ++++++++++++++++++++++++++++++++++++++++++++
2022-03-21 18:14:17 [INFO] : 正在获取 [数字观星POC++] 威胁情报...
2022-03-21 18:14:17 [INFO] : 得到 [数字观星POC++] 最新威胁情报 [0] 条
2022-03-21 18:14:17 [INFO] : --------------------------------------------
2022-03-21 18:14:17 [INFO] : ++++++++++++++++++++++++++++++++++++++++++++
2022-03-21 18:14:17 [INFO] : 正在获取 [阿里云] 威胁情报...
2022-03-21 18:14:18 [INFO] : 得到 [阿里云] 最新威胁情报 [0] 条
2022-03-21 18:14:18 [INFO] : --------------------------------------------
2022-03-21 18:14:18 [INFO] : ++++++++++++++++++++++++++++++++++++++++++++
2022-03-21 18:14:18 [INFO] : 正在获取 [国家信息安全漏洞共享平台（CNVD）] 威胁情报...
2022-03-21 18:14:43 [INFO] : 得到 [国家信息安全漏洞共享平台（CNVD）] 最新威胁情报 [4] 条
2022-03-21 18:14:43 [INFO] : --------------------------------------------
2022-03-21 18:14:43 [INFO] : 
==============================================
[ TITLE ] TP-Link Archer A7 AC1750命令注入漏洞
[ TIME  ] 2022-03-21 18:14:23
[ CVE   ] CNVD-2022-21176 (CVE-2020-28347)
[ SRC   ] 国家信息安全漏洞共享平台（CNVD）
[ URL   ] https://www.cnvd.org.cn/flaw/show/CNVD-2022-21176
2022-03-21 18:14:43 [INFO] : 
==============================================
[ TITLE ] TP-Link Archer C1200跨站脚本漏洞
[ TIME  ] 2022-03-21 18:14:25
[ CVE   ] CNVD-2022-21173 (CVE-2020-17891)
[ SRC   ] 国家信息安全漏洞共享平台（CNVD）
[ URL   ] https://www.cnvd.org.cn/flaw/show/CNVD-2022-21173
2022-03-21 18:14:43 [INFO] : 
==============================================
[ TITLE ] TP-Link UE330 USB信息泄露漏洞
[ TIME  ] 2022-03-21 18:14:28
[ CVE   ] CNVD-2022-21172 (CVE-2021-38543)
[ SRC   ] 国家信息安全漏洞共享平台（CNVD）
[ URL   ] https://www.cnvd.org.cn/flaw/show/CNVD-2022-21172
2022-03-21 18:14:43 [INFO] : 
==============================================
[ TITLE ] YzmCMS HTTP主机标头注入漏洞
[ TIME  ] 2022-03-18 18:14:42
[ CVE   ] CNVD-2022-21177 (CVE-2019-16532)
[ SRC   ] 国家信息安全漏洞共享平台（CNVD）
[ URL   ] https://www.cnvd.org.cn/flaw/show/CNVD-2022-21177
2022-03-21 18:14:43 [INFO] : ++++++++++++++++++++++++++++++++++++++++++++
2022-03-21 18:14:43 [INFO] : 正在获取 [国家信息安全漏洞库（CNNVD）] 威胁情报...
2022-03-21 18:14:58 [INFO] : 得到 [国家信息安全漏洞库（CNNVD）] 最新威胁情报 [0] 条
2022-03-21 18:14:58 [INFO] : --------------------------------------------
2022-03-21 18:14:58 [INFO] : ++++++++++++++++++++++++++++++++++++++++++++
2022-03-21 18:14:58 [INFO] : 正在获取 [360 网络安全响应中心] 威胁情报...
2022-03-21 18:14:58 [INFO] : 得到 [360 网络安全响应中心] 最新威胁情报 [0] 条
2022-03-21 18:14:58 [INFO] : --------------------------------------------
2022-03-21 18:14:58 [INFO] : ++++++++++++++++++++++++++++++++++++++++++++
2022-03-21 18:14:58 [INFO] : 正在获取 [美国国家漏洞数据库（NVD）] 威胁情报...
2022-03-21 18:15:00 [INFO] : 得到 [美国国家漏洞数据库（NVD）] 最新威胁情报 [0] 条
2022-03-21 18:15:00 [INFO] : --------------------------------------------
2022-03-21 18:15:00 [INFO] : ++++++++++++++++++++++++++++++++++++++++++++
2022-03-21 18:15:00 [INFO] : 正在获取 [信息安全漏洞门户] 威胁情报...
2022-03-21 18:15:01 [INFO] : 得到 [信息安全漏洞门户] 最新威胁情报 [0] 条
2022-03-21 18:15:01 [INFO] : --------------------------------------------
2022-03-21 18:15:01 [INFO] : ++++++++++++++++++++++++++++++++++++++++++++
2022-03-21 18:15:01 [INFO] : 正在获取 [绿盟] 威胁情报...
2022-03-21 18:15:01 [INFO] : 得到 [绿盟] 最新威胁情报 [0] 条
2022-03-21 18:15:01 [INFO] : --------------------------------------------
2022-03-21 18:15:01 [INFO] : ++++++++++++++++++++++++++++++++++++++++++++
2022-03-21 18:15:01 [INFO] : 正在获取 [奇安信] 威胁情报...
2022-03-21 18:15:02 [INFO] : 得到 [奇安信] 最新威胁情报 [0] 条
2022-03-21 18:15:02 [INFO] : --------------------------------------------
2022-03-21 18:15:02 [INFO] : ++++++++++++++++++++++++++++++++++++++++++++
2022-03-21 18:15:02 [INFO] : 正在获取 [红后] 威胁情报...
2022-03-21 18:15:02 [INFO] : 得到 [红后] 最新威胁情报 [0] 条
2022-03-21 18:15:02 [INFO] : --------------------------------------------
2022-03-21 18:15:02 [INFO] : ++++++++++++++++++++++++++++++++++++++++++++
2022-03-21 18:15:02 [INFO] : 正在获取 [斗象] 威胁情报...
2022-03-21 18:15:05 [INFO] : 得到 [斗象] 最新威胁情报 [0] 条
2022-03-21 18:15:05 [INFO] : --------------------------------------------
2022-03-21 18:15:05 [INFO] : ++++++++++++++++++++++++++++++++++++++++++++
2022-03-21 18:15:05 [INFO] : 正在获取 [Tenable (Nessus)] 威胁情报...
2022-03-21 18:15:05 [INFO] : 得到 [Tenable (Nessus)] 最新威胁情报 [0] 条
2022-03-21 18:15:05 [INFO] : --------------------------------------------
2022-03-21 18:15:05 [INFO] : [邮件] 正在推送威胁情报...
2022-03-21 18:15:06 [INFO] : [邮件] 收件人清单： ['207176126@qq.com']
2022-03-21 18:15:06 [INFO] : [邮件] 推送威胁情报成功
2022-03-21 18:15:06 [INFO] : 正在提交变更...
2022-03-21 18:15:11 [INFO] : 提交变更成功
2022-03-21 18:50:37 [INFO] : ++++++++++++++++++++++++++++++++++++++++++++
2022-03-21 18:50:37 [INFO] : 正在获取 [数字观星POC++] 威胁情报...
2022-03-21 18:50:37 [INFO] : 得到 [数字观星POC++] 最新威胁情报 [0] 条
2022-03-21 18:50:37 [INFO] : --------------------------------------------
2022-03-21 18:50:37 [INFO] : ++++++++++++++++++++++++++++++++++++++++++++
2022-03-21 18:50:37 [INFO] : 正在获取 [阿里云] 威胁情报...
2022-03-21 18:50:38 [INFO] : 得到 [阿里云] 最新威胁情报 [0] 条
2022-03-21 18:50:38 [INFO] : --------------------------------------------
2022-03-21 18:50:38 [INFO] : ++++++++++++++++++++++++++++++++++++++++++++
2022-03-21 18:50:38 [INFO] : 正在获取 [国家信息安全漏洞共享平台（CNVD）] 威胁情报...
2022-03-21 18:51:02 [INFO] : 得到 [国家信息安全漏洞共享平台（CNVD）] 最新威胁情报 [8] 条
2022-03-21 18:51:02 [INFO] : --------------------------------------------
2022-03-21 18:51:02 [INFO] : 
==============================================
[ TITLE ] Checkmk跨站脚本漏洞
[ TIME  ] 2022-03-21 18:50:42
[ CVE   ] CNVD-2022-21231 (CVE-2022-24564)
[ SRC   ] 国家信息安全漏洞共享平台（CNVD）
[ URL   ] https://www.cnvd.org.cn/flaw/show/CNVD-2022-21231
2022-03-21 18:51:02 [INFO] : 
==============================================
[ TITLE ] Xerte路径遍历漏洞
[ TIME  ] 2022-03-21 18:50:44
[ CVE   ] CNVD-2022-21224 (CVE-2021-44665)
[ SRC   ] 国家信息安全漏洞共享平台（CNVD）
[ URL   ] https://www.cnvd.org.cn/flaw/show/CNVD-2022-21224
2022-03-21 18:51:02 [INFO] : 
==============================================
[ TITLE ] Xerte代码问题漏洞
[ TIME  ] 2022-03-21 18:50:46
[ CVE   ] CNVD-2022-21223 (CVE-2021-44664)
[ SRC   ] 国家信息安全漏洞共享平台（CNVD）
[ URL   ] https://www.cnvd.org.cn/flaw/show/CNVD-2022-21223
2022-03-21 18:51:02 [INFO] : 
==============================================
[ TITLE ] sqlpad存在未明漏洞
[ TIME  ] 2022-03-21 18:50:48
[ CVE   ] CNVD-2022-21219 (CVE-2022-0944)
[ SRC   ] 国家信息安全漏洞共享平台（CNVD）
[ URL   ] https://www.cnvd.org.cn/flaw/show/CNVD-2022-21219
2022-03-21 18:51:02 [INFO] : 
==============================================
[ TITLE ] Apache Any23代码问题漏洞
[ TIME  ] 2022-03-21 18:50:53
[ CVE   ] CNVD-2022-21221 (CVE-2022-25312)
[ SRC   ] 国家信息安全漏洞共享平台（CNVD）
[ URL   ] https://www.cnvd.org.cn/flaw/show/CNVD-2022-21221
2022-03-21 18:51:02 [INFO] : 
==============================================
[ TITLE ] Alluxio存在未明漏洞
[ TIME  ] 2022-03-21 18:50:57
[ CVE   ] CNVD-2022-21232 (CVE-2022-23848)
[ SRC   ] 国家信息安全漏洞共享平台（CNVD）
[ URL   ] https://www.cnvd.org.cn/flaw/show/CNVD-2022-21232
2022-03-21 18:51:02 [INFO] : 
==============================================
[ TITLE ] Tp-link Archer C2操作系统命令注入漏洞
[ TIME  ] 2022-03-21 18:50:59
[ CVE   ] CNVD-2022-21220 (CVE-2021-44827)
[ SRC   ] 国家信息安全漏洞共享平台（CNVD）
[ URL   ] https://www.cnvd.org.cn/flaw/show/CNVD-2022-21220
2022-03-21 18:51:02 [INFO] : 
==============================================
[ TITLE ] Plesk CMS访问控制错误漏洞
[ TIME  ] 2022-03-21 18:51:01
[ CVE   ] CNVD-2022-21230 (CVE-2021-45008)
[ SRC   ] 国家信息安全漏洞共享平台（CNVD）
[ URL   ] https://www.cnvd.org.cn/flaw/show/CNVD-2022-21230
2022-03-21 18:51:02 [INFO] : ++++++++++++++++++++++++++++++++++++++++++++
2022-03-21 18:51:02 [INFO] : 正在获取 [国家信息安全漏洞库（CNNVD）] 威胁情报...
2022-03-21 18:51:20 [INFO] : 得到 [国家信息安全漏洞库（CNNVD）] 最新威胁情报 [0] 条
2022-03-21 18:51:20 [INFO] : --------------------------------------------
2022-03-21 18:51:20 [INFO] : ++++++++++++++++++++++++++++++++++++++++++++
2022-03-21 18:51:20 [INFO] : 正在获取 [360 网络安全响应中心] 威胁情报...
2022-03-21 18:51:20 [INFO] : 得到 [360 网络安全响应中心] 最新威胁情报 [0] 条
2022-03-21 18:51:20 [INFO] : --------------------------------------------
2022-03-21 18:51:20 [INFO] : ++++++++++++++++++++++++++++++++++++++++++++
2022-03-21 18:51:20 [INFO] : 正在获取 [美国国家漏洞数据库（NVD）] 威胁情报...
2022-03-21 18:51:23 [INFO] : 得到 [美国国家漏洞数据库（NVD）] 最新威胁情报 [0] 条
2022-03-21 18:51:23 [INFO] : --------------------------------------------
2022-03-21 18:51:23 [INFO] : ++++++++++++++++++++++++++++++++++++++++++++
2022-03-21 18:51:23 [INFO] : 正在获取 [信息安全漏洞门户] 威胁情报...
2022-03-21 18:52:25 [ERROR] : 获取 [信息安全漏洞门户] 威胁情报异常
Traceback (most recent call last):
  File "/usr/local/python3/lib/python3.8/site-packages/urllib3/connection.py", line 159, in _new_conn
    conn = connection.create_connection(
  File "/usr/local/python3/lib/python3.8/site-packages/urllib3/util/connection.py", line 84, in create_connection
    raise err
  File "/usr/local/python3/lib/python3.8/site-packages/urllib3/util/connection.py", line 74, in create_connection
    sock.connect(sa)
socket.timeout: timed out

During handling of the above exception, another exception occurred:

Traceback (most recent call last):
  File "/usr/local/python3/lib/python3.8/site-packages/urllib3/connectionpool.py", line 670, in urlopen
    httplib_response = self._make_request(
  File "/usr/local/python3/lib/python3.8/site-packages/urllib3/connectionpool.py", line 392, in _make_request
    conn.request(method, url, **httplib_request_kw)
  File "/usr/local/python3/lib/python3.8/http/client.py", line 1230, in request
    self._send_request(method, url, body, headers, encode_chunked)
  File "/usr/local/python3/lib/python3.8/http/client.py", line 1276, in _send_request
    self.endheaders(body, encode_chunked=encode_chunked)
  File "/usr/local/python3/lib/python3.8/http/client.py", line 1225, in endheaders
    self._send_output(message_body, encode_chunked=encode_chunked)
  File "/usr/local/python3/lib/python3.8/http/client.py", line 1004, in _send_output
    self.send(msg)
  File "/usr/local/python3/lib/python3.8/http/client.py", line 944, in send
    self.connect()
  File "/usr/local/python3/lib/python3.8/site-packages/urllib3/connection.py", line 187, in connect
    conn = self._new_conn()
  File "/usr/local/python3/lib/python3.8/site-packages/urllib3/connection.py", line 164, in _new_conn
    raise ConnectTimeoutError(
urllib3.exceptions.ConnectTimeoutError: (<urllib3.connection.HTTPConnection object at 0x7fe9c1d7abe0>, 'Connection to cve.scap.org.cn timed out. (connect timeout=60)')

During handling of the above exception, another exception occurred:

Traceback (most recent call last):
  File "/usr/local/python3/lib/python3.8/site-packages/requests/adapters.py", line 439, in send
    resp = conn.urlopen(
  File "/usr/local/python3/lib/python3.8/site-packages/urllib3/connectionpool.py", line 726, in urlopen
    retries = retries.increment(
  File "/usr/local/python3/lib/python3.8/site-packages/urllib3/util/retry.py", line 446, in increment
    raise MaxRetryError(_pool, url, error or ResponseError(cause))
urllib3.exceptions.MaxRetryError: HTTPConnectionPool(host='cve.scap.org.cn', port=80): Max retries exceeded with url: /vulns?view=global (Caused by ConnectTimeoutError(<urllib3.connection.HTTPConnection object at 0x7fe9c1d7abe0>, 'Connection to cve.scap.org.cn timed out. (connect timeout=60)'))

During handling of the above exception, another exception occurred:

Traceback (most recent call last):
  File "/root/project/threat-broadcast-1/src/crawler/_base_crawler.py", line 62, in cves
    new_cves = self.get_cves()
  File "/root/project/threat-broadcast-1/src/crawler/vulhub.py", line 43, in get_cves
    response = requests.get(
  File "/usr/local/python3/lib/python3.8/site-packages/requests/api.py", line 75, in get
    return request('get', url, params=params, **kwargs)
  File "/usr/local/python3/lib/python3.8/site-packages/requests/api.py", line 60, in request
    return session.request(method=method, url=url, **kwargs)
  File "/usr/local/python3/lib/python3.8/site-packages/requests/sessions.py", line 533, in request
    resp = self.send(prep, **send_kwargs)
  File "/usr/local/python3/lib/python3.8/site-packages/requests/sessions.py", line 646, in send
    r = adapter.send(request, **kwargs)
  File "/usr/local/python3/lib/python3.8/site-packages/requests/adapters.py", line 504, in send
    raise ConnectTimeout(e, request=request)
requests.exceptions.ConnectTimeout: HTTPConnectionPool(host='cve.scap.org.cn', port=80): Max retries exceeded with url: /vulns?view=global (Caused by ConnectTimeoutError(<urllib3.connection.HTTPConnection object at 0x7fe9c1d7abe0>, 'Connection to cve.scap.org.cn timed out. (connect timeout=60)'))
2022-03-21 18:52:25 [ERROR] : Traceback (most recent call last):
  File "/usr/local/python3/lib/python3.8/site-packages/urllib3/connection.py", line 159, in _new_conn
    conn = connection.create_connection(
  File "/usr/local/python3/lib/python3.8/site-packages/urllib3/util/connection.py", line 84, in create_connection
    raise err
  File "/usr/local/python3/lib/python3.8/site-packages/urllib3/util/connection.py", line 74, in create_connection
    sock.connect(sa)
socket.timeout: timed out

During handling of the above exception, another exception occurred:

Traceback (most recent call last):
  File "/usr/local/python3/lib/python3.8/site-packages/urllib3/connectionpool.py", line 670, in urlopen
    httplib_response = self._make_request(
  File "/usr/local/python3/lib/python3.8/site-packages/urllib3/connectionpool.py", line 392, in _make_request
    conn.request(method, url, **httplib_request_kw)
  File "/usr/local/python3/lib/python3.8/http/client.py", line 1230, in request
    self._send_request(method, url, body, headers, encode_chunked)
  File "/usr/local/python3/lib/python3.8/http/client.py", line 1276, in _send_request
    self.endheaders(body, encode_chunked=encode_chunked)
  File "/usr/local/python3/lib/python3.8/http/client.py", line 1225, in endheaders
    self._send_output(message_body, encode_chunked=encode_chunked)
  File "/usr/local/python3/lib/python3.8/http/client.py", line 1004, in _send_output
    self.send(msg)
  File "/usr/local/python3/lib/python3.8/http/client.py", line 944, in send
    self.connect()
  File "/usr/local/python3/lib/python3.8/site-packages/urllib3/connection.py", line 187, in connect
    conn = self._new_conn()
  File "/usr/local/python3/lib/python3.8/site-packages/urllib3/connection.py", line 164, in _new_conn
    raise ConnectTimeoutError(
urllib3.exceptions.ConnectTimeoutError: (<urllib3.connection.HTTPConnection object at 0x7fe9c1d7abe0>, 'Connection to cve.scap.org.cn timed out. (connect timeout=60)')

During handling of the above exception, another exception occurred:

Traceback (most recent call last):
  File "/usr/local/python3/lib/python3.8/site-packages/requests/adapters.py", line 439, in send
    resp = conn.urlopen(
  File "/usr/local/python3/lib/python3.8/site-packages/urllib3/connectionpool.py", line 726, in urlopen
    retries = retries.increment(
  File "/usr/local/python3/lib/python3.8/site-packages/urllib3/util/retry.py", line 446, in increment
    raise MaxRetryError(_pool, url, error or ResponseError(cause))
urllib3.exceptions.MaxRetryError: HTTPConnectionPool(host='cve.scap.org.cn', port=80): Max retries exceeded with url: /vulns?view=global (Caused by ConnectTimeoutError(<urllib3.connection.HTTPConnection object at 0x7fe9c1d7abe0>, 'Connection to cve.scap.org.cn timed out. (connect timeout=60)'))

During handling of the above exception, another exception occurred:

Traceback (most recent call last):
  File "/root/project/threat-broadcast-1/src/crawler/_base_crawler.py", line 62, in cves
    new_cves = self.get_cves()
  File "/root/project/threat-broadcast-1/src/crawler/vulhub.py", line 43, in get_cves
    response = requests.get(
  File "/usr/local/python3/lib/python3.8/site-packages/requests/api.py", line 75, in get
    return request('get', url, params=params, **kwargs)
  File "/usr/local/python3/lib/python3.8/site-packages/requests/api.py", line 60, in request
    return session.request(method=method, url=url, **kwargs)
  File "/usr/local/python3/lib/python3.8/site-packages/requests/sessions.py", line 533, in request
    resp = self.send(prep, **send_kwargs)
  File "/usr/local/python3/lib/python3.8/site-packages/requests/sessions.py", line 646, in send
    r = adapter.send(request, **kwargs)
  File "/usr/local/python3/lib/python3.8/site-packages/requests/adapters.py", line 504, in send
    raise ConnectTimeout(e, request=request)
requests.exceptions.ConnectTimeout: HTTPConnectionPool(host='cve.scap.org.cn', port=80): Max retries exceeded with url: /vulns?view=global (Caused by ConnectTimeoutError(<urllib3.connection.HTTPConnection object at 0x7fe9c1d7abe0>, 'Connection to cve.scap.org.cn timed out. (connect timeout=60)'))
Traceback (most recent call last):
  File "/usr/local/python3/lib/python3.8/site-packages/urllib3/connection.py", line 159, in _new_conn
    conn = connection.create_connection(
  File "/usr/local/python3/lib/python3.8/site-packages/urllib3/util/connection.py", line 84, in create_connection
    raise err
  File "/usr/local/python3/lib/python3.8/site-packages/urllib3/util/connection.py", line 74, in create_connection
    sock.connect(sa)
socket.timeout: timed out

During handling of the above exception, another exception occurred:

Traceback (most recent call last):
  File "/usr/local/python3/lib/python3.8/site-packages/urllib3/connectionpool.py", line 670, in urlopen
    httplib_response = self._make_request(
  File "/usr/local/python3/lib/python3.8/site-packages/urllib3/connectionpool.py", line 392, in _make_request
    conn.request(method, url, **httplib_request_kw)
  File "/usr/local/python3/lib/python3.8/http/client.py", line 1230, in request
    self._send_request(method, url, body, headers, encode_chunked)
  File "/usr/local/python3/lib/python3.8/http/client.py", line 1276, in _send_request
    self.endheaders(body, encode_chunked=encode_chunked)
  File "/usr/local/python3/lib/python3.8/http/client.py", line 1225, in endheaders
    self._send_output(message_body, encode_chunked=encode_chunked)
  File "/usr/local/python3/lib/python3.8/http/client.py", line 1004, in _send_output
    self.send(msg)
  File "/usr/local/python3/lib/python3.8/http/client.py", line 944, in send
    self.connect()
  File "/usr/local/python3/lib/python3.8/site-packages/urllib3/connection.py", line 187, in connect
    conn = self._new_conn()
  File "/usr/local/python3/lib/python3.8/site-packages/urllib3/connection.py", line 164, in _new_conn
    raise ConnectTimeoutError(
urllib3.exceptions.ConnectTimeoutError: (<urllib3.connection.HTTPConnection object at 0x7fe9c1d7abe0>, 'Connection to cve.scap.org.cn timed out. (connect timeout=60)')

During handling of the above exception, another exception occurred:

Traceback (most recent call last):
  File "/usr/local/python3/lib/python3.8/site-packages/requests/adapters.py", line 439, in send
    resp = conn.urlopen(
  File "/usr/local/python3/lib/python3.8/site-packages/urllib3/connectionpool.py", line 726, in urlopen
    retries = retries.increment(
  File "/usr/local/python3/lib/python3.8/site-packages/urllib3/util/retry.py", line 446, in increment
    raise MaxRetryError(_pool, url, error or ResponseError(cause))
urllib3.exceptions.MaxRetryError: HTTPConnectionPool(host='cve.scap.org.cn', port=80): Max retries exceeded with url: /vulns?view=global (Caused by ConnectTimeoutError(<urllib3.connection.HTTPConnection object at 0x7fe9c1d7abe0>, 'Connection to cve.scap.org.cn timed out. (connect timeout=60)'))

During handling of the above exception, another exception occurred:

Traceback (most recent call last):
  File "/root/project/threat-broadcast-1/src/crawler/_base_crawler.py", line 62, in cves
    new_cves = self.get_cves()
  File "/root/project/threat-broadcast-1/src/crawler/vulhub.py", line 43, in get_cves
    response = requests.get(
  File "/usr/local/python3/lib/python3.8/site-packages/requests/api.py", line 75, in get
    return request('get', url, params=params, **kwargs)
  File "/usr/local/python3/lib/python3.8/site-packages/requests/api.py", line 60, in request
    return session.request(method=method, url=url, **kwargs)
  File "/usr/local/python3/lib/python3.8/site-packages/requests/sessions.py", line 533, in request
    resp = self.send(prep, **send_kwargs)
  File "/usr/local/python3/lib/python3.8/site-packages/requests/sessions.py", line 646, in send
    r = adapter.send(request, **kwargs)
  File "/usr/local/python3/lib/python3.8/site-packages/requests/adapters.py", line 504, in send
    raise ConnectTimeout(e, request=request)
requests.exceptions.ConnectTimeout: HTTPConnectionPool(host='cve.scap.org.cn', port=80): Max retries exceeded with url: /vulns?view=global (Caused by ConnectTimeoutError(<urllib3.connection.HTTPConnection object at 0x7fe9c1d7abe0>, 'Connection to cve.scap.org.cn timed out. (connect timeout=60)'))
2022-03-21 18:52:25 [INFO] : 得到 [信息安全漏洞门户] 最新威胁情报 [0] 条
2022-03-21 18:52:25 [INFO] : --------------------------------------------
2022-03-21 18:52:25 [INFO] : ++++++++++++++++++++++++++++++++++++++++++++
2022-03-21 18:52:25 [INFO] : 正在获取 [绿盟] 威胁情报...
2022-03-21 18:52:25 [INFO] : 得到 [绿盟] 最新威胁情报 [0] 条
2022-03-21 18:52:25 [INFO] : --------------------------------------------
2022-03-21 18:52:25 [INFO] : ++++++++++++++++++++++++++++++++++++++++++++
2022-03-21 18:52:25 [INFO] : 正在获取 [奇安信] 威胁情报...
2022-03-21 18:52:25 [INFO] : 得到 [奇安信] 最新威胁情报 [0] 条
2022-03-21 18:52:25 [INFO] : --------------------------------------------
2022-03-21 18:52:25 [INFO] : ++++++++++++++++++++++++++++++++++++++++++++
2022-03-21 18:52:25 [INFO] : 正在获取 [红后] 威胁情报...
2022-03-21 18:52:27 [INFO] : 得到 [红后] 最新威胁情报 [0] 条
2022-03-21 18:52:27 [INFO] : --------------------------------------------
2022-03-21 18:52:27 [INFO] : ++++++++++++++++++++++++++++++++++++++++++++
2022-03-21 18:52:27 [INFO] : 正在获取 [斗象] 威胁情报...
2022-03-21 18:52:30 [INFO] : 得到 [斗象] 最新威胁情报 [0] 条
2022-03-21 18:52:30 [INFO] : --------------------------------------------
2022-03-21 18:52:30 [INFO] : ++++++++++++++++++++++++++++++++++++++++++++
2022-03-21 18:52:30 [INFO] : 正在获取 [Tenable (Nessus)] 威胁情报...
2022-03-21 18:52:30 [INFO] : 得到 [Tenable (Nessus)] 最新威胁情报 [0] 条
2022-03-21 18:52:30 [INFO] : --------------------------------------------
2022-03-21 18:52:30 [INFO] : [邮件] 正在推送威胁情报...
2022-03-21 18:52:30 [INFO] : [邮件] 收件人清单： ['207176126@qq.com']
2022-03-21 18:52:31 [INFO] : [邮件] 推送威胁情报成功
2022-03-21 18:52:31 [INFO] : 正在提交变更...
2022-03-21 18:52:36 [INFO] : 提交变更成功
2022-03-21 19:40:26 [INFO] : ++++++++++++++++++++++++++++++++++++++++++++
2022-03-21 19:40:26 [INFO] : 正在获取 [数字观星POC++] 威胁情报...
2022-03-21 19:40:26 [INFO] : 得到 [数字观星POC++] 最新威胁情报 [0] 条
2022-03-21 19:40:26 [INFO] : --------------------------------------------
2022-03-21 19:40:26 [INFO] : ++++++++++++++++++++++++++++++++++++++++++++
2022-03-21 19:40:26 [INFO] : 正在获取 [阿里云] 威胁情报...
2022-03-21 19:40:27 [INFO] : 得到 [阿里云] 最新威胁情报 [0] 条
2022-03-21 19:40:27 [INFO] : --------------------------------------------
2022-03-21 19:40:27 [INFO] : ++++++++++++++++++++++++++++++++++++++++++++
2022-03-21 19:40:27 [INFO] : 正在获取 [国家信息安全漏洞共享平台（CNVD）] 威胁情报...
2022-03-21 19:40:51 [INFO] : 得到 [国家信息安全漏洞共享平台（CNVD）] 最新威胁情报 [1] 条
2022-03-21 19:40:51 [INFO] : --------------------------------------------
2022-03-21 19:40:51 [INFO] : 
==============================================
[ TITLE ] 达梦企业管理器（DEM）存在SQL注入漏洞
[ TIME  ] 2022-03-21 19:40:31
[ CVE   ] CNVD-2022-18407
[ SRC   ] 国家信息安全漏洞共享平台（CNVD）
[ URL   ] https://www.cnvd.org.cn/flaw/show/CNVD-2022-18407
2022-03-21 19:40:51 [INFO] : ++++++++++++++++++++++++++++++++++++++++++++
2022-03-21 19:40:51 [INFO] : 正在获取 [国家信息安全漏洞库（CNNVD）] 威胁情报...
2022-03-21 19:41:06 [INFO] : 得到 [国家信息安全漏洞库（CNNVD）] 最新威胁情报 [0] 条
2022-03-21 19:41:06 [INFO] : --------------------------------------------
2022-03-21 19:41:06 [INFO] : ++++++++++++++++++++++++++++++++++++++++++++
2022-03-21 19:41:06 [INFO] : 正在获取 [360 网络安全响应中心] 威胁情报...
2022-03-21 19:41:06 [INFO] : 得到 [360 网络安全响应中心] 最新威胁情报 [0] 条
2022-03-21 19:41:06 [INFO] : --------------------------------------------
2022-03-21 19:41:06 [INFO] : ++++++++++++++++++++++++++++++++++++++++++++
2022-03-21 19:41:06 [INFO] : 正在获取 [美国国家漏洞数据库（NVD）] 威胁情报...
2022-03-21 19:41:08 [INFO] : 得到 [美国国家漏洞数据库（NVD）] 最新威胁情报 [0] 条
2022-03-21 19:41:08 [INFO] : --------------------------------------------
2022-03-21 19:41:08 [INFO] : ++++++++++++++++++++++++++++++++++++++++++++
2022-03-21 19:41:08 [INFO] : 正在获取 [信息安全漏洞门户] 威胁情报...
2022-03-21 19:42:09 [ERROR] : 获取 [信息安全漏洞门户] 威胁情报异常
Traceback (most recent call last):
  File "/usr/local/python3/lib/python3.8/site-packages/urllib3/connection.py", line 159, in _new_conn
    conn = connection.create_connection(
  File "/usr/local/python3/lib/python3.8/site-packages/urllib3/util/connection.py", line 84, in create_connection
    raise err
  File "/usr/local/python3/lib/python3.8/site-packages/urllib3/util/connection.py", line 74, in create_connection
    sock.connect(sa)
socket.timeout: timed out

During handling of the above exception, another exception occurred:

Traceback (most recent call last):
  File "/usr/local/python3/lib/python3.8/site-packages/urllib3/connectionpool.py", line 670, in urlopen
    httplib_response = self._make_request(
  File "/usr/local/python3/lib/python3.8/site-packages/urllib3/connectionpool.py", line 392, in _make_request
    conn.request(method, url, **httplib_request_kw)
  File "/usr/local/python3/lib/python3.8/http/client.py", line 1230, in request
    self._send_request(method, url, body, headers, encode_chunked)
  File "/usr/local/python3/lib/python3.8/http/client.py", line 1276, in _send_request
    self.endheaders(body, encode_chunked=encode_chunked)
  File "/usr/local/python3/lib/python3.8/http/client.py", line 1225, in endheaders
    self._send_output(message_body, encode_chunked=encode_chunked)
  File "/usr/local/python3/lib/python3.8/http/client.py", line 1004, in _send_output
    self.send(msg)
  File "/usr/local/python3/lib/python3.8/http/client.py", line 944, in send
    self.connect()
  File "/usr/local/python3/lib/python3.8/site-packages/urllib3/connection.py", line 187, in connect
    conn = self._new_conn()
  File "/usr/local/python3/lib/python3.8/site-packages/urllib3/connection.py", line 164, in _new_conn
    raise ConnectTimeoutError(
urllib3.exceptions.ConnectTimeoutError: (<urllib3.connection.HTTPConnection object at 0x7fea76342a00>, 'Connection to cve.scap.org.cn timed out. (connect timeout=60)')

During handling of the above exception, another exception occurred:

Traceback (most recent call last):
  File "/usr/local/python3/lib/python3.8/site-packages/requests/adapters.py", line 439, in send
    resp = conn.urlopen(
  File "/usr/local/python3/lib/python3.8/site-packages/urllib3/connectionpool.py", line 726, in urlopen
    retries = retries.increment(
  File "/usr/local/python3/lib/python3.8/site-packages/urllib3/util/retry.py", line 446, in increment
    raise MaxRetryError(_pool, url, error or ResponseError(cause))
urllib3.exceptions.MaxRetryError: HTTPConnectionPool(host='cve.scap.org.cn', port=80): Max retries exceeded with url: /vulns?view=global (Caused by ConnectTimeoutError(<urllib3.connection.HTTPConnection object at 0x7fea76342a00>, 'Connection to cve.scap.org.cn timed out. (connect timeout=60)'))

During handling of the above exception, another exception occurred:

Traceback (most recent call last):
  File "/root/project/threat-broadcast-1/src/crawler/_base_crawler.py", line 62, in cves
    new_cves = self.get_cves()
  File "/root/project/threat-broadcast-1/src/crawler/vulhub.py", line 43, in get_cves
    response = requests.get(
  File "/usr/local/python3/lib/python3.8/site-packages/requests/api.py", line 75, in get
    return request('get', url, params=params, **kwargs)
  File "/usr/local/python3/lib/python3.8/site-packages/requests/api.py", line 60, in request
    return session.request(method=method, url=url, **kwargs)
  File "/usr/local/python3/lib/python3.8/site-packages/requests/sessions.py", line 533, in request
    resp = self.send(prep, **send_kwargs)
  File "/usr/local/python3/lib/python3.8/site-packages/requests/sessions.py", line 646, in send
    r = adapter.send(request, **kwargs)
  File "/usr/local/python3/lib/python3.8/site-packages/requests/adapters.py", line 504, in send
    raise ConnectTimeout(e, request=request)
requests.exceptions.ConnectTimeout: HTTPConnectionPool(host='cve.scap.org.cn', port=80): Max retries exceeded with url: /vulns?view=global (Caused by ConnectTimeoutError(<urllib3.connection.HTTPConnection object at 0x7fea76342a00>, 'Connection to cve.scap.org.cn timed out. (connect timeout=60)'))
2022-03-21 19:42:09 [ERROR] : Traceback (most recent call last):
  File "/usr/local/python3/lib/python3.8/site-packages/urllib3/connection.py", line 159, in _new_conn
    conn = connection.create_connection(
  File "/usr/local/python3/lib/python3.8/site-packages/urllib3/util/connection.py", line 84, in create_connection
    raise err
  File "/usr/local/python3/lib/python3.8/site-packages/urllib3/util/connection.py", line 74, in create_connection
    sock.connect(sa)
socket.timeout: timed out

During handling of the above exception, another exception occurred:

Traceback (most recent call last):
  File "/usr/local/python3/lib/python3.8/site-packages/urllib3/connectionpool.py", line 670, in urlopen
    httplib_response = self._make_request(
  File "/usr/local/python3/lib/python3.8/site-packages/urllib3/connectionpool.py", line 392, in _make_request
    conn.request(method, url, **httplib_request_kw)
  File "/usr/local/python3/lib/python3.8/http/client.py", line 1230, in request
    self._send_request(method, url, body, headers, encode_chunked)
  File "/usr/local/python3/lib/python3.8/http/client.py", line 1276, in _send_request
    self.endheaders(body, encode_chunked=encode_chunked)
  File "/usr/local/python3/lib/python3.8/http/client.py", line 1225, in endheaders
    self._send_output(message_body, encode_chunked=encode_chunked)
  File "/usr/local/python3/lib/python3.8/http/client.py", line 1004, in _send_output
    self.send(msg)
  File "/usr/local/python3/lib/python3.8/http/client.py", line 944, in send
    self.connect()
  File "/usr/local/python3/lib/python3.8/site-packages/urllib3/connection.py", line 187, in connect
    conn = self._new_conn()
  File "/usr/local/python3/lib/python3.8/site-packages/urllib3/connection.py", line 164, in _new_conn
    raise ConnectTimeoutError(
urllib3.exceptions.ConnectTimeoutError: (<urllib3.connection.HTTPConnection object at 0x7fea76342a00>, 'Connection to cve.scap.org.cn timed out. (connect timeout=60)')

During handling of the above exception, another exception occurred:

Traceback (most recent call last):
  File "/usr/local/python3/lib/python3.8/site-packages/requests/adapters.py", line 439, in send
    resp = conn.urlopen(
  File "/usr/local/python3/lib/python3.8/site-packages/urllib3/connectionpool.py", line 726, in urlopen
    retries = retries.increment(
  File "/usr/local/python3/lib/python3.8/site-packages/urllib3/util/retry.py", line 446, in increment
    raise MaxRetryError(_pool, url, error or ResponseError(cause))
urllib3.exceptions.MaxRetryError: HTTPConnectionPool(host='cve.scap.org.cn', port=80): Max retries exceeded with url: /vulns?view=global (Caused by ConnectTimeoutError(<urllib3.connection.HTTPConnection object at 0x7fea76342a00>, 'Connection to cve.scap.org.cn timed out. (connect timeout=60)'))

During handling of the above exception, another exception occurred:

Traceback (most recent call last):
  File "/root/project/threat-broadcast-1/src/crawler/_base_crawler.py", line 62, in cves
    new_cves = self.get_cves()
  File "/root/project/threat-broadcast-1/src/crawler/vulhub.py", line 43, in get_cves
    response = requests.get(
  File "/usr/local/python3/lib/python3.8/site-packages/requests/api.py", line 75, in get
    return request('get', url, params=params, **kwargs)
  File "/usr/local/python3/lib/python3.8/site-packages/requests/api.py", line 60, in request
    return session.request(method=method, url=url, **kwargs)
  File "/usr/local/python3/lib/python3.8/site-packages/requests/sessions.py", line 533, in request
    resp = self.send(prep, **send_kwargs)
  File "/usr/local/python3/lib/python3.8/site-packages/requests/sessions.py", line 646, in send
    r = adapter.send(request, **kwargs)
  File "/usr/local/python3/lib/python3.8/site-packages/requests/adapters.py", line 504, in send
    raise ConnectTimeout(e, request=request)
requests.exceptions.ConnectTimeout: HTTPConnectionPool(host='cve.scap.org.cn', port=80): Max retries exceeded with url: /vulns?view=global (Caused by ConnectTimeoutError(<urllib3.connection.HTTPConnection object at 0x7fea76342a00>, 'Connection to cve.scap.org.cn timed out. (connect timeout=60)'))
Traceback (most recent call last):
  File "/usr/local/python3/lib/python3.8/site-packages/urllib3/connection.py", line 159, in _new_conn
    conn = connection.create_connection(
  File "/usr/local/python3/lib/python3.8/site-packages/urllib3/util/connection.py", line 84, in create_connection
    raise err
  File "/usr/local/python3/lib/python3.8/site-packages/urllib3/util/connection.py", line 74, in create_connection
    sock.connect(sa)
socket.timeout: timed out

During handling of the above exception, another exception occurred:

Traceback (most recent call last):
  File "/usr/local/python3/lib/python3.8/site-packages/urllib3/connectionpool.py", line 670, in urlopen
    httplib_response = self._make_request(
  File "/usr/local/python3/lib/python3.8/site-packages/urllib3/connectionpool.py", line 392, in _make_request
    conn.request(method, url, **httplib_request_kw)
  File "/usr/local/python3/lib/python3.8/http/client.py", line 1230, in request
    self._send_request(method, url, body, headers, encode_chunked)
  File "/usr/local/python3/lib/python3.8/http/client.py", line 1276, in _send_request
    self.endheaders(body, encode_chunked=encode_chunked)
  File "/usr/local/python3/lib/python3.8/http/client.py", line 1225, in endheaders
    self._send_output(message_body, encode_chunked=encode_chunked)
  File "/usr/local/python3/lib/python3.8/http/client.py", line 1004, in _send_output
    self.send(msg)
  File "/usr/local/python3/lib/python3.8/http/client.py", line 944, in send
    self.connect()
  File "/usr/local/python3/lib/python3.8/site-packages/urllib3/connection.py", line 187, in connect
    conn = self._new_conn()
  File "/usr/local/python3/lib/python3.8/site-packages/urllib3/connection.py", line 164, in _new_conn
    raise ConnectTimeoutError(
urllib3.exceptions.ConnectTimeoutError: (<urllib3.connection.HTTPConnection object at 0x7fea76342a00>, 'Connection to cve.scap.org.cn timed out. (connect timeout=60)')

During handling of the above exception, another exception occurred:

Traceback (most recent call last):
  File "/usr/local/python3/lib/python3.8/site-packages/requests/adapters.py", line 439, in send
    resp = conn.urlopen(
  File "/usr/local/python3/lib/python3.8/site-packages/urllib3/connectionpool.py", line 726, in urlopen
    retries = retries.increment(
  File "/usr/local/python3/lib/python3.8/site-packages/urllib3/util/retry.py", line 446, in increment
    raise MaxRetryError(_pool, url, error or ResponseError(cause))
urllib3.exceptions.MaxRetryError: HTTPConnectionPool(host='cve.scap.org.cn', port=80): Max retries exceeded with url: /vulns?view=global (Caused by ConnectTimeoutError(<urllib3.connection.HTTPConnection object at 0x7fea76342a00>, 'Connection to cve.scap.org.cn timed out. (connect timeout=60)'))

During handling of the above exception, another exception occurred:

Traceback (most recent call last):
  File "/root/project/threat-broadcast-1/src/crawler/_base_crawler.py", line 62, in cves
    new_cves = self.get_cves()
  File "/root/project/threat-broadcast-1/src/crawler/vulhub.py", line 43, in get_cves
    response = requests.get(
  File "/usr/local/python3/lib/python3.8/site-packages/requests/api.py", line 75, in get
    return request('get', url, params=params, **kwargs)
  File "/usr/local/python3/lib/python3.8/site-packages/requests/api.py", line 60, in request
    return session.request(method=method, url=url, **kwargs)
  File "/usr/local/python3/lib/python3.8/site-packages/requests/sessions.py", line 533, in request
    resp = self.send(prep, **send_kwargs)
  File "/usr/local/python3/lib/python3.8/site-packages/requests/sessions.py", line 646, in send
    r = adapter.send(request, **kwargs)
  File "/usr/local/python3/lib/python3.8/site-packages/requests/adapters.py", line 504, in send
    raise ConnectTimeout(e, request=request)
requests.exceptions.ConnectTimeout: HTTPConnectionPool(host='cve.scap.org.cn', port=80): Max retries exceeded with url: /vulns?view=global (Caused by ConnectTimeoutError(<urllib3.connection.HTTPConnection object at 0x7fea76342a00>, 'Connection to cve.scap.org.cn timed out. (connect timeout=60)'))
2022-03-21 19:42:09 [INFO] : 得到 [信息安全漏洞门户] 最新威胁情报 [0] 条
2022-03-21 19:42:09 [INFO] : --------------------------------------------
2022-03-21 19:42:09 [INFO] : ++++++++++++++++++++++++++++++++++++++++++++
2022-03-21 19:42:09 [INFO] : 正在获取 [绿盟] 威胁情报...
2022-03-21 19:42:09 [INFO] : 得到 [绿盟] 最新威胁情报 [15] 条
2022-03-21 19:42:09 [INFO] : --------------------------------------------
2022-03-21 19:42:09 [INFO] : 
==============================================
[ TITLE ] Oracle MySQL Cluster输入验证错误漏洞
[ TIME  ] 2022-03-21 19:42:09
[ CVE   ] CVE-2022-21322
[ SRC   ] 绿盟
[ URL   ] http://www.nsfocus.net/vulndb/63698
2022-03-21 19:42:09 [INFO] : 
==============================================
[ TITLE ] Oracle MySQL Cluster输入验证错误漏洞
[ TIME  ] 2022-03-21 19:42:09
[ CVE   ] CVE-2022-21320
[ SRC   ] 绿盟
[ URL   ] http://www.nsfocus.net/vulndb/63697
2022-03-21 19:42:09 [INFO] : 
==============================================
[ TITLE ] Oracle MySQL Cluster输入验证错误漏洞
[ TIME  ] 2022-03-21 19:42:09
[ CVE   ] CVE-2022-21318
[ SRC   ] 绿盟
[ URL   ] http://www.nsfocus.net/vulndb/63696
2022-03-21 19:42:09 [INFO] : 
==============================================
[ TITLE ] Oracle MySQL Cluster输入验证错误漏洞
[ TIME  ] 2022-03-21 19:42:09
[ CVE   ] CVE-2022-21327
[ SRC   ] 绿盟
[ URL   ] http://www.nsfocus.net/vulndb/63695
2022-03-21 19:42:09 [INFO] : 
==============================================
[ TITLE ] Oracle MySQL Cluster输入验证错误漏洞
[ TIME  ] 2022-03-21 19:42:09
[ CVE   ] CVE-2022-21328
[ SRC   ] 绿盟
[ URL   ] http://www.nsfocus.net/vulndb/63694
2022-03-21 19:42:09 [INFO] : 
==============================================
[ TITLE ] Oracle MySQL Cluster输入验证错误漏洞
[ TIME  ] 2022-03-21 19:42:09
[ CVE   ] CVE-2022-21330
[ SRC   ] 绿盟
[ URL   ] http://www.nsfocus.net/vulndb/63693
2022-03-21 19:42:09 [INFO] : 
==============================================
[ TITLE ] Oracle MySQL Server拒绝服务漏洞
[ TIME  ] 2022-03-21 19:42:09
[ CVE   ] CVE-2022-21249
[ SRC   ] 绿盟
[ URL   ] http://www.nsfocus.net/vulndb/63692
2022-03-21 19:42:09 [INFO] : 
==============================================
[ TITLE ] Istio权限提升漏洞
[ TIME  ] 2022-03-21 19:42:09
[ CVE   ] CVE-2022-21701
[ SRC   ] 绿盟
[ URL   ] http://www.nsfocus.net/vulndb/63691
2022-03-21 19:42:09 [INFO] : 
==============================================
[ TITLE ] Fresenius Kabi Agilia Link +信息泄露漏洞
[ TIME  ] 2022-03-21 19:42:09
[ CVE   ] CVE-2021-31562
[ SRC   ] 绿盟
[ URL   ] http://www.nsfocus.net/vulndb/63690
2022-03-21 19:42:09 [INFO] : 
==============================================
[ TITLE ] Mitsubishi Electric MC Works64和ICONICS MobileHMI跨站脚本漏洞
[ TIME  ] 2022-03-21 19:42:09
[ CVE   ] CVE-2022-23127
[ SRC   ] 绿盟
[ URL   ] http://www.nsfocus.net/vulndb/63689
2022-03-21 19:42:09 [INFO] : 
==============================================
[ TITLE ] Wordpress Advanced Custom Fields：Extended SQL注入漏洞
[ TIME  ] 2022-03-21 19:42:09
[ CVE   ] CVE-2021-24865
[ SRC   ] 绿盟
[ URL   ] http://www.nsfocus.net/vulndb/63688
2022-03-21 19:42:09 [INFO] : 
==============================================
[ TITLE ] WordPress myCred跨站脚本漏洞
[ TIME  ] 2022-03-21 19:42:09
[ CVE   ] CVE-2021-25015
[ SRC   ] 绿盟
[ URL   ] http://www.nsfocus.net/vulndb/63687
2022-03-21 19:42:09 [INFO] : 
==============================================
[ TITLE ] WordPress Mobile Events Manager跨站脚本漏洞
[ TIME  ] 2022-03-21 19:42:09
[ CVE   ] CVE-2021-25049
[ SRC   ] 绿盟
[ URL   ] http://www.nsfocus.net/vulndb/63686
2022-03-21 19:42:09 [INFO] : 
==============================================
[ TITLE ] Jsish堆缓冲区溢出漏洞
[ TIME  ] 2022-03-21 19:42:09
[ CVE   ] CVE-2021-46477
[ SRC   ] 绿盟
[ URL   ] http://www.nsfocus.net/vulndb/63685
2022-03-21 19:42:09 [INFO] : 
==============================================
[ TITLE ] MediaWiki ShortDescription跨站脚本漏洞
[ TIME  ] 2022-03-21 19:42:09
[ CVE   ] CVE-2022-21710
[ SRC   ] 绿盟
[ URL   ] http://www.nsfocus.net/vulndb/63684
2022-03-21 19:42:09 [INFO] : ++++++++++++++++++++++++++++++++++++++++++++
2022-03-21 19:42:09 [INFO] : 正在获取 [奇安信] 威胁情报...
2022-03-21 19:42:10 [INFO] : 得到 [奇安信] 最新威胁情报 [0] 条
2022-03-21 19:42:10 [INFO] : --------------------------------------------
2022-03-21 19:42:10 [INFO] : ++++++++++++++++++++++++++++++++++++++++++++
2022-03-21 19:42:10 [INFO] : 正在获取 [红后] 威胁情报...
2022-03-21 19:42:10 [INFO] : 得到 [红后] 最新威胁情报 [0] 条
2022-03-21 19:42:10 [INFO] : --------------------------------------------
2022-03-21 19:42:10 [INFO] : ++++++++++++++++++++++++++++++++++++++++++++
2022-03-21 19:42:10 [INFO] : 正在获取 [斗象] 威胁情报...
2022-03-21 19:42:13 [INFO] : 得到 [斗象] 最新威胁情报 [0] 条
2022-03-21 19:42:13 [INFO] : --------------------------------------------
2022-03-21 19:42:13 [INFO] : ++++++++++++++++++++++++++++++++++++++++++++
2022-03-21 19:42:13 [INFO] : 正在获取 [Tenable (Nessus)] 威胁情报...
2022-03-21 19:42:13 [INFO] : 得到 [Tenable (Nessus)] 最新威胁情报 [0] 条
2022-03-21 19:42:13 [INFO] : --------------------------------------------
2022-03-21 19:42:14 [INFO] : [邮件] 正在推送威胁情报...
2022-03-21 19:42:14 [INFO] : [邮件] 收件人清单： ['207176126@qq.com']
2022-03-21 19:42:14 [INFO] : [邮件] 推送威胁情报成功
2022-03-21 19:42:14 [INFO] : 正在提交变更...
