2022-03-30 10:00:47 [INFO] : ++++++++++++++++++++++++++++++++++++++++++++
2022-03-30 10:00:47 [INFO] : 正在获取 [数字观星POC++] 威胁情报...
2022-03-30 10:00:48 [INFO] : 得到 [数字观星POC++] 最新威胁情报 [0] 条
2022-03-30 10:00:48 [INFO] : --------------------------------------------
2022-03-30 10:00:48 [INFO] : ++++++++++++++++++++++++++++++++++++++++++++
2022-03-30 10:00:48 [INFO] : 正在获取 [阿里云] 威胁情报...
2022-03-30 10:00:48 [INFO] : 得到 [阿里云] 最新威胁情报 [0] 条
2022-03-30 10:00:48 [INFO] : --------------------------------------------
2022-03-30 10:00:48 [INFO] : ++++++++++++++++++++++++++++++++++++++++++++
2022-03-30 10:00:48 [INFO] : 正在获取 [国家信息安全漏洞共享平台（CNVD）] 威胁情报...
2022-03-30 10:01:16 [INFO] : 得到 [国家信息安全漏洞共享平台（CNVD）] 最新威胁情报 [10] 条
2022-03-30 10:01:16 [INFO] : --------------------------------------------
2022-03-30 10:01:16 [INFO] : 
==============================================
[ TITLE ] Tenda AC6 openSchedWifi函数堆栈溢出漏洞
[ TIME  ] 2022-03-30 10:00:54
[ CVE   ] CNVD-2022-23521 (CVE-2022-25448)
[ SRC   ] 国家信息安全漏洞共享平台（CNVD）
[ URL   ] https://www.cnvd.org.cn/flaw/show/CNVD-2022-23521
2022-03-30 10:01:16 [INFO] : 
==============================================
[ TITLE ] Tenda AC6 openSchedWifi函数堆栈溢出漏洞
[ TIME  ] 2022-03-30 10:00:56
[ CVE   ] CNVD-2022-23520 (CVE-2022-25447)
[ SRC   ] 国家信息安全漏洞共享平台（CNVD）
[ URL   ] https://www.cnvd.org.cn/flaw/show/CNVD-2022-23520
2022-03-30 10:01:16 [INFO] : 
==============================================
[ TITLE ] Tenda AC6 openSchedWifi函数堆栈溢出漏洞
[ TIME  ] 2022-03-30 10:00:58
[ CVE   ] CNVD-2022-23519 (CVE-2022-25446)
[ SRC   ] 国家信息安全漏洞共享平台（CNVD）
[ URL   ] https://www.cnvd.org.cn/flaw/show/CNVD-2022-23519
2022-03-30 10:01:16 [INFO] : 
==============================================
[ TITLE ] Tenda AC6堆栈溢出漏洞
[ TIME  ] 2022-03-30 10:01:00
[ CVE   ] CNVD-2022-23523 (CVE-2022-25457)
[ SRC   ] 国家信息安全漏洞共享平台（CNVD）
[ URL   ] https://www.cnvd.org.cn/flaw/show/CNVD-2022-23523
2022-03-30 10:01:16 [INFO] : 
==============================================
[ TITLE ] 四创科技有限公司农业水价改革系统存在文件上传漏洞
[ TIME  ] 2022-03-30 10:01:02
[ CVE   ] CNVD-2022-18765
[ SRC   ] 国家信息安全漏洞共享平台（CNVD）
[ URL   ] https://www.cnvd.org.cn/flaw/show/CNVD-2022-18765
2022-03-30 10:01:16 [INFO] : 
==============================================
[ TITLE ] 四创科技有限公司农业水价改革系统存在任意文件删除漏洞
[ TIME  ] 2022-03-30 10:01:04
[ CVE   ] CNVD-2022-18764
[ SRC   ] 国家信息安全漏洞共享平台（CNVD）
[ URL   ] https://www.cnvd.org.cn/flaw/show/CNVD-2022-18764
2022-03-30 10:01:16 [INFO] : 
==============================================
[ TITLE ] Tenda AC6堆栈溢出漏洞
[ TIME  ] 2022-03-30 10:01:07
[ CVE   ] CNVD-2022-23522 (CVE-2022-25458)
[ SRC   ] 国家信息安全漏洞共享平台（CNVD）
[ URL   ] https://www.cnvd.org.cn/flaw/show/CNVD-2022-23522
2022-03-30 10:01:16 [INFO] : 
==============================================
[ TITLE ] Arista VEOS存在二进制漏洞
[ TIME  ] 2022-03-30 10:01:09
[ CVE   ] CNVD-2022-18745
[ SRC   ] 国家信息安全漏洞共享平台（CNVD）
[ URL   ] https://www.cnvd.org.cn/flaw/show/CNVD-2022-18745
2022-03-30 10:01:16 [INFO] : 
==============================================
[ TITLE ] Arista VEOS存在二进制漏洞
[ TIME  ] 2022-03-30 10:01:11
[ CVE   ] CNVD-2022-18744
[ SRC   ] 国家信息安全漏洞共享平台（CNVD）
[ URL   ] https://www.cnvd.org.cn/flaw/show/CNVD-2022-18744
2022-03-30 10:01:16 [INFO] : 
==============================================
[ TITLE ] Arista VEOS存在二进制漏洞
[ TIME  ] 2022-03-30 10:01:15
[ CVE   ] CNVD-2022-18743
[ SRC   ] 国家信息安全漏洞共享平台（CNVD）
[ URL   ] https://www.cnvd.org.cn/flaw/show/CNVD-2022-18743
2022-03-30 10:01:16 [INFO] : ++++++++++++++++++++++++++++++++++++++++++++
2022-03-30 10:01:16 [INFO] : 正在获取 [国家信息安全漏洞库（CNNVD）] 威胁情报...
2022-03-30 10:02:16 [ERROR] : 获取 [国家信息安全漏洞库（CNNVD）] 威胁情报异常
Traceback (most recent call last):
  File "/usr/local/python3/lib/python3.8/site-packages/urllib3/connection.py", line 159, in _new_conn
    conn = connection.create_connection(
  File "/usr/local/python3/lib/python3.8/site-packages/urllib3/util/connection.py", line 84, in create_connection
    raise err
  File "/usr/local/python3/lib/python3.8/site-packages/urllib3/util/connection.py", line 74, in create_connection
    sock.connect(sa)
socket.timeout: timed out

During handling of the above exception, another exception occurred:

Traceback (most recent call last):
  File "/usr/local/python3/lib/python3.8/site-packages/urllib3/connectionpool.py", line 670, in urlopen
    httplib_response = self._make_request(
  File "/usr/local/python3/lib/python3.8/site-packages/urllib3/connectionpool.py", line 392, in _make_request
    conn.request(method, url, **httplib_request_kw)
  File "/usr/local/python3/lib/python3.8/http/client.py", line 1230, in request
    self._send_request(method, url, body, headers, encode_chunked)
  File "/usr/local/python3/lib/python3.8/http/client.py", line 1276, in _send_request
    self.endheaders(body, encode_chunked=encode_chunked)
  File "/usr/local/python3/lib/python3.8/http/client.py", line 1225, in endheaders
    self._send_output(message_body, encode_chunked=encode_chunked)
  File "/usr/local/python3/lib/python3.8/http/client.py", line 1004, in _send_output
    self.send(msg)
  File "/usr/local/python3/lib/python3.8/http/client.py", line 944, in send
    self.connect()
  File "/usr/local/python3/lib/python3.8/site-packages/urllib3/connection.py", line 187, in connect
    conn = self._new_conn()
  File "/usr/local/python3/lib/python3.8/site-packages/urllib3/connection.py", line 164, in _new_conn
    raise ConnectTimeoutError(
urllib3.exceptions.ConnectTimeoutError: (<urllib3.connection.HTTPConnection object at 0x7fc662d0aa00>, 'Connection to www.cnnvd.org.cn timed out. (connect timeout=60)')

During handling of the above exception, another exception occurred:

Traceback (most recent call last):
  File "/usr/local/python3/lib/python3.8/site-packages/requests/adapters.py", line 439, in send
    resp = conn.urlopen(
  File "/usr/local/python3/lib/python3.8/site-packages/urllib3/connectionpool.py", line 726, in urlopen
    retries = retries.increment(
  File "/usr/local/python3/lib/python3.8/site-packages/urllib3/util/retry.py", line 446, in increment
    raise MaxRetryError(_pool, url, error or ResponseError(cause))
urllib3.exceptions.MaxRetryError: HTTPConnectionPool(host='www.cnnvd.org.cn', port=80): Max retries exceeded with url: /web/vulnerability/querylist.tag (Caused by ConnectTimeoutError(<urllib3.connection.HTTPConnection object at 0x7fc662d0aa00>, 'Connection to www.cnnvd.org.cn timed out. (connect timeout=60)'))

During handling of the above exception, another exception occurred:

Traceback (most recent call last):
  File "/root/project/threat-broadcast-1/src/crawler/_base_crawler.py", line 62, in cves
    new_cves = self.get_cves()
  File "/root/project/threat-broadcast-1/src/crawler/cnnvd.py", line 43, in get_cves
    response = requests.get(
  File "/usr/local/python3/lib/python3.8/site-packages/requests/api.py", line 75, in get
    return request('get', url, params=params, **kwargs)
  File "/usr/local/python3/lib/python3.8/site-packages/requests/api.py", line 60, in request
    return session.request(method=method, url=url, **kwargs)
  File "/usr/local/python3/lib/python3.8/site-packages/requests/sessions.py", line 533, in request
    resp = self.send(prep, **send_kwargs)
  File "/usr/local/python3/lib/python3.8/site-packages/requests/sessions.py", line 646, in send
    r = adapter.send(request, **kwargs)
  File "/usr/local/python3/lib/python3.8/site-packages/requests/adapters.py", line 504, in send
    raise ConnectTimeout(e, request=request)
requests.exceptions.ConnectTimeout: HTTPConnectionPool(host='www.cnnvd.org.cn', port=80): Max retries exceeded with url: /web/vulnerability/querylist.tag (Caused by ConnectTimeoutError(<urllib3.connection.HTTPConnection object at 0x7fc662d0aa00>, 'Connection to www.cnnvd.org.cn timed out. (connect timeout=60)'))
2022-03-30 10:02:16 [ERROR] : Traceback (most recent call last):
  File "/usr/local/python3/lib/python3.8/site-packages/urllib3/connection.py", line 159, in _new_conn
    conn = connection.create_connection(
  File "/usr/local/python3/lib/python3.8/site-packages/urllib3/util/connection.py", line 84, in create_connection
    raise err
  File "/usr/local/python3/lib/python3.8/site-packages/urllib3/util/connection.py", line 74, in create_connection
    sock.connect(sa)
socket.timeout: timed out

During handling of the above exception, another exception occurred:

Traceback (most recent call last):
  File "/usr/local/python3/lib/python3.8/site-packages/urllib3/connectionpool.py", line 670, in urlopen
    httplib_response = self._make_request(
  File "/usr/local/python3/lib/python3.8/site-packages/urllib3/connectionpool.py", line 392, in _make_request
    conn.request(method, url, **httplib_request_kw)
  File "/usr/local/python3/lib/python3.8/http/client.py", line 1230, in request
    self._send_request(method, url, body, headers, encode_chunked)
  File "/usr/local/python3/lib/python3.8/http/client.py", line 1276, in _send_request
    self.endheaders(body, encode_chunked=encode_chunked)
  File "/usr/local/python3/lib/python3.8/http/client.py", line 1225, in endheaders
    self._send_output(message_body, encode_chunked=encode_chunked)
  File "/usr/local/python3/lib/python3.8/http/client.py", line 1004, in _send_output
    self.send(msg)
  File "/usr/local/python3/lib/python3.8/http/client.py", line 944, in send
    self.connect()
  File "/usr/local/python3/lib/python3.8/site-packages/urllib3/connection.py", line 187, in connect
    conn = self._new_conn()
  File "/usr/local/python3/lib/python3.8/site-packages/urllib3/connection.py", line 164, in _new_conn
    raise ConnectTimeoutError(
urllib3.exceptions.ConnectTimeoutError: (<urllib3.connection.HTTPConnection object at 0x7fc662d0aa00>, 'Connection to www.cnnvd.org.cn timed out. (connect timeout=60)')

During handling of the above exception, another exception occurred:

Traceback (most recent call last):
  File "/usr/local/python3/lib/python3.8/site-packages/requests/adapters.py", line 439, in send
    resp = conn.urlopen(
  File "/usr/local/python3/lib/python3.8/site-packages/urllib3/connectionpool.py", line 726, in urlopen
    retries = retries.increment(
  File "/usr/local/python3/lib/python3.8/site-packages/urllib3/util/retry.py", line 446, in increment
    raise MaxRetryError(_pool, url, error or ResponseError(cause))
urllib3.exceptions.MaxRetryError: HTTPConnectionPool(host='www.cnnvd.org.cn', port=80): Max retries exceeded with url: /web/vulnerability/querylist.tag (Caused by ConnectTimeoutError(<urllib3.connection.HTTPConnection object at 0x7fc662d0aa00>, 'Connection to www.cnnvd.org.cn timed out. (connect timeout=60)'))

During handling of the above exception, another exception occurred:

Traceback (most recent call last):
  File "/root/project/threat-broadcast-1/src/crawler/_base_crawler.py", line 62, in cves
    new_cves = self.get_cves()
  File "/root/project/threat-broadcast-1/src/crawler/cnnvd.py", line 43, in get_cves
    response = requests.get(
  File "/usr/local/python3/lib/python3.8/site-packages/requests/api.py", line 75, in get
    return request('get', url, params=params, **kwargs)
  File "/usr/local/python3/lib/python3.8/site-packages/requests/api.py", line 60, in request
    return session.request(method=method, url=url, **kwargs)
  File "/usr/local/python3/lib/python3.8/site-packages/requests/sessions.py", line 533, in request
    resp = self.send(prep, **send_kwargs)
  File "/usr/local/python3/lib/python3.8/site-packages/requests/sessions.py", line 646, in send
    r = adapter.send(request, **kwargs)
  File "/usr/local/python3/lib/python3.8/site-packages/requests/adapters.py", line 504, in send
    raise ConnectTimeout(e, request=request)
requests.exceptions.ConnectTimeout: HTTPConnectionPool(host='www.cnnvd.org.cn', port=80): Max retries exceeded with url: /web/vulnerability/querylist.tag (Caused by ConnectTimeoutError(<urllib3.connection.HTTPConnection object at 0x7fc662d0aa00>, 'Connection to www.cnnvd.org.cn timed out. (connect timeout=60)'))
Traceback (most recent call last):
  File "/usr/local/python3/lib/python3.8/site-packages/urllib3/connection.py", line 159, in _new_conn
    conn = connection.create_connection(
  File "/usr/local/python3/lib/python3.8/site-packages/urllib3/util/connection.py", line 84, in create_connection
    raise err
  File "/usr/local/python3/lib/python3.8/site-packages/urllib3/util/connection.py", line 74, in create_connection
    sock.connect(sa)
socket.timeout: timed out

During handling of the above exception, another exception occurred:

Traceback (most recent call last):
  File "/usr/local/python3/lib/python3.8/site-packages/urllib3/connectionpool.py", line 670, in urlopen
    httplib_response = self._make_request(
  File "/usr/local/python3/lib/python3.8/site-packages/urllib3/connectionpool.py", line 392, in _make_request
    conn.request(method, url, **httplib_request_kw)
  File "/usr/local/python3/lib/python3.8/http/client.py", line 1230, in request
    self._send_request(method, url, body, headers, encode_chunked)
  File "/usr/local/python3/lib/python3.8/http/client.py", line 1276, in _send_request
    self.endheaders(body, encode_chunked=encode_chunked)
  File "/usr/local/python3/lib/python3.8/http/client.py", line 1225, in endheaders
    self._send_output(message_body, encode_chunked=encode_chunked)
  File "/usr/local/python3/lib/python3.8/http/client.py", line 1004, in _send_output
    self.send(msg)
  File "/usr/local/python3/lib/python3.8/http/client.py", line 944, in send
    self.connect()
  File "/usr/local/python3/lib/python3.8/site-packages/urllib3/connection.py", line 187, in connect
    conn = self._new_conn()
  File "/usr/local/python3/lib/python3.8/site-packages/urllib3/connection.py", line 164, in _new_conn
    raise ConnectTimeoutError(
urllib3.exceptions.ConnectTimeoutError: (<urllib3.connection.HTTPConnection object at 0x7fc662d0aa00>, 'Connection to www.cnnvd.org.cn timed out. (connect timeout=60)')

During handling of the above exception, another exception occurred:

Traceback (most recent call last):
  File "/usr/local/python3/lib/python3.8/site-packages/requests/adapters.py", line 439, in send
    resp = conn.urlopen(
  File "/usr/local/python3/lib/python3.8/site-packages/urllib3/connectionpool.py", line 726, in urlopen
    retries = retries.increment(
  File "/usr/local/python3/lib/python3.8/site-packages/urllib3/util/retry.py", line 446, in increment
    raise MaxRetryError(_pool, url, error or ResponseError(cause))
urllib3.exceptions.MaxRetryError: HTTPConnectionPool(host='www.cnnvd.org.cn', port=80): Max retries exceeded with url: /web/vulnerability/querylist.tag (Caused by ConnectTimeoutError(<urllib3.connection.HTTPConnection object at 0x7fc662d0aa00>, 'Connection to www.cnnvd.org.cn timed out. (connect timeout=60)'))

During handling of the above exception, another exception occurred:

Traceback (most recent call last):
  File "/root/project/threat-broadcast-1/src/crawler/_base_crawler.py", line 62, in cves
    new_cves = self.get_cves()
  File "/root/project/threat-broadcast-1/src/crawler/cnnvd.py", line 43, in get_cves
    response = requests.get(
  File "/usr/local/python3/lib/python3.8/site-packages/requests/api.py", line 75, in get
    return request('get', url, params=params, **kwargs)
  File "/usr/local/python3/lib/python3.8/site-packages/requests/api.py", line 60, in request
    return session.request(method=method, url=url, **kwargs)
  File "/usr/local/python3/lib/python3.8/site-packages/requests/sessions.py", line 533, in request
    resp = self.send(prep, **send_kwargs)
  File "/usr/local/python3/lib/python3.8/site-packages/requests/sessions.py", line 646, in send
    r = adapter.send(request, **kwargs)
  File "/usr/local/python3/lib/python3.8/site-packages/requests/adapters.py", line 504, in send
    raise ConnectTimeout(e, request=request)
requests.exceptions.ConnectTimeout: HTTPConnectionPool(host='www.cnnvd.org.cn', port=80): Max retries exceeded with url: /web/vulnerability/querylist.tag (Caused by ConnectTimeoutError(<urllib3.connection.HTTPConnection object at 0x7fc662d0aa00>, 'Connection to www.cnnvd.org.cn timed out. (connect timeout=60)'))
2022-03-30 10:02:16 [INFO] : 得到 [国家信息安全漏洞库（CNNVD）] 最新威胁情报 [0] 条
2022-03-30 10:02:16 [INFO] : --------------------------------------------
2022-03-30 10:02:16 [INFO] : ++++++++++++++++++++++++++++++++++++++++++++
2022-03-30 10:02:16 [INFO] : 正在获取 [360 网络安全响应中心] 威胁情报...
2022-03-30 10:02:16 [INFO] : 得到 [360 网络安全响应中心] 最新威胁情报 [0] 条
2022-03-30 10:02:16 [INFO] : --------------------------------------------
2022-03-30 10:02:16 [INFO] : ++++++++++++++++++++++++++++++++++++++++++++
2022-03-30 10:02:16 [INFO] : 正在获取 [美国国家漏洞数据库（NVD）] 威胁情报...
2022-03-30 10:02:18 [INFO] : 得到 [美国国家漏洞数据库（NVD）] 最新威胁情报 [3] 条
2022-03-30 10:02:18 [INFO] : --------------------------------------------
2022-03-30 10:02:18 [INFO] : 
==============================================
[ TITLE ] A heap buffer overflow flaw was found in IPsec ESP transformation code in net/ipv4/esp4.c and net/ipv6/esp6.c. This flaw allows a local attacker with a normal user privilege to overwrite kernel heap objects and may cause a local privilege escalation threat.
[ TIME  ] 2022-03-23 06:15:06 
[ CVE   ] CVE-2022-27666
[ SRC   ] 美国国家漏洞数据库（NVD）
[ URL   ] https://web.nvd.nist.gov/view/vuln/detail?vulnId=CVE-2022-27666
2022-03-30 10:02:18 [INFO] : 
==============================================
[ TITLE ] Bento4 1.6.0-639 has a heap-based buffer over-read in the AP4_HvccAtom class, a different issue than CVE-2018-14531.
[ TIME  ] 2022-03-21 23:15:08 
[ CVE   ] CVE-2022-27607
[ SRC   ] 美国国家漏洞数据库（NVD）
[ URL   ] https://web.nvd.nist.gov/view/vuln/detail?vulnId=CVE-2022-27607
2022-03-30 10:02:18 [INFO] : 
==============================================
[ TITLE ] idcCMS v1.10 was discovered to contain an issue which allows attackers to arbitrarily delete the install.lock file, resulting in a reset of the CMS settings and data.
[ TIME  ] 2022-03-21 22:15:08 
[ CVE   ] CVE-2022-27333
[ SRC   ] 美国国家漏洞数据库（NVD）
[ URL   ] https://web.nvd.nist.gov/view/vuln/detail?vulnId=CVE-2022-27333
2022-03-30 10:02:18 [INFO] : ++++++++++++++++++++++++++++++++++++++++++++
2022-03-30 10:02:18 [INFO] : 正在获取 [信息安全漏洞门户] 威胁情报...
2022-03-30 10:02:19 [INFO] : 得到 [信息安全漏洞门户] 最新威胁情报 [10] 条
2022-03-30 10:02:19 [INFO] : --------------------------------------------
2022-03-30 10:02:19 [INFO] : 
==============================================
[ TITLE ] Exposure of Sensitive Information to an...
                    
[ TIME  ] 2022-03-29 10:02:19
[ CVE   ] CVE-2022-0536
[ SRC   ] 信息安全漏洞门户
[ URL   ] http://cve.scap.org.cn/vuln/VHN-414423
2022-03-30 10:02:19 [INFO] : 
==============================================
[ TITLE ] A heap buffer overflow flaw was found in......
                    
[ TIME  ] 2022-03-29 10:02:19
[ CVE   ] CVE-2022-27666
[ SRC   ] 信息安全漏洞门户
[ URL   ] http://cve.scap.org.cn/vuln/VHN-418327
2022-03-30 10:02:19 [INFO] : 
==============================================
[ TITLE ] PHP filter_var Bypass Patch...
                    
[ TIME  ] 2022-03-29 10:02:19
[ CVE   ] VHN-418961
[ SRC   ] 信息安全漏洞门户
[ URL   ] http://cve.scap.org.cn/vuln/VHN-418961
2022-03-30 10:02:19 [INFO] : 
==============================================
[ TITLE ] Message System 1.0 Shell Upload...
                    
[ TIME  ] 2022-03-29 10:02:19
[ CVE   ] VHN-418962
[ SRC   ] 信息安全漏洞门户
[ URL   ] http://cve.scap.org.cn/vuln/VHN-418962
2022-03-30 10:02:19 [INFO] : 
==============================================
[ TITLE ] Message System 1.0 Local File Inclusion...
                    
[ TIME  ] 2022-03-29 10:02:19
[ CVE   ] VHN-418963
[ SRC   ] 信息安全漏洞门户
[ URL   ] http://cve.scap.org.cn/vuln/VHN-418963
2022-03-30 10:02:19 [INFO] : 
==============================================
[ TITLE ] Fingerprint Attendance 1.0 Account Takeover...
                    
[ TIME  ] 2022-03-29 10:02:19
[ CVE   ] VHN-418964
[ SRC   ] 信息安全漏洞门户
[ URL   ] http://cve.scap.org.cn/vuln/VHN-418964
2022-03-30 10:02:19 [INFO] : 
==============================================
[ TITLE ] Fingerprint Attendance 1.0 Shell Upload...
                    
[ TIME  ] 2022-03-29 10:02:19
[ CVE   ] VHN-418965
[ SRC   ] 信息安全漏洞门户
[ URL   ] http://cve.scap.org.cn/vuln/VHN-418965
2022-03-30 10:02:19 [INFO] : 
==============================================
[ TITLE ] Fingerprint Attendance 1.0 SQL Injection...
                    
[ TIME  ] 2022-03-29 10:02:19
[ CVE   ] VHN-418966
[ SRC   ] 信息安全漏洞门户
[ URL   ] http://cve.scap.org.cn/vuln/VHN-418966
2022-03-30 10:02:19 [INFO] : 
==============================================
[ TITLE ] Sports Complex Booking System 1.0 Local File...
                    
[ TIME  ] 2022-03-29 10:02:19
[ CVE   ] VHN-418967
[ SRC   ] 信息安全漏洞门户
[ URL   ] http://cve.scap.org.cn/vuln/VHN-418967
2022-03-30 10:02:19 [INFO] : 
==============================================
[ TITLE ] WordPress plugin Social Sharing Plugin 跨站脚本漏洞
                    
[ TIME  ] 2022-03-28 10:02:19
[ CVE   ] CVE-2021-24746
[ SRC   ] 信息安全漏洞门户
[ URL   ] http://cve.scap.org.cn/vuln/VHN-383467
2022-03-30 10:02:19 [INFO] : ++++++++++++++++++++++++++++++++++++++++++++
2022-03-30 10:02:19 [INFO] : 正在获取 [绿盟] 威胁情报...
2022-03-30 10:02:20 [INFO] : 得到 [绿盟] 最新威胁情报 [4] 条
2022-03-30 10:02:20 [INFO] : --------------------------------------------
2022-03-30 10:02:20 [INFO] : 
==============================================
[ TITLE ] Facebook Hermes类型混淆漏洞
[ TIME  ] 2022-03-29 10:02:20
[ CVE   ] CVE-2021-24044
[ SRC   ] 绿盟
[ URL   ] http://www.nsfocus.net/vulndb/63898
2022-03-30 10:02:20 [INFO] : 
==============================================
[ TITLE ] NVIDIA Shield TV访问控制错误漏洞
[ TIME  ] 2022-03-29 10:02:20
[ CVE   ] CVE-2021-34402
[ SRC   ] 绿盟
[ URL   ] http://www.nsfocus.net/vulndb/63897
2022-03-30 10:02:20 [INFO] : 
==============================================
[ TITLE ] Juniper Networks Junos OS异常情况处理错误漏洞
[ TIME  ] 2022-03-29 10:02:20
[ CVE   ] CVE-2022-22171
[ SRC   ] 绿盟
[ URL   ] http://www.nsfocus.net/vulndb/63896
2022-03-30 10:02:20 [INFO] : 
==============================================
[ TITLE ] Juniper Networks Junos OS和Junos OS Evolved异常情况处理错误漏洞
[ TIME  ] 2022-03-29 10:02:20
[ CVE   ] CVE-2022-22177
[ SRC   ] 绿盟
[ URL   ] http://www.nsfocus.net/vulndb/63895
2022-03-30 10:02:20 [INFO] : ++++++++++++++++++++++++++++++++++++++++++++
2022-03-30 10:02:20 [INFO] : 正在获取 [奇安信] 威胁情报...
2022-03-30 10:02:20 [INFO] : 得到 [奇安信] 最新威胁情报 [0] 条
2022-03-30 10:02:20 [INFO] : --------------------------------------------
2022-03-30 10:02:20 [INFO] : ++++++++++++++++++++++++++++++++++++++++++++
2022-03-30 10:02:20 [INFO] : 正在获取 [红后] 威胁情报...
2022-03-30 10:02:21 [INFO] : 得到 [红后] 最新威胁情报 [0] 条
2022-03-30 10:02:21 [INFO] : --------------------------------------------
2022-03-30 10:02:21 [INFO] : ++++++++++++++++++++++++++++++++++++++++++++
2022-03-30 10:02:21 [INFO] : 正在获取 [斗象] 威胁情报...
2022-03-30 10:02:25 [INFO] : 得到 [斗象] 最新威胁情报 [0] 条
2022-03-30 10:02:25 [INFO] : --------------------------------------------
2022-03-30 10:02:25 [INFO] : ++++++++++++++++++++++++++++++++++++++++++++
2022-03-30 10:02:25 [INFO] : 正在获取 [Tenable (Nessus)] 威胁情报...
2022-03-30 10:02:27 [INFO] : 得到 [Tenable (Nessus)] 最新威胁情报 [10] 条
2022-03-30 10:02:27 [INFO] : --------------------------------------------
2022-03-30 10:02:27 [INFO] : 
==============================================
[ TITLE ] textpattern 4.8.7 is vulnerable to Cross Site Scripting (XSS) via /textpattern/index.php,Body. A remote and unauthenticated attacker can use XSS to trigger remote code execution by uploading a webshell. To do so they must first steal the CSRF token before submitting a file upload request.
[ TIME  ] 2022-03-29 23:15:00
[ CVE   ] CVE-2021-44082
[ SRC   ] Tenable (Nessus)
[ URL   ] https://www.tenable.com/cve/CVE-2021-44082
2022-03-30 10:02:27 [INFO] : 
==============================================
[ TITLE ] An arbitrary file upload vulnerability in Trend Micro Apex Central could allow an unauthenticated remote attacker to upload an arbitrary file which could lead to remote code execution.
[ TIME  ] 2022-03-29 21:15:00
[ CVE   ] CVE-2022-26871
[ SRC   ] Tenable (Nessus)
[ URL   ] https://www.tenable.com/cve/CVE-2022-26871
2022-03-30 10:02:27 [INFO] : 
==============================================
[ TITLE ] NVIDIA CUDA Toolkit SDK contains an integer overflow vulnerability in cuobjdump.To exploit this vulnerability, a remote attacker would require a local user to download a specially crafted, corrupted file and locally execute cuobjdump against the file. Such an attack may lead to remote code execution that causes complete denial of service and an impact on data confidentiality and integrity.
[ TIME  ] 2022-03-29 20:15:00
[ CVE   ] CVE-2022-21821
[ SRC   ] Tenable (Nessus)
[ URL   ] https://www.tenable.com/cve/CVE-2022-21821
2022-03-30 10:02:27 [INFO] : 
==============================================
[ TITLE ] A Remote Command Injection vulnerability exists in DrayTek Vigor 2960 1.5.1.3, DrayTek Vigor 3900 1.5.1.3, and DrayTek Vigor 300B 1.5.1.3 via a crafted HTTP message containing malformed QUERY STRING in mainfunction.cgi, which could let a remote malicious user execute arbitrary code.
[ TIME  ] 2022-03-29 20:15:00
[ CVE   ] CVE-2021-43118
[ SRC   ] Tenable (Nessus)
[ URL   ] https://www.tenable.com/cve/CVE-2021-43118
2022-03-30 10:02:27 [INFO] : 
==============================================
[ TITLE ] A Format String vulnerability exists in DrayTek Vigor 2960 <= 1.5.1.3, DrayTek Vigor 3900 <= 1.5.1.3, and DrayTek Vigor 300B <= 1.5.1.3 in the mainfunction.cgi file via a crafted HTTP message containing malformed QUERY STRING, which could let a remote malicious user execute arbitrary code.
[ TIME  ] 2022-03-29 20:15:00
[ CVE   ] CVE-2021-42911
[ SRC   ] Tenable (Nessus)
[ URL   ] https://www.tenable.com/cve/CVE-2021-42911
2022-03-30 10:02:27 [INFO] : 
==============================================
[ TITLE ] The vCenter Server contains an information disclosure vulnerability due to improper permission of files. A malicious actor with non-administrative access to the vCenter Server may exploit this issue to gain access to sensitive information.
[ TIME  ] 2022-03-29 18:15:00
[ CVE   ] CVE-2022-22948
[ SRC   ] Tenable (Nessus)
[ URL   ] https://www.tenable.com/cve/CVE-2022-22948
2022-03-30 10:02:27 [INFO] : 
==============================================
[ TITLE ] A flaw was found in the opj2_decompress program in openjpeg2 2.4.0 in the way it handles an input directory with a large number of files. When it fails to allocate a buffer to store the filenames of the input directory, it calls free() on an uninitialized pointer, leading to a segmentation fault and a denial of service.
[ TIME  ] 2022-03-29 18:15:00
[ CVE   ] CVE-2022-1122
[ SRC   ] Tenable (Nessus)
[ URL   ] https://www.tenable.com/cve/CVE-2022-1122
2022-03-30 10:02:27 [INFO] : 
==============================================
[ TITLE ] An Access Conrol vulnerability exists in PuneethReddyHC online-shopping-system as of 11/01/2021 in add_products.
[ TIME  ] 2022-03-29 18:15:00
[ CVE   ] CVE-2021-43110
[ SRC   ] Tenable (Nessus)
[ URL   ] https://www.tenable.com/cve/CVE-2021-43110
2022-03-30 10:02:27 [INFO] : 
==============================================
[ TITLE ] An SQL Injection vulnerability exits in PuneethReddyHC online-shopping-system as of 11/01/2021 via the p parameter in product.php.
[ TIME  ] 2022-03-29 18:15:00
[ CVE   ] CVE-2021-43109
[ SRC   ] Tenable (Nessus)
[ URL   ] https://www.tenable.com/cve/CVE-2021-43109
2022-03-30 10:02:27 [INFO] : 
==============================================
[ TITLE ] Cross Site Scripting (XSS) vulnerability exists in cxuucms v3 via the imgurl of /feedback/post/ content parameter.
[ TIME  ] 2022-03-29 18:15:00
[ CVE   ] CVE-2021-42970
[ SRC   ] Tenable (Nessus)
[ URL   ] https://www.tenable.com/cve/CVE-2021-42970
2022-03-30 10:02:27 [INFO] : [邮件] 正在推送威胁情报...
2022-03-30 10:02:27 [INFO] : [邮件] 收件人清单： ['207176126@qq.com']
2022-03-30 10:02:28 [INFO] : [邮件] 推送威胁情报成功
2022-03-30 10:02:28 [INFO] : 正在提交变更...
2022-03-30 10:02:33 [INFO] : 提交变更成功
2022-03-30 11:43:31 [INFO] : ++++++++++++++++++++++++++++++++++++++++++++
2022-03-30 11:43:31 [INFO] : 正在获取 [数字观星POC++] 威胁情报...
2022-03-30 11:43:32 [INFO] : 得到 [数字观星POC++] 最新威胁情报 [1] 条
2022-03-30 11:43:32 [INFO] : --------------------------------------------
2022-03-30 11:43:32 [INFO] : 
==============================================
[ TITLE ] Spring 远程代码执行漏洞
[ TIME  ] 2022-03-30 10:11:01
[ CVE   ] 
[ SRC   ] 数字观星POC++
[ URL   ] https://poc.shuziguanxing.com/#/publicIssueInfo#issueId=5734
2022-03-30 11:43:32 [INFO] : ++++++++++++++++++++++++++++++++++++++++++++
2022-03-30 11:43:32 [INFO] : 正在获取 [阿里云] 威胁情报...
2022-03-30 11:43:32 [INFO] : 得到 [阿里云] 最新威胁情报 [0] 条
2022-03-30 11:43:32 [INFO] : --------------------------------------------
2022-03-30 11:43:32 [INFO] : ++++++++++++++++++++++++++++++++++++++++++++
2022-03-30 11:43:32 [INFO] : 正在获取 [国家信息安全漏洞共享平台（CNVD）] 威胁情报...
2022-03-30 11:44:06 [INFO] : 得到 [国家信息安全漏洞共享平台（CNVD）] 最新威胁情报 [1] 条
2022-03-30 11:44:06 [INFO] : --------------------------------------------
2022-03-30 11:44:06 [INFO] : 
==============================================
[ TITLE ] Spring Cloud Function存在SPEL表达式注入漏洞
[ TIME  ] 2022-03-30 11:43:49
[ CVE   ] CNVD-2022-23932
[ SRC   ] 国家信息安全漏洞共享平台（CNVD）
[ URL   ] https://www.cnvd.org.cn/flaw/show/CNVD-2022-23932
2022-03-30 11:44:06 [INFO] : ++++++++++++++++++++++++++++++++++++++++++++
2022-03-30 11:44:06 [INFO] : 正在获取 [国家信息安全漏洞库（CNNVD）] 威胁情报...
2022-03-30 11:44:20 [INFO] : 得到 [国家信息安全漏洞库（CNNVD）] 最新威胁情报 [10] 条
2022-03-30 11:44:20 [INFO] : --------------------------------------------
2022-03-30 11:44:20 [INFO] : 
==============================================
[ TITLE ] Tp-link TL-WR840N 安全漏洞
[ TIME  ] 2022-03-28 11:44:07
[ CVE   ] CNNVD-202203-2384 (CVE-2022-26641)
[ SRC   ] 国家信息安全漏洞库（CNNVD）
[ URL   ] http://www.cnnvd.org.cn/web/xxk/ldxqById.tag?CNNVD=CNNVD-202203-2384
2022-03-30 11:44:20 [INFO] : 
==============================================
[ TITLE ] Berkeley Riscv-boom 安全漏洞
[ TIME  ] 2022-03-28 11:44:09
[ CVE   ] CNNVD-202203-2383 (CVE-2022-26296)
[ SRC   ] 国家信息安全漏洞库（CNNVD）
[ URL   ] http://www.cnnvd.org.cn/web/xxk/ldxqById.tag?CNNVD=CNNVD-202203-2383
2022-03-30 11:44:20 [INFO] : 
==============================================
[ TITLE ] Tp-link TL-WR840N 安全漏洞
[ TIME  ] 2022-03-28 11:44:10
[ CVE   ] CNNVD-202203-2382 (CVE-2022-26642)
[ SRC   ] 国家信息安全漏洞库（CNNVD）
[ URL   ] http://www.cnnvd.org.cn/web/xxk/ldxqById.tag?CNNVD=CNNVD-202203-2382
2022-03-30 11:44:20 [INFO] : 
==============================================
[ TITLE ] Tp-link TL-WR840N 安全漏洞
[ TIME  ] 2022-03-28 11:44:11
[ CVE   ] CNNVD-202203-2381 (CVE-2022-26640)
[ SRC   ] 国家信息安全漏洞库（CNNVD）
[ URL   ] http://www.cnnvd.org.cn/web/xxk/ldxqById.tag?CNNVD=CNNVD-202203-2381
2022-03-30 11:44:20 [INFO] : 
==============================================
[ TITLE ] Tp-link TL-WR840N 安全漏洞
[ TIME  ] 2022-03-28 11:44:12
[ CVE   ] CNNVD-202203-2380 (CVE-2022-26639)
[ SRC   ] 国家信息安全漏洞库（CNNVD）
[ URL   ] http://www.cnnvd.org.cn/web/xxk/ldxqById.tag?CNNVD=CNNVD-202203-2380
2022-03-30 11:44:20 [INFO] : 
==============================================
[ TITLE ] Technitium DNS Server 安全漏洞
[ TIME  ] 2022-03-28 11:44:14
[ CVE   ] CNNVD-202203-2379 (CVE-2021-43105)
[ SRC   ] 国家信息安全漏洞库（CNNVD）
[ URL   ] http://www.cnnvd.org.cn/web/xxk/ldxqById.tag?CNNVD=CNNVD-202203-2379
2022-03-30 11:44:20 [INFO] : 
==============================================
[ TITLE ] lrzip 安全漏洞
[ TIME  ] 2022-03-28 11:44:15
[ CVE   ] CNNVD-202203-2378 (CVE-2022-26291)
[ SRC   ] 国家信息安全漏洞库（CNNVD）
[ URL   ] http://www.cnnvd.org.cn/web/xxk/ldxqById.tag?CNNVD=CNNVD-202203-2378
2022-03-30 11:44:20 [INFO] : 
==============================================
[ TITLE ] Libarchive 安全漏洞
[ TIME  ] 2022-03-28 11:44:16
[ CVE   ] CNNVD-202203-2377 (CVE-2022-26280)
[ SRC   ] 国家信息安全漏洞库（CNNVD）
[ URL   ] http://www.cnnvd.org.cn/web/xxk/ldxqById.tag?CNNVD=CNNVD-202203-2377
2022-03-30 11:44:20 [INFO] : 
==============================================
[ TITLE ] Orckestra C1 CMS 代码问题漏洞
[ TIME  ] 2022-03-28 11:44:17
[ CVE   ] CNNVD-202203-2376 (CVE-2022-24789)
[ SRC   ] 国家信息安全漏洞库（CNNVD）
[ URL   ] http://www.cnnvd.org.cn/web/xxk/ldxqById.tag?CNNVD=CNNVD-202203-2376
2022-03-30 11:44:20 [INFO] : 
==============================================
[ TITLE ] diyhi bbs 安全漏洞
[ TIME  ] 2022-03-28 11:44:19
[ CVE   ] CNNVD-202203-2375 (CVE-2021-43103)
[ SRC   ] 国家信息安全漏洞库（CNNVD）
[ URL   ] http://www.cnnvd.org.cn/web/xxk/ldxqById.tag?CNNVD=CNNVD-202203-2375
2022-03-30 11:44:20 [INFO] : ++++++++++++++++++++++++++++++++++++++++++++
2022-03-30 11:44:20 [INFO] : 正在获取 [360 网络安全响应中心] 威胁情报...
2022-03-30 11:44:20 [INFO] : 得到 [360 网络安全响应中心] 最新威胁情报 [0] 条
2022-03-30 11:44:20 [INFO] : --------------------------------------------
2022-03-30 11:44:20 [INFO] : ++++++++++++++++++++++++++++++++++++++++++++
2022-03-30 11:44:20 [INFO] : 正在获取 [美国国家漏洞数据库（NVD）] 威胁情报...
2022-03-30 11:44:22 [INFO] : 得到 [美国国家漏洞数据库（NVD）] 最新威胁情报 [0] 条
2022-03-30 11:44:22 [INFO] : --------------------------------------------
2022-03-30 11:44:22 [INFO] : ++++++++++++++++++++++++++++++++++++++++++++
2022-03-30 11:44:22 [INFO] : 正在获取 [信息安全漏洞门户] 威胁情报...
2022-03-30 11:44:22 [INFO] : 得到 [信息安全漏洞门户] 最新威胁情报 [0] 条
2022-03-30 11:44:22 [INFO] : --------------------------------------------
2022-03-30 11:44:22 [INFO] : ++++++++++++++++++++++++++++++++++++++++++++
2022-03-30 11:44:22 [INFO] : 正在获取 [绿盟] 威胁情报...
2022-03-30 11:44:23 [INFO] : 得到 [绿盟] 最新威胁情报 [0] 条
2022-03-30 11:44:23 [INFO] : --------------------------------------------
2022-03-30 11:44:23 [INFO] : ++++++++++++++++++++++++++++++++++++++++++++
2022-03-30 11:44:23 [INFO] : 正在获取 [奇安信] 威胁情报...
2022-03-30 11:44:23 [INFO] : 得到 [奇安信] 最新威胁情报 [0] 条
2022-03-30 11:44:23 [INFO] : --------------------------------------------
2022-03-30 11:44:23 [INFO] : ++++++++++++++++++++++++++++++++++++++++++++
2022-03-30 11:44:23 [INFO] : 正在获取 [红后] 威胁情报...
2022-03-30 11:44:24 [INFO] : 得到 [红后] 最新威胁情报 [0] 条
2022-03-30 11:44:24 [INFO] : --------------------------------------------
2022-03-30 11:44:24 [INFO] : ++++++++++++++++++++++++++++++++++++++++++++
2022-03-30 11:44:24 [INFO] : 正在获取 [斗象] 威胁情报...
2022-03-30 11:44:27 [INFO] : 得到 [斗象] 最新威胁情报 [1] 条
2022-03-30 11:44:27 [INFO] : --------------------------------------------
2022-03-30 11:44:27 [INFO] : 
==============================================
[ TITLE ] Spring 框架远程代码执行漏洞
[ TIME  ] 2022-03-30 01:11:30
[ CVE   ] 
[ SRC   ] 斗象
[ URL   ] https://vas.riskivy.com/vuln-detail?id=117
2022-03-30 11:44:27 [INFO] : ++++++++++++++++++++++++++++++++++++++++++++
2022-03-30 11:44:27 [INFO] : 正在获取 [Tenable (Nessus)] 威胁情报...
2022-03-30 11:44:27 [INFO] : 得到 [Tenable (Nessus)] 最新威胁情报 [0] 条
2022-03-30 11:44:27 [INFO] : --------------------------------------------
2022-03-30 11:44:27 [INFO] : [邮件] 正在推送威胁情报...
2022-03-30 11:44:27 [INFO] : [邮件] 收件人清单： ['207176126@qq.com']
2022-03-30 11:44:28 [INFO] : [邮件] 推送威胁情报成功
2022-03-30 11:44:28 [INFO] : 正在提交变更...
2022-03-30 11:44:33 [INFO] : 提交变更成功
2022-03-30 12:39:06 [INFO] : ++++++++++++++++++++++++++++++++++++++++++++
2022-03-30 12:39:06 [INFO] : 正在获取 [数字观星POC++] 威胁情报...
2022-03-30 12:39:06 [INFO] : 得到 [数字观星POC++] 最新威胁情报 [0] 条
2022-03-30 12:39:06 [INFO] : --------------------------------------------
2022-03-30 12:39:06 [INFO] : ++++++++++++++++++++++++++++++++++++++++++++
2022-03-30 12:39:06 [INFO] : 正在获取 [阿里云] 威胁情报...
2022-03-30 12:39:07 [INFO] : 得到 [阿里云] 最新威胁情报 [0] 条
2022-03-30 12:39:07 [INFO] : --------------------------------------------
2022-03-30 12:39:07 [INFO] : ++++++++++++++++++++++++++++++++++++++++++++
2022-03-30 12:39:07 [INFO] : 正在获取 [国家信息安全漏洞共享平台（CNVD）] 威胁情报...
2022-03-30 12:39:30 [INFO] : 得到 [国家信息安全漏洞共享平台（CNVD）] 最新威胁情报 [0] 条
2022-03-30 12:39:30 [INFO] : --------------------------------------------
2022-03-30 12:39:30 [INFO] : ++++++++++++++++++++++++++++++++++++++++++++
2022-03-30 12:39:30 [INFO] : 正在获取 [国家信息安全漏洞库（CNNVD）] 威胁情报...
2022-03-30 12:39:44 [INFO] : 得到 [国家信息安全漏洞库（CNNVD）] 最新威胁情报 [0] 条
2022-03-30 12:39:44 [INFO] : --------------------------------------------
2022-03-30 12:39:44 [INFO] : ++++++++++++++++++++++++++++++++++++++++++++
2022-03-30 12:39:44 [INFO] : 正在获取 [360 网络安全响应中心] 威胁情报...
2022-03-30 12:39:44 [INFO] : 得到 [360 网络安全响应中心] 最新威胁情报 [0] 条
2022-03-30 12:39:44 [INFO] : --------------------------------------------
2022-03-30 12:39:44 [INFO] : ++++++++++++++++++++++++++++++++++++++++++++
2022-03-30 12:39:44 [INFO] : 正在获取 [美国国家漏洞数据库（NVD）] 威胁情报...
2022-03-30 12:39:46 [INFO] : 得到 [美国国家漏洞数据库（NVD）] 最新威胁情报 [0] 条
2022-03-30 12:39:46 [INFO] : --------------------------------------------
2022-03-30 12:39:46 [INFO] : ++++++++++++++++++++++++++++++++++++++++++++
2022-03-30 12:39:46 [INFO] : 正在获取 [信息安全漏洞门户] 威胁情报...
2022-03-30 12:39:46 [INFO] : 得到 [信息安全漏洞门户] 最新威胁情报 [0] 条
2022-03-30 12:39:46 [INFO] : --------------------------------------------
2022-03-30 12:39:46 [INFO] : ++++++++++++++++++++++++++++++++++++++++++++
2022-03-30 12:39:46 [INFO] : 正在获取 [绿盟] 威胁情报...
2022-03-30 12:39:47 [INFO] : 得到 [绿盟] 最新威胁情报 [0] 条
2022-03-30 12:39:47 [INFO] : --------------------------------------------
2022-03-30 12:39:47 [INFO] : ++++++++++++++++++++++++++++++++++++++++++++
2022-03-30 12:39:47 [INFO] : 正在获取 [奇安信] 威胁情报...
2022-03-30 12:39:49 [INFO] : 得到 [奇安信] 最新威胁情报 [0] 条
2022-03-30 12:39:49 [INFO] : --------------------------------------------
2022-03-30 12:39:49 [INFO] : ++++++++++++++++++++++++++++++++++++++++++++
2022-03-30 12:39:49 [INFO] : 正在获取 [红后] 威胁情报...
2022-03-30 12:39:50 [INFO] : 得到 [红后] 最新威胁情报 [1] 条
2022-03-30 12:39:50 [INFO] : --------------------------------------------
2022-03-30 12:39:50 [INFO] : 
==============================================
[ TITLE ] Spring Cloud Function 任意代码执行漏洞
[ TIME  ] 
[ CVE   ] 
[ SRC   ] 红后
[ URL   ] https://redqueen.tj-un.com/IntelDetails.html?id=cb5ecebf4908469b9c5e415fded8a848
2022-03-30 12:39:50 [INFO] : ++++++++++++++++++++++++++++++++++++++++++++
2022-03-30 12:39:50 [INFO] : 正在获取 [斗象] 威胁情报...
2022-03-30 12:39:53 [INFO] : 得到 [斗象] 最新威胁情报 [0] 条
2022-03-30 12:39:53 [INFO] : --------------------------------------------
2022-03-30 12:39:53 [INFO] : ++++++++++++++++++++++++++++++++++++++++++++
2022-03-30 12:39:53 [INFO] : 正在获取 [Tenable (Nessus)] 威胁情报...
2022-03-30 12:39:54 [INFO] : 得到 [Tenable (Nessus)] 最新威胁情报 [0] 条
2022-03-30 12:39:54 [INFO] : --------------------------------------------
2022-03-30 12:39:54 [INFO] : [邮件] 正在推送威胁情报...
2022-03-30 12:39:54 [INFO] : [邮件] 收件人清单： ['207176126@qq.com']
2022-03-30 12:39:55 [INFO] : [邮件] 推送威胁情报成功
2022-03-30 12:39:55 [INFO] : 正在提交变更...
2022-03-30 12:40:00 [INFO] : 提交变更成功
2022-03-30 15:07:26 [INFO] : ++++++++++++++++++++++++++++++++++++++++++++
2022-03-30 15:07:26 [INFO] : 正在获取 [数字观星POC++] 威胁情报...
2022-03-30 15:07:27 [INFO] : 得到 [数字观星POC++] 最新威胁情报 [0] 条
2022-03-30 15:07:27 [INFO] : --------------------------------------------
2022-03-30 15:07:27 [INFO] : ++++++++++++++++++++++++++++++++++++++++++++
2022-03-30 15:07:27 [INFO] : 正在获取 [阿里云] 威胁情报...
2022-03-30 15:07:27 [INFO] : 得到 [阿里云] 最新威胁情报 [0] 条
2022-03-30 15:07:27 [INFO] : --------------------------------------------
2022-03-30 15:07:27 [INFO] : ++++++++++++++++++++++++++++++++++++++++++++
2022-03-30 15:07:27 [INFO] : 正在获取 [国家信息安全漏洞共享平台（CNVD）] 威胁情报...
2022-03-30 15:07:52 [INFO] : 得到 [国家信息安全漏洞共享平台（CNVD）] 最新威胁情报 [0] 条
2022-03-30 15:07:52 [INFO] : --------------------------------------------
2022-03-30 15:07:52 [INFO] : ++++++++++++++++++++++++++++++++++++++++++++
2022-03-30 15:07:52 [INFO] : 正在获取 [国家信息安全漏洞库（CNNVD）] 威胁情报...
2022-03-30 15:08:05 [INFO] : 得到 [国家信息安全漏洞库（CNNVD）] 最新威胁情报 [0] 条
2022-03-30 15:08:05 [INFO] : --------------------------------------------
2022-03-30 15:08:05 [INFO] : ++++++++++++++++++++++++++++++++++++++++++++
2022-03-30 15:08:05 [INFO] : 正在获取 [360 网络安全响应中心] 威胁情报...
2022-03-30 15:08:05 [INFO] : 得到 [360 网络安全响应中心] 最新威胁情报 [0] 条
2022-03-30 15:08:05 [INFO] : --------------------------------------------
2022-03-30 15:08:05 [INFO] : ++++++++++++++++++++++++++++++++++++++++++++
2022-03-30 15:08:05 [INFO] : 正在获取 [美国国家漏洞数据库（NVD）] 威胁情报...
2022-03-30 15:08:07 [INFO] : 得到 [美国国家漏洞数据库（NVD）] 最新威胁情报 [0] 条
2022-03-30 15:08:07 [INFO] : --------------------------------------------
2022-03-30 15:08:07 [INFO] : ++++++++++++++++++++++++++++++++++++++++++++
2022-03-30 15:08:07 [INFO] : 正在获取 [信息安全漏洞门户] 威胁情报...
2022-03-30 15:08:08 [INFO] : 得到 [信息安全漏洞门户] 最新威胁情报 [0] 条
2022-03-30 15:08:08 [INFO] : --------------------------------------------
2022-03-30 15:08:08 [INFO] : ++++++++++++++++++++++++++++++++++++++++++++
2022-03-30 15:08:08 [INFO] : 正在获取 [绿盟] 威胁情报...
2022-03-30 15:08:08 [INFO] : 得到 [绿盟] 最新威胁情报 [0] 条
2022-03-30 15:08:08 [INFO] : --------------------------------------------
2022-03-30 15:08:08 [INFO] : ++++++++++++++++++++++++++++++++++++++++++++
2022-03-30 15:08:08 [INFO] : 正在获取 [奇安信] 威胁情报...
2022-03-30 15:08:08 [INFO] : 得到 [奇安信] 最新威胁情报 [0] 条
2022-03-30 15:08:08 [INFO] : --------------------------------------------
2022-03-30 15:08:08 [INFO] : ++++++++++++++++++++++++++++++++++++++++++++
2022-03-30 15:08:08 [INFO] : 正在获取 [红后] 威胁情报...
2022-03-30 15:08:09 [INFO] : 得到 [红后] 最新威胁情报 [0] 条
2022-03-30 15:08:09 [INFO] : --------------------------------------------
2022-03-30 15:08:09 [INFO] : ++++++++++++++++++++++++++++++++++++++++++++
2022-03-30 15:08:09 [INFO] : 正在获取 [斗象] 威胁情报...
2022-03-30 15:08:12 [INFO] : 得到 [斗象] 最新威胁情报 [0] 条
2022-03-30 15:08:12 [INFO] : --------------------------------------------
2022-03-30 15:08:12 [INFO] : ++++++++++++++++++++++++++++++++++++++++++++
2022-03-30 15:08:12 [INFO] : 正在获取 [Tenable (Nessus)] 威胁情报...
2022-03-30 15:08:12 [INFO] : 得到 [Tenable (Nessus)] 最新威胁情报 [10] 条
2022-03-30 15:08:12 [INFO] : --------------------------------------------
2022-03-30 15:08:12 [INFO] : 
==============================================
[ TITLE ] SWHKD 1.1.5 unsafely uses the /tmp/swhks.pid pathname. There can be data loss or a denial of service.
[ TIME  ] 2022-03-30 02:15:00
[ CVE   ] CVE-2022-27816
[ SRC   ] Tenable (Nessus)
[ URL   ] https://www.tenable.com/cve/CVE-2022-27816
2022-03-30 15:08:12 [INFO] : 
==============================================
[ TITLE ] Baicells Nova436Q and Neutrino 430 devices with firmware through QRTB 2.7.8 have hardcoded credentials that are easily discovered, and can be used by remote attackers to authenticate via ssh. (The credentials are stored in the firmware, encrypted by the crypt function.)
[ TIME  ] 2022-03-30 02:15:00
[ CVE   ] CVE-2022-24693
[ SRC   ] Tenable (Nessus)
[ URL   ] https://www.tenable.com/cve/CVE-2022-24693
2022-03-30 15:08:12 [INFO] : 
==============================================
[ TITLE ] Incorrect access control in NexusPHP 1.5.beta5.20120707 allows unauthorized attackers to access published content.
[ TIME  ] 2022-03-30 02:15:00
[ CVE   ] CVE-2020-24771
[ SRC   ] Tenable (Nessus)
[ URL   ] https://www.tenable.com/cve/CVE-2020-24771
2022-03-30 15:08:12 [INFO] : 
==============================================
[ TITLE ] SQL injection vulnerability in modrules.php in NexusPHP 1.5 allows remote attackers to execute arbitrary SQL commands via the id parameter.
[ TIME  ] 2022-03-30 02:15:00
[ CVE   ] CVE-2020-24770
[ SRC   ] Tenable (Nessus)
[ URL   ] https://www.tenable.com/cve/CVE-2020-24770
2022-03-30 15:08:12 [INFO] : 
==============================================
[ TITLE ] SQL injection vulnerability in takeconfirm.php in NexusPHP 1.5 allows remote attackers to execute arbitrary SQL commands via the classes parameter.
[ TIME  ] 2022-03-30 02:15:00
[ CVE   ] CVE-2020-24769
[ SRC   ] Tenable (Nessus)
[ URL   ] https://www.tenable.com/cve/CVE-2020-24769
2022-03-30 15:08:12 [INFO] : 
==============================================
[ TITLE ] SWHKD 1.1.5 unsafely uses the /tmp/swhkd.pid pathname. There can be an information leak or denial of service.
[ TIME  ] 2022-03-30 00:15:00
[ CVE   ] CVE-2022-27815
[ SRC   ] Tenable (Nessus)
[ URL   ] https://www.tenable.com/cve/CVE-2022-27815
2022-03-30 15:08:12 [INFO] : 
==============================================
[ TITLE ] A Cross-Site Request Forgery (CSRF) in Pluck CMS v4.7.15 allows attackers to change the password of any given user by exploiting this feature leading to account takeover.
[ TIME  ] 2022-03-30 00:15:00
[ CVE   ] CVE-2022-27432
[ SRC   ] Tenable (Nessus)
[ URL   ] https://www.tenable.com/cve/CVE-2022-27432
2022-03-30 15:08:12 [INFO] : 
==============================================
[ TITLE ] Archer 6.x through 6.10 (6.10.0.0) contains a reflected XSS vulnerability. A remote SAML-unauthenticated malicious Archer user could potentially exploit this vulnerability by tricking a victim application user into supplying malicious HTML or JavaScript code to the vulnerable web application; the malicious code is then reflected back to the victim and gets executed by the web browser in the context of the vulnerable web application.
[ TIME  ] 2022-03-30 00:15:00
[ CVE   ] CVE-2022-26951
[ SRC   ] Tenable (Nessus)
[ URL   ] https://www.tenable.com/cve/CVE-2022-26951
2022-03-30 15:08:12 [INFO] : 
==============================================
[ TITLE ] Archer 6.x through 6.9 P2 (6.9.0.2) is affected by an open redirect vulnerability. A remote unprivileged attacker may potentially redirect legitimate users to arbitrary web sites and conduct phishing attacks. The attacker could then steal the victims' credentials and silently authenticate them to the Archer application without the victims realizing an attack occurred.
[ TIME  ] 2022-03-30 00:15:00
[ CVE   ] CVE-2022-26950
[ SRC   ] Tenable (Nessus)
[ URL   ] https://www.tenable.com/cve/CVE-2022-26950
2022-03-30 15:08:12 [INFO] : 
==============================================
[ TITLE ] Archer 6.x through 6.9 SP2 P1 (6.9.2.1) contains an improper access control vulnerability on attachments. A remote authenticated malicious user could potentially exploit this vulnerability to gain access to files that should only be allowed by extra privileges.
[ TIME  ] 2022-03-30 00:15:00
[ CVE   ] CVE-2022-26949
[ SRC   ] Tenable (Nessus)
[ URL   ] https://www.tenable.com/cve/CVE-2022-26949
2022-03-30 15:08:12 [INFO] : [邮件] 正在推送威胁情报...
2022-03-30 15:08:12 [INFO] : [邮件] 收件人清单： ['207176126@qq.com']
2022-03-30 15:08:13 [INFO] : [邮件] 推送威胁情报成功
2022-03-30 15:08:13 [INFO] : 正在提交变更...
2022-03-30 15:08:21 [INFO] : 提交变更成功
2022-03-30 17:03:14 [INFO] : ++++++++++++++++++++++++++++++++++++++++++++
2022-03-30 17:03:14 [INFO] : 正在获取 [数字观星POC++] 威胁情报...
2022-03-30 17:03:15 [INFO] : 得到 [数字观星POC++] 最新威胁情报 [1] 条
2022-03-30 17:03:15 [INFO] : --------------------------------------------
2022-03-30 17:03:15 [INFO] : 
==============================================
[ TITLE ] Spring 框架远程代码执行漏洞
[ TIME  ] 2022-03-30 10:11:01
[ CVE   ] 
[ SRC   ] 数字观星POC++
[ URL   ] https://poc.shuziguanxing.com/#/publicIssueInfo#issueId=5734
2022-03-30 17:03:15 [INFO] : ++++++++++++++++++++++++++++++++++++++++++++
2022-03-30 17:03:15 [INFO] : 正在获取 [阿里云] 威胁情报...
2022-03-30 17:03:15 [INFO] : 得到 [阿里云] 最新威胁情报 [1] 条
2022-03-30 17:03:15 [INFO] : --------------------------------------------
2022-03-30 17:03:15 [INFO] : 
==============================================
[ TITLE ] Spring Cloud Function functionRouter SPEL代码执行漏洞（CVE-2022-22963）
                        
[ TIME  ] 2022-03-25 17:03:15
[ CVE   ] CVE-2022-22963
[ SRC   ] 阿里云
[ URL   ] https://avd.aliyun.com/detail?id=AVD-2022-1117998
2022-03-30 17:03:15 [INFO] : ++++++++++++++++++++++++++++++++++++++++++++
2022-03-30 17:03:15 [INFO] : 正在获取 [国家信息安全漏洞共享平台（CNVD）] 威胁情报...
2022-03-30 17:03:50 [INFO] : 得到 [国家信息安全漏洞共享平台（CNVD）] 最新威胁情报 [7] 条
2022-03-30 17:03:50 [INFO] : --------------------------------------------
2022-03-30 17:03:50 [INFO] : 
==============================================
[ TITLE ] Apple Xcode越界读取漏洞
[ TIME  ] 2022-03-30 17:03:29
[ CVE   ] CNVD-2022-23939 (CVE-2022-22601)
[ SRC   ] 国家信息安全漏洞共享平台（CNVD）
[ URL   ] https://www.cnvd.org.cn/flaw/show/CNVD-2022-23939
2022-03-30 17:03:50 [INFO] : 
==============================================
[ TITLE ] Apple Xcode越界读取漏洞
[ TIME  ] 2022-03-30 17:03:31
[ CVE   ] CNVD-2022-23938 (CVE-2022-22608)
[ SRC   ] 国家信息安全漏洞共享平台（CNVD）
[ URL   ] https://www.cnvd.org.cn/flaw/show/CNVD-2022-23938
2022-03-30 17:03:50 [INFO] : 
==============================================
[ TITLE ] Apple Xcode越界读取漏洞
[ TIME  ] 2022-03-30 17:03:33
[ CVE   ] CNVD-2022-23937 (CVE-2022-22607)
[ SRC   ] 国家信息安全漏洞共享平台（CNVD）
[ URL   ] https://www.cnvd.org.cn/flaw/show/CNVD-2022-23937
2022-03-30 17:03:50 [INFO] : 
==============================================
[ TITLE ] Apple Xcode越界读取漏洞
[ TIME  ] 2022-03-30 17:03:36
[ CVE   ] CNVD-2022-23936 (CVE-2022-22606)
[ SRC   ] 国家信息安全漏洞共享平台（CNVD）
[ URL   ] https://www.cnvd.org.cn/flaw/show/CNVD-2022-23936
2022-03-30 17:03:50 [INFO] : 
==============================================
[ TITLE ] Apple Xcode越界读取漏洞
[ TIME  ] 2022-03-30 17:03:38
[ CVE   ] CNVD-2022-23935 (CVE-2022-22603)
[ SRC   ] 国家信息安全漏洞共享平台（CNVD）
[ URL   ] https://www.cnvd.org.cn/flaw/show/CNVD-2022-23935
2022-03-30 17:03:50 [INFO] : 
==============================================
[ TITLE ] Apple Xcode越界读取漏洞
[ TIME  ] 2022-03-30 17:03:40
[ CVE   ] CNVD-2022-23934 (CVE-2022-22604)
[ SRC   ] 国家信息安全漏洞共享平台（CNVD）
[ URL   ] https://www.cnvd.org.cn/flaw/show/CNVD-2022-23934
2022-03-30 17:03:50 [INFO] : 
==============================================
[ TITLE ] Apple Xcode越界读取漏洞
[ TIME  ] 2022-03-30 17:03:42
[ CVE   ] CNVD-2022-23933 (CVE-2022-22602)
[ SRC   ] 国家信息安全漏洞共享平台（CNVD）
[ URL   ] https://www.cnvd.org.cn/flaw/show/CNVD-2022-23933
2022-03-30 17:03:50 [INFO] : ++++++++++++++++++++++++++++++++++++++++++++
2022-03-30 17:03:50 [INFO] : 正在获取 [国家信息安全漏洞库（CNNVD）] 威胁情报...
2022-03-30 17:04:04 [INFO] : 得到 [国家信息安全漏洞库（CNNVD）] 最新威胁情报 [0] 条
2022-03-30 17:04:04 [INFO] : --------------------------------------------
2022-03-30 17:04:04 [INFO] : ++++++++++++++++++++++++++++++++++++++++++++
2022-03-30 17:04:04 [INFO] : 正在获取 [360 网络安全响应中心] 威胁情报...
2022-03-30 17:04:04 [INFO] : 得到 [360 网络安全响应中心] 最新威胁情报 [0] 条
2022-03-30 17:04:04 [INFO] : --------------------------------------------
2022-03-30 17:04:04 [INFO] : ++++++++++++++++++++++++++++++++++++++++++++
2022-03-30 17:04:04 [INFO] : 正在获取 [美国国家漏洞数据库（NVD）] 威胁情报...
2022-03-30 17:04:06 [INFO] : 得到 [美国国家漏洞数据库（NVD）] 最新威胁情报 [0] 条
2022-03-30 17:04:06 [INFO] : --------------------------------------------
2022-03-30 17:04:06 [INFO] : ++++++++++++++++++++++++++++++++++++++++++++
2022-03-30 17:04:06 [INFO] : 正在获取 [信息安全漏洞门户] 威胁情报...
2022-03-30 17:04:06 [INFO] : 得到 [信息安全漏洞门户] 最新威胁情报 [0] 条
2022-03-30 17:04:06 [INFO] : --------------------------------------------
2022-03-30 17:04:06 [INFO] : ++++++++++++++++++++++++++++++++++++++++++++
2022-03-30 17:04:06 [INFO] : 正在获取 [绿盟] 威胁情报...
2022-03-30 17:04:07 [INFO] : 得到 [绿盟] 最新威胁情报 [0] 条
2022-03-30 17:04:07 [INFO] : --------------------------------------------
2022-03-30 17:04:07 [INFO] : ++++++++++++++++++++++++++++++++++++++++++++
2022-03-30 17:04:07 [INFO] : 正在获取 [奇安信] 威胁情报...
2022-03-30 17:04:09 [INFO] : 得到 [奇安信] 最新威胁情报 [0] 条
2022-03-30 17:04:09 [INFO] : --------------------------------------------
2022-03-30 17:04:09 [INFO] : ++++++++++++++++++++++++++++++++++++++++++++
2022-03-30 17:04:09 [INFO] : 正在获取 [红后] 威胁情报...
2022-03-30 17:04:10 [INFO] : 得到 [红后] 最新威胁情报 [10] 条
2022-03-30 17:04:10 [INFO] : --------------------------------------------
2022-03-30 17:04:10 [INFO] : 
==============================================
[ TITLE ] Cybozu Office 权限许可和访问控制问题漏洞
[ TIME  ] 2022-03-30 13:53:49
[ CVE   ] CVE-2021-20624
[ SRC   ] 红后
[ URL   ] https://redqueen.tj-un.com/IntelDetails.html?id=855f85584f424db1addc885e2424d811
2022-03-30 17:04:10 [INFO] : 
==============================================
[ TITLE ] lldpd 资源管理错误漏洞
[ TIME  ] 2022-03-30 13:53:45
[ CVE   ] CVE-2020-27827
[ SRC   ] 红后
[ URL   ] https://redqueen.tj-un.com/IntelDetails.html?id=74c5d068131940c0bdbd41fb20c18e9f
2022-03-30 17:04:10 [INFO] : 
==============================================
[ TITLE ] Linux kernel 缓冲区错误漏洞
[ TIME  ] 2022-03-30 13:53:41
[ CVE   ] CVE-2021-28660
[ SRC   ] 红后
[ URL   ] https://redqueen.tj-un.com/IntelDetails.html?id=c4cda8a92de74fb899cb959128cf8d9b
2022-03-30 17:04:10 [INFO] : 
==============================================
[ TITLE ] Rohan Kumar kubernetes-client 路径遍历漏洞
[ TIME  ] 2022-03-30 13:53:37
[ CVE   ] CVE-2021-20218
[ SRC   ] 红后
[ URL   ] https://redqueen.tj-un.com/IntelDetails.html?id=2585d9c219ca43a3a83226f38f93fc96
2022-03-30 17:04:10 [INFO] : 
==============================================
[ TITLE ] Matthäus G. Chajdas pygments 安全漏洞
[ TIME  ] 2022-03-30 13:53:33
[ CVE   ] CVE-2021-27291
[ SRC   ] 红后
[ URL   ] https://redqueen.tj-un.com/IntelDetails.html?id=58433e1116a546a1bbd0456cb9f584f8
2022-03-30 17:04:10 [INFO] : 
==============================================
[ TITLE ] FUJITSU LIMITED Fujitsu ServerView Suite 跨站脚本漏洞
[ TIME  ] 2022-03-30 13:53:29
[ CVE   ] CVE-2020-17457
[ SRC   ] 红后
[ URL   ] https://redqueen.tj-un.com/IntelDetails.html?id=1f916a6f649f4d29b50987351a962853
2022-03-30 17:04:10 [INFO] : 
==============================================
[ TITLE ] Apache Subversion 代码问题漏洞
[ TIME  ] 2022-03-30 13:53:25
[ CVE   ] CVE-2020-17525
[ SRC   ] 红后
[ URL   ] https://redqueen.tj-un.com/IntelDetails.html?id=ba253e5fc61c4fb2acafb8a8f569638d
2022-03-30 17:04:10 [INFO] : 
==============================================
[ TITLE ] Genivia gSOAP 安全漏洞
[ TIME  ] 2022-03-30 13:53:25
[ CVE   ] CVE-2020-13577
[ SRC   ] 红后
[ URL   ] https://redqueen.tj-un.com/IntelDetails.html?id=68432d0c57dc431dafade5439fd259c7
2022-03-30 17:04:10 [INFO] : 
==============================================
[ TITLE ] Genivia gSOAP 代码问题漏洞
[ TIME  ] 2022-03-30 13:53:17
[ CVE   ] CVE-2020-13574
[ SRC   ] 红后
[ URL   ] https://redqueen.tj-un.com/IntelDetails.html?id=0855cf3cee274c54a0799727d5b3047e
2022-03-30 17:04:10 [INFO] : 
==============================================
[ TITLE ] Red Hat OpenShift Container Platform 安全漏洞
[ TIME  ] 2022-03-30 13:53:04
[ CVE   ] CVE-2021-3344
[ SRC   ] 红后
[ URL   ] https://redqueen.tj-un.com/IntelDetails.html?id=affd5e74cc8e4a94aa45d60833f18146
2022-03-30 17:04:10 [INFO] : ++++++++++++++++++++++++++++++++++++++++++++
2022-03-30 17:04:10 [INFO] : 正在获取 [斗象] 威胁情报...
2022-03-30 17:04:13 [INFO] : 得到 [斗象] 最新威胁情报 [0] 条
2022-03-30 17:04:14 [INFO] : --------------------------------------------
2022-03-30 17:04:14 [INFO] : ++++++++++++++++++++++++++++++++++++++++++++
2022-03-30 17:04:14 [INFO] : 正在获取 [Tenable (Nessus)] 威胁情报...
2022-03-30 17:04:14 [INFO] : 得到 [Tenable (Nessus)] 最新威胁情报 [0] 条
2022-03-30 17:04:14 [INFO] : --------------------------------------------
2022-03-30 17:04:14 [INFO] : [邮件] 正在推送威胁情报...
2022-03-30 17:04:14 [INFO] : [邮件] 收件人清单： ['207176126@qq.com']
2022-03-30 17:04:15 [INFO] : [邮件] 推送威胁情报成功
2022-03-30 17:04:15 [INFO] : 正在提交变更...
2022-03-30 17:04:20 [INFO] : 提交变更成功
2022-03-30 20:19:32 [INFO] : ++++++++++++++++++++++++++++++++++++++++++++
2022-03-30 20:19:32 [INFO] : 正在获取 [数字观星POC++] 威胁情报...
2022-03-30 20:19:33 [INFO] : 得到 [数字观星POC++] 最新威胁情报 [0] 条
2022-03-30 20:19:33 [INFO] : --------------------------------------------
2022-03-30 20:19:33 [INFO] : ++++++++++++++++++++++++++++++++++++++++++++
2022-03-30 20:19:33 [INFO] : 正在获取 [阿里云] 威胁情报...
2022-03-30 20:19:33 [INFO] : 得到 [阿里云] 最新威胁情报 [0] 条
2022-03-30 20:19:33 [INFO] : --------------------------------------------
2022-03-30 20:19:33 [INFO] : ++++++++++++++++++++++++++++++++++++++++++++
2022-03-30 20:19:33 [INFO] : 正在获取 [国家信息安全漏洞共享平台（CNVD）] 威胁情报...
2022-03-30 20:19:57 [INFO] : 得到 [国家信息安全漏洞共享平台（CNVD）] 最新威胁情报 [0] 条
2022-03-30 20:19:57 [INFO] : --------------------------------------------
2022-03-30 20:19:57 [INFO] : ++++++++++++++++++++++++++++++++++++++++++++
2022-03-30 20:19:57 [INFO] : 正在获取 [国家信息安全漏洞库（CNNVD）] 威胁情报...
2022-03-30 20:20:13 [INFO] : 得到 [国家信息安全漏洞库（CNNVD）] 最新威胁情报 [10] 条
2022-03-30 20:20:13 [INFO] : --------------------------------------------
2022-03-30 20:20:13 [INFO] : 
==============================================
[ TITLE ] Philips e-Alert 访问控制错误漏洞
[ TIME  ] 2022-03-29 20:19:59
[ CVE   ] CNNVD-202203-2510 (CVE-2022-0922)
[ SRC   ] 国家信息安全漏洞库（CNNVD）
[ URL   ] http://www.cnnvd.org.cn/web/xxk/ldxqById.tag?CNNVD=CNNVD-202203-2510
2022-03-30 20:20:13 [INFO] : 
==============================================
[ TITLE ] Sourcecodester Hospital Patient Records Management System跨站脚本漏洞
[ TIME  ] 2022-03-29 20:20:01
[ CVE   ] CNNVD-202203-2509 (CVE-2022-26244)
[ SRC   ] 国家信息安全漏洞库（CNNVD）
[ URL   ] http://www.cnnvd.org.cn/web/xxk/ldxqById.tag?CNNVD=CNNVD-202203-2509
2022-03-30 20:20:13 [INFO] : 
==============================================
[ TITLE ] Trend Micro Apex Central 安全漏洞
[ TIME  ] 2022-03-29 20:20:02
[ CVE   ] CNNVD-202203-2508 (CVE-2022-26871)
[ SRC   ] 国家信息安全漏洞库（CNNVD）
[ URL   ] http://www.cnnvd.org.cn/web/xxk/ldxqById.tag?CNNVD=CNNVD-202203-2508
2022-03-30 20:20:13 [INFO] : 
==============================================
[ TITLE ] Draytek多款产品安全漏洞
[ TIME  ] 2022-03-29 20:20:04
[ CVE   ] CNNVD-202203-2507 (CVE-2021-42911)
[ SRC   ] 国家信息安全漏洞库（CNNVD）
[ URL   ] http://www.cnnvd.org.cn/web/xxk/ldxqById.tag?CNNVD=CNNVD-202203-2507
2022-03-30 20:20:13 [INFO] : 
==============================================
[ TITLE ] RSA Archer 安全漏洞
[ TIME  ] 2022-03-29 20:20:05
[ CVE   ] CNNVD-202203-2506 (CVE-2021-41594)
[ SRC   ] 国家信息安全漏洞库（CNNVD）
[ URL   ] http://www.cnnvd.org.cn/web/xxk/ldxqById.tag?CNNVD=CNNVD-202203-2506
2022-03-30 20:20:13 [INFO] : 
==============================================
[ TITLE ] RSA Archer 跨站脚本漏洞
[ TIME  ] 2022-03-29 20:20:07
[ CVE   ] CNNVD-202203-2505 (CVE-2022-26951)
[ SRC   ] 国家信息安全漏洞库（CNNVD）
[ URL   ] http://www.cnnvd.org.cn/web/xxk/ldxqById.tag?CNNVD=CNNVD-202203-2505
2022-03-30 20:20:13 [INFO] : 
==============================================
[ TITLE ] cxuucms安全漏洞
[ TIME  ] 2022-03-29 20:20:08
[ CVE   ] CNNVD-202203-2504 (CVE-2021-42970)
[ SRC   ] 国家信息安全漏洞库（CNNVD）
[ URL   ] http://www.cnnvd.org.cn/web/xxk/ldxqById.tag?CNNVD=CNNVD-202203-2504
2022-03-30 20:20:13 [INFO] : 
==============================================
[ TITLE ] RSA Archer访问控制错误漏洞
[ TIME  ] 2022-03-29 20:20:09
[ CVE   ] CNNVD-202203-2503 (CVE-2022-26949)
[ SRC   ] 国家信息安全漏洞库（CNNVD）
[ URL   ] http://www.cnnvd.org.cn/web/xxk/ldxqById.tag?CNNVD=CNNVD-202203-2503
2022-03-30 20:20:13 [INFO] : 
==============================================
[ TITLE ] PuneethReddyHc Online Shopping System Advanced SQL注入漏洞
[ TIME  ] 2022-03-29 20:20:11
[ CVE   ] CNNVD-202203-2502 (CVE-2021-43109)
[ SRC   ] 国家信息安全漏洞库（CNNVD）
[ URL   ] http://www.cnnvd.org.cn/web/xxk/ldxqById.tag?CNNVD=CNNVD-202203-2502
2022-03-30 20:20:13 [INFO] : 
==============================================
[ TITLE ] Yubico ykneo-openpgp 安全漏洞
[ TIME  ] 2022-03-29 20:20:12
[ CVE   ] CNNVD-202203-2501 (CVE-2015-3298)
[ SRC   ] 国家信息安全漏洞库（CNNVD）
[ URL   ] http://www.cnnvd.org.cn/web/xxk/ldxqById.tag?CNNVD=CNNVD-202203-2501
2022-03-30 20:20:13 [INFO] : ++++++++++++++++++++++++++++++++++++++++++++
2022-03-30 20:20:13 [INFO] : 正在获取 [360 网络安全响应中心] 威胁情报...
2022-03-30 20:20:14 [INFO] : 得到 [360 网络安全响应中心] 最新威胁情报 [0] 条
2022-03-30 20:20:14 [INFO] : --------------------------------------------
2022-03-30 20:20:14 [INFO] : ++++++++++++++++++++++++++++++++++++++++++++
2022-03-30 20:20:14 [INFO] : 正在获取 [美国国家漏洞数据库（NVD）] 威胁情报...
2022-03-30 20:20:15 [INFO] : 得到 [美国国家漏洞数据库（NVD）] 最新威胁情报 [0] 条
2022-03-30 20:20:15 [INFO] : --------------------------------------------
2022-03-30 20:20:15 [INFO] : ++++++++++++++++++++++++++++++++++++++++++++
2022-03-30 20:20:15 [INFO] : 正在获取 [信息安全漏洞门户] 威胁情报...
2022-03-30 20:20:16 [INFO] : 得到 [信息安全漏洞门户] 最新威胁情报 [0] 条
2022-03-30 20:20:16 [INFO] : --------------------------------------------
2022-03-30 20:20:16 [INFO] : ++++++++++++++++++++++++++++++++++++++++++++
2022-03-30 20:20:16 [INFO] : 正在获取 [绿盟] 威胁情报...
2022-03-30 20:20:16 [INFO] : 得到 [绿盟] 最新威胁情报 [15] 条
2022-03-30 20:20:16 [INFO] : --------------------------------------------
2022-03-30 20:20:16 [INFO] : 
==============================================
[ TITLE ] Code42 Software Code42任意代码执行漏洞
[ TIME  ] 2022-03-30 20:20:16
[ CVE   ] CVE-2021-43269
[ SRC   ] 绿盟
[ URL   ] http://www.nsfocus.net/vulndb/63928
2022-03-30 20:20:16 [INFO] : 
==============================================
[ TITLE ] QEMU空指针解引用漏洞
[ TIME  ] 2022-03-30 20:20:16
[ CVE   ] CVE-2021-4145
[ SRC   ] 绿盟
[ URL   ] http://www.nsfocus.net/vulndb/63927
2022-03-30 20:20:16 [INFO] : 
==============================================
[ TITLE ] Fresenius Kabi Agilia Connect Infusion System授权错误漏洞
[ TIME  ] 2022-03-30 20:20:16
[ CVE   ] CVE-2021-43355
[ SRC   ] 绿盟
[ URL   ] http://www.nsfocus.net/vulndb/63926
2022-03-30 20:20:16 [INFO] : 
==============================================
[ TITLE ] Fresenius Kabi Agilia Connect Infusion System授权错误漏洞
[ TIME  ] 2022-03-30 20:20:16
[ CVE   ] CVE-2021-33843
[ SRC   ] 绿盟
[ URL   ] http://www.nsfocus.net/vulndb/63925
2022-03-30 20:20:16 [INFO] : 
==============================================
[ TITLE ] Fresenius Kabi Agilia Connect Infusion System信息泄露漏洞
[ TIME  ] 2022-03-30 20:20:16
[ CVE   ] CVE-2021-23195
[ SRC   ] 绿盟
[ URL   ] http://www.nsfocus.net/vulndb/63924
2022-03-30 20:20:16 [INFO] : 
==============================================
[ TITLE ] Oracle MySQL Server拒绝服务漏洞
[ TIME  ] 2022-03-30 20:20:16
[ CVE   ] CVE-2022-21304
[ SRC   ] 绿盟
[ URL   ] http://www.nsfocus.net/vulndb/63923
2022-03-30 20:20:16 [INFO] : 
==============================================
[ TITLE ] Oracle MySQL Server拒绝服务漏洞
[ TIME  ] 2022-03-30 20:20:16
[ CVE   ] CVE-2022-21256
[ SRC   ] 绿盟
[ URL   ] http://www.nsfocus.net/vulndb/63922
2022-03-30 20:20:16 [INFO] : 
==============================================
[ TITLE ] McAfee Data Loss Protection（DLP）ePO Extension SQL注入漏洞
[ TIME  ] 2022-03-30 20:20:16
[ CVE   ] CVE-2021-4088
[ SRC   ] 绿盟
[ URL   ] http://www.nsfocus.net/vulndb/63921
2022-03-30 20:20:16 [INFO] : 
==============================================
[ TITLE ] IBM Cognos Controller XML外部实体注入漏洞
[ TIME  ] 2022-03-30 20:20:16
[ CVE   ] CVE-2020-4875
[ SRC   ] 绿盟
[ URL   ] http://www.nsfocus.net/vulndb/63920
2022-03-30 20:20:16 [INFO] : 
==============================================
[ TITLE ] Apache ShenYu信息泄露漏洞
[ TIME  ] 2022-03-30 20:20:16
[ CVE   ] CVE-2022-23223
[ SRC   ] 绿盟
[ URL   ] http://www.nsfocus.net/vulndb/63919
2022-03-30 20:20:16 [INFO] : 
==============================================
[ TITLE ] Apache ShardingSphere ElasticJob-UI信息泄露漏洞
[ TIME  ] 2022-03-30 20:20:16
[ CVE   ] CVE-2022-22733
[ SRC   ] 绿盟
[ URL   ] http://www.nsfocus.net/vulndb/63918
2022-03-30 20:20:16 [INFO] : 
==============================================
[ TITLE ] Autodesk Design Review内存破坏漏洞
[ TIME  ] 2022-03-30 20:20:16
[ CVE   ] CVE-2021-40167
[ SRC   ] 绿盟
[ URL   ] http://www.nsfocus.net/vulndb/63917
2022-03-30 20:20:16 [INFO] : 
==============================================
[ TITLE ] Jsish堆缓冲区溢出漏洞
[ TIME  ] 2022-03-30 20:20:16
[ CVE   ] CVE-2021-46478
[ SRC   ] 绿盟
[ URL   ] http://www.nsfocus.net/vulndb/63916
2022-03-30 20:20:16 [INFO] : 
==============================================
[ TITLE ] WordPress Email Tracker跨站请求伪造漏洞
[ TIME  ] 2022-03-30 20:20:16
[ CVE   ] CVE-2021-44777
[ SRC   ] 绿盟
[ URL   ] http://www.nsfocus.net/vulndb/63915
2022-03-30 20:20:16 [INFO] : 
==============================================
[ TITLE ] oretnom23 Storage Unit Rental Management System SQL注入漏洞
[ TIME  ] 2022-03-30 20:20:16
[ CVE   ] CVE-2021-40907
[ SRC   ] 绿盟
[ URL   ] http://www.nsfocus.net/vulndb/63914
2022-03-30 20:20:16 [INFO] : ++++++++++++++++++++++++++++++++++++++++++++
2022-03-30 20:20:16 [INFO] : 正在获取 [奇安信] 威胁情报...
2022-03-30 20:20:17 [INFO] : 得到 [奇安信] 最新威胁情报 [0] 条
2022-03-30 20:20:17 [INFO] : --------------------------------------------
2022-03-30 20:20:17 [INFO] : ++++++++++++++++++++++++++++++++++++++++++++
2022-03-30 20:20:17 [INFO] : 正在获取 [红后] 威胁情报...
2022-03-30 20:20:17 [INFO] : 得到 [红后] 最新威胁情报 [1] 条
2022-03-30 20:20:17 [INFO] : --------------------------------------------
2022-03-30 20:20:17 [INFO] : 
==============================================
[ TITLE ] Apache Spark 命令注入漏洞
[ TIME  ] 
[ CVE   ] 
[ SRC   ] 红后
[ URL   ] https://redqueen.tj-un.com/IntelDetails.html?id=69f63aebac9341019f0400fa2a3b3355
2022-03-30 20:20:17 [INFO] : ++++++++++++++++++++++++++++++++++++++++++++
2022-03-30 20:20:17 [INFO] : 正在获取 [斗象] 威胁情报...
2022-03-30 20:20:20 [INFO] : 得到 [斗象] 最新威胁情报 [1] 条
2022-03-30 20:20:20 [INFO] : --------------------------------------------
2022-03-30 20:20:20 [INFO] : 
==============================================
[ TITLE ] Linux Kernel本地提权漏洞（CVE-2022-0847）
[ TIME  ] 2022-03-15 11:32:03
[ CVE   ] CVE-2022-0847
[ SRC   ] 斗象
[ URL   ] https://vas.riskivy.com/vuln-detail?id=1447
2022-03-30 20:20:20 [INFO] : ++++++++++++++++++++++++++++++++++++++++++++
2022-03-30 20:20:20 [INFO] : 正在获取 [Tenable (Nessus)] 威胁情报...
2022-03-30 20:20:20 [INFO] : 得到 [Tenable (Nessus)] 最新威胁情报 [5] 条
2022-03-30 20:20:20 [INFO] : --------------------------------------------
2022-03-30 20:20:20 [INFO] : 
==============================================
[ TITLE ] An issue was discovered in Mediawiki through 1.37.1. The check for the override-antispoof permission in the AntiSpoof extension is incorrect.
[ TIME  ] 2022-03-30 07:15:00
[ CVE   ] CVE-2022-28209
[ SRC   ] Tenable (Nessus)
[ URL   ] https://www.tenable.com/cve/CVE-2022-28209
2022-03-30 20:20:20 [INFO] : 
==============================================
[ TITLE ] An issue was discovered in MediaWiki through 1.37.1. ImportPlanValidator.php in the FileImporter extension mishandles the check for edit rights.
[ TIME  ] 2022-03-30 07:15:00
[ CVE   ] CVE-2022-28206
[ SRC   ] Tenable (Nessus)
[ URL   ] https://www.tenable.com/cve/CVE-2022-28206
2022-03-30 20:20:20 [INFO] : 
==============================================
[ TITLE ] An issue was discovered in MediaWiki through 1.37.1. The CentralAuth extension mishandles a ttl issue for groups expiring in the future.
[ TIME  ] 2022-03-30 07:15:00
[ CVE   ] CVE-2022-28205
[ SRC   ] Tenable (Nessus)
[ URL   ] https://www.tenable.com/cve/CVE-2022-28205
2022-03-30 20:20:20 [INFO] : 
==============================================
[ TITLE ] Cross-site Scripting (XSS) - Stored in GitHub repository mineweb/minewebcms prior to next.
[ TIME  ] 2022-03-30 07:15:00
[ CVE   ] CVE-2022-1163
[ SRC   ] Tenable (Nessus)
[ URL   ] https://www.tenable.com/cve/CVE-2022-1163
2022-03-30 20:20:20 [INFO] : 
==============================================
[ TITLE ] An XSS issue was discovered in MediaWiki before 1.35.6, 1.36.x before 1.36.4, and 1.37.x before 1.37.2. The widthheight, widthheightpage, and nbytes properties of messages are not escaped when used in galleries or Special:RevisionDelete.
[ TIME  ] 2022-03-30 06:15:00
[ CVE   ] CVE-2022-28202
[ SRC   ] Tenable (Nessus)
[ URL   ] https://www.tenable.com/cve/CVE-2022-28202
2022-03-30 20:20:21 [INFO] : [邮件] 正在推送威胁情报...
2022-03-30 20:20:21 [INFO] : [邮件] 收件人清单： ['207176126@qq.com']
2022-03-30 20:20:21 [INFO] : [邮件] 推送威胁情报成功
2022-03-30 20:20:21 [INFO] : 正在提交变更...
2022-03-30 20:20:27 [INFO] : 提交变更成功
2022-03-30 21:02:11 [INFO] : ++++++++++++++++++++++++++++++++++++++++++++
2022-03-30 21:02:11 [INFO] : 正在获取 [数字观星POC++] 威胁情报...
2022-03-30 21:02:12 [INFO] : 得到 [数字观星POC++] 最新威胁情报 [0] 条
2022-03-30 21:02:12 [INFO] : --------------------------------------------
2022-03-30 21:02:12 [INFO] : ++++++++++++++++++++++++++++++++++++++++++++
2022-03-30 21:02:12 [INFO] : 正在获取 [阿里云] 威胁情报...
2022-03-30 21:02:12 [INFO] : 得到 [阿里云] 最新威胁情报 [0] 条
2022-03-30 21:02:12 [INFO] : --------------------------------------------
2022-03-30 21:02:12 [INFO] : ++++++++++++++++++++++++++++++++++++++++++++
2022-03-30 21:02:12 [INFO] : 正在获取 [国家信息安全漏洞共享平台（CNVD）] 威胁情报...
2022-03-30 21:02:37 [INFO] : 得到 [国家信息安全漏洞共享平台（CNVD）] 最新威胁情报 [0] 条
2022-03-30 21:02:37 [INFO] : --------------------------------------------
2022-03-30 21:02:37 [INFO] : ++++++++++++++++++++++++++++++++++++++++++++
2022-03-30 21:02:37 [INFO] : 正在获取 [国家信息安全漏洞库（CNNVD）] 威胁情报...
2022-03-30 21:02:50 [INFO] : 得到 [国家信息安全漏洞库（CNNVD）] 最新威胁情报 [0] 条
2022-03-30 21:02:50 [INFO] : --------------------------------------------
2022-03-30 21:02:50 [INFO] : ++++++++++++++++++++++++++++++++++++++++++++
2022-03-30 21:02:50 [INFO] : 正在获取 [360 网络安全响应中心] 威胁情报...
2022-03-30 21:02:50 [INFO] : 得到 [360 网络安全响应中心] 最新威胁情报 [0] 条
2022-03-30 21:02:50 [INFO] : --------------------------------------------
2022-03-30 21:02:50 [INFO] : ++++++++++++++++++++++++++++++++++++++++++++
2022-03-30 21:02:50 [INFO] : 正在获取 [美国国家漏洞数据库（NVD）] 威胁情报...
2022-03-30 21:02:52 [INFO] : 得到 [美国国家漏洞数据库（NVD）] 最新威胁情报 [0] 条
2022-03-30 21:02:52 [INFO] : --------------------------------------------
2022-03-30 21:02:52 [INFO] : ++++++++++++++++++++++++++++++++++++++++++++
2022-03-30 21:02:52 [INFO] : 正在获取 [信息安全漏洞门户] 威胁情报...
2022-03-30 21:02:54 [INFO] : 得到 [信息安全漏洞门户] 最新威胁情报 [0] 条
2022-03-30 21:02:54 [INFO] : --------------------------------------------
2022-03-30 21:02:54 [INFO] : ++++++++++++++++++++++++++++++++++++++++++++
2022-03-30 21:02:54 [INFO] : 正在获取 [绿盟] 威胁情报...
2022-03-30 21:02:54 [INFO] : 得到 [绿盟] 最新威胁情报 [0] 条
2022-03-30 21:02:54 [INFO] : --------------------------------------------
2022-03-30 21:02:54 [INFO] : ++++++++++++++++++++++++++++++++++++++++++++
2022-03-30 21:02:54 [INFO] : 正在获取 [奇安信] 威胁情报...
2022-03-30 21:02:55 [INFO] : 得到 [奇安信] 最新威胁情报 [0] 条
2022-03-30 21:02:55 [INFO] : --------------------------------------------
2022-03-30 21:02:55 [INFO] : ++++++++++++++++++++++++++++++++++++++++++++
2022-03-30 21:02:55 [INFO] : 正在获取 [红后] 威胁情报...
2022-03-30 21:02:55 [INFO] : 得到 [红后] 最新威胁情报 [0] 条
2022-03-30 21:02:55 [INFO] : --------------------------------------------
2022-03-30 21:02:55 [INFO] : ++++++++++++++++++++++++++++++++++++++++++++
2022-03-30 21:02:55 [INFO] : 正在获取 [斗象] 威胁情报...
2022-03-30 21:02:58 [INFO] : 得到 [斗象] 最新威胁情报 [0] 条
2022-03-30 21:02:58 [INFO] : --------------------------------------------
2022-03-30 21:02:58 [INFO] : ++++++++++++++++++++++++++++++++++++++++++++
2022-03-30 21:02:58 [INFO] : 正在获取 [Tenable (Nessus)] 威胁情报...
2022-03-30 21:02:58 [INFO] : 得到 [Tenable (Nessus)] 最新威胁情报 [0] 条
2022-03-30 21:02:58 [INFO] : --------------------------------------------
2022-03-30 21:02:58 [INFO] : 正在提交变更...
2022-03-30 21:03:03 [INFO] : 提交变更成功
2022-03-30 21:43:18 [INFO] : ++++++++++++++++++++++++++++++++++++++++++++
2022-03-30 21:43:18 [INFO] : 正在获取 [数字观星POC++] 威胁情报...
2022-03-30 21:43:19 [INFO] : 得到 [数字观星POC++] 最新威胁情报 [0] 条
2022-03-30 21:43:19 [INFO] : --------------------------------------------
2022-03-30 21:43:19 [INFO] : ++++++++++++++++++++++++++++++++++++++++++++
2022-03-30 21:43:19 [INFO] : 正在获取 [阿里云] 威胁情报...
2022-03-30 21:43:20 [INFO] : 得到 [阿里云] 最新威胁情报 [0] 条
2022-03-30 21:43:20 [INFO] : --------------------------------------------
2022-03-30 21:43:20 [INFO] : ++++++++++++++++++++++++++++++++++++++++++++
2022-03-30 21:43:20 [INFO] : 正在获取 [国家信息安全漏洞共享平台（CNVD）] 威胁情报...
2022-03-30 21:43:43 [INFO] : 得到 [国家信息安全漏洞共享平台（CNVD）] 最新威胁情报 [0] 条
2022-03-30 21:43:43 [INFO] : --------------------------------------------
2022-03-30 21:43:43 [INFO] : ++++++++++++++++++++++++++++++++++++++++++++
2022-03-30 21:43:43 [INFO] : 正在获取 [国家信息安全漏洞库（CNNVD）] 威胁情报...
2022-03-30 21:43:57 [INFO] : 得到 [国家信息安全漏洞库（CNNVD）] 最新威胁情报 [0] 条
2022-03-30 21:43:57 [INFO] : --------------------------------------------
2022-03-30 21:43:57 [INFO] : ++++++++++++++++++++++++++++++++++++++++++++
2022-03-30 21:43:57 [INFO] : 正在获取 [360 网络安全响应中心] 威胁情报...
2022-03-30 21:43:57 [INFO] : 得到 [360 网络安全响应中心] 最新威胁情报 [0] 条
2022-03-30 21:43:57 [INFO] : --------------------------------------------
2022-03-30 21:43:57 [INFO] : ++++++++++++++++++++++++++++++++++++++++++++
2022-03-30 21:43:57 [INFO] : 正在获取 [美国国家漏洞数据库（NVD）] 威胁情报...
2022-03-30 21:43:59 [INFO] : 得到 [美国国家漏洞数据库（NVD）] 最新威胁情报 [0] 条
2022-03-30 21:43:59 [INFO] : --------------------------------------------
2022-03-30 21:43:59 [INFO] : ++++++++++++++++++++++++++++++++++++++++++++
2022-03-30 21:43:59 [INFO] : 正在获取 [信息安全漏洞门户] 威胁情报...
2022-03-30 21:43:59 [INFO] : 得到 [信息安全漏洞门户] 最新威胁情报 [10] 条
2022-03-30 21:43:59 [INFO] : --------------------------------------------
2022-03-30 21:43:59 [INFO] : 
==============================================
[ TITLE ] RSA Archer 安全漏洞
                    
[ TIME  ] 2022-03-29 21:43:59
[ CVE   ] CVE-2021-41594
[ SRC   ] 信息安全漏洞门户
[ URL   ] http://cve.scap.org.cn/vuln/VHN-402748
2022-03-30 21:43:59 [INFO] : 
==============================================
[ TITLE ] Draytek多款产品安全漏洞
                    
[ TIME  ] 2022-03-29 21:43:59
[ CVE   ] CVE-2021-42911
[ SRC   ] 信息安全漏洞门户
[ URL   ] http://cve.scap.org.cn/vuln/VHN-403964
2022-03-30 21:43:59 [INFO] : 
==============================================
[ TITLE ] cxuucms安全漏洞
                    
[ TIME  ] 2022-03-29 21:43:59
[ CVE   ] CVE-2021-42970
[ SRC   ] 信息安全漏洞门户
[ URL   ] http://cve.scap.org.cn/vuln/VHN-404022
2022-03-30 21:43:59 [INFO] : 
==============================================
[ TITLE ] PuneethReddyHc Online Shopping System Advanced SQL注入漏洞
                    
[ TIME  ] 2022-03-29 21:43:59
[ CVE   ] CVE-2021-43109
[ SRC   ] 信息安全漏洞门户
[ URL   ] http://cve.scap.org.cn/vuln/VHN-404158
2022-03-30 21:43:59 [INFO] : 
==============================================
[ TITLE ] PuneethReddyHc Online Shopping System Advanced 访问控制错误漏洞
                    
[ TIME  ] 2022-03-29 21:43:59
[ CVE   ] CVE-2021-43110
[ SRC   ] 信息安全漏洞门户
[ URL   ] http://cve.scap.org.cn/vuln/VHN-404159
2022-03-30 21:43:59 [INFO] : 
==============================================
[ TITLE ] CSZ CMS SQL注入漏洞
                    
[ TIME  ] 2022-03-29 21:43:59
[ CVE   ] CVE-2021-43701
[ SRC   ] 信息安全漏洞门户
[ URL   ] http://cve.scap.org.cn/vuln/VHN-406330
2022-03-30 21:43:59 [INFO] : 
==============================================
[ TITLE ] open5gs  安全漏洞
                    
[ TIME  ] 2022-03-29 21:43:59
[ CVE   ] CVE-2021-44081
[ SRC   ] 信息安全漏洞门户
[ URL   ] http://cve.scap.org.cn/vuln/VHN-406693
2022-03-30 21:43:59 [INFO] : 
==============================================
[ TITLE ] Saltstack SaltStack Salt 安全漏洞
                    
[ TIME  ] 2022-03-29 21:43:59
[ CVE   ] CVE-2022-22934
[ SRC   ] 信息安全漏洞门户
[ URL   ] http://cve.scap.org.cn/vuln/VHN-411794
2022-03-30 21:43:59 [INFO] : 
==============================================
[ TITLE ] Saltstack SaltStack Salt 安全漏洞
                    
[ TIME  ] 2022-03-29 21:43:59
[ CVE   ] CVE-2022-22935
[ SRC   ] 信息安全漏洞门户
[ URL   ] http://cve.scap.org.cn/vuln/VHN-411795
2022-03-30 21:43:59 [INFO] : 
==============================================
[ TITLE ] Saltstack SaltStack Salt 安全漏洞
                    
[ TIME  ] 2022-03-29 21:43:59
[ CVE   ] CVE-2022-22936
[ SRC   ] 信息安全漏洞门户
[ URL   ] http://cve.scap.org.cn/vuln/VHN-411796
2022-03-30 21:43:59 [INFO] : ++++++++++++++++++++++++++++++++++++++++++++
2022-03-30 21:43:59 [INFO] : 正在获取 [绿盟] 威胁情报...
2022-03-30 21:44:00 [INFO] : 得到 [绿盟] 最新威胁情报 [0] 条
2022-03-30 21:44:00 [INFO] : --------------------------------------------
2022-03-30 21:44:00 [INFO] : ++++++++++++++++++++++++++++++++++++++++++++
2022-03-30 21:44:00 [INFO] : 正在获取 [奇安信] 威胁情报...
2022-03-30 21:44:00 [INFO] : 得到 [奇安信] 最新威胁情报 [0] 条
2022-03-30 21:44:00 [INFO] : --------------------------------------------
2022-03-30 21:44:00 [INFO] : ++++++++++++++++++++++++++++++++++++++++++++
2022-03-30 21:44:00 [INFO] : 正在获取 [红后] 威胁情报...
2022-03-30 21:44:01 [INFO] : 得到 [红后] 最新威胁情报 [0] 条
2022-03-30 21:44:01 [INFO] : --------------------------------------------
2022-03-30 21:44:01 [INFO] : ++++++++++++++++++++++++++++++++++++++++++++
2022-03-30 21:44:01 [INFO] : 正在获取 [斗象] 威胁情报...
2022-03-30 21:44:04 [INFO] : 得到 [斗象] 最新威胁情报 [0] 条
2022-03-30 21:44:04 [INFO] : --------------------------------------------
2022-03-30 21:44:04 [INFO] : ++++++++++++++++++++++++++++++++++++++++++++
2022-03-30 21:44:04 [INFO] : 正在获取 [Tenable (Nessus)] 威胁情报...
2022-03-30 21:44:17 [INFO] : 得到 [Tenable (Nessus)] 最新威胁情报 [5] 条
2022-03-30 21:44:17 [INFO] : --------------------------------------------
2022-03-30 21:44:17 [INFO] : 
==============================================
[ TITLE ] In RuoYi v4.7.2 through the WebUI, user test1 does not have permission to reset the password of user test3, but the password of user test3 can be reset through the /system/user/resetPwd request.
[ TIME  ] 2022-03-30 11:15:00
[ CVE   ] CVE-2022-23869
[ SRC   ] Tenable (Nessus)
[ URL   ] https://www.tenable.com/cve/CVE-2022-23869
2022-03-30 21:44:17 [INFO] : 
==============================================
[ TITLE ] RuoYi v4.7.2 contains a CSV injection vulnerability through ruoyi-admin when a victim opens .xlsx log file.
[ TIME  ] 2022-03-30 11:15:00
[ CVE   ] CVE-2022-23868
[ SRC   ] Tenable (Nessus)
[ URL   ] https://www.tenable.com/cve/CVE-2022-23868
2022-03-30 21:44:17 [INFO] : 
==============================================
[ TITLE ] Accounting User Can Download Patient Reports in openemr in GitHub repository openemr/openemr prior to 6.1.0.
[ TIME  ] 2022-03-30 11:15:00
[ CVE   ] CVE-2022-1177
[ SRC   ] Tenable (Nessus)
[ URL   ] https://www.tenable.com/cve/CVE-2022-1177
2022-03-30 21:44:17 [INFO] : 
==============================================
[ TITLE ] Apache DolphinScheduler user registration is vulnerable to Regular express Denial of Service (ReDoS) attacks, Apache DolphinScheduler users should upgrade to version 2.0.5 or higher.
[ TIME  ] 2022-03-30 10:15:00
[ CVE   ] CVE-2022-25598
[ SRC   ] Tenable (Nessus)
[ URL   ] https://www.tenable.com/cve/CVE-2022-25598
2022-03-30 21:44:17 [INFO] : 
==============================================
[ TITLE ] Null Pointer Dereference Caused Segmentation Fault in GitHub repository gpac/gpac prior to 2.1.0-DEV.
[ TIME  ] 2022-03-30 10:15:00
[ CVE   ] CVE-2022-1172
[ SRC   ] Tenable (Nessus)
[ URL   ] https://www.tenable.com/cve/CVE-2022-1172
2022-03-30 21:44:17 [INFO] : [邮件] 正在推送威胁情报...
2022-03-30 21:44:17 [INFO] : [邮件] 收件人清单： ['207176126@qq.com']
2022-03-30 21:44:17 [INFO] : [邮件] 推送威胁情报成功
2022-03-30 21:44:17 [INFO] : 正在提交变更...
