2022-04-27 11:10:52 [INFO] : ++++++++++++++++++++++++++++++++++++++++++++
2022-04-27 11:10:52 [INFO] : 正在获取 [数字观星POC++] 威胁情报...
2022-04-27 11:11:52 [ERROR] : 获取 [数字观星POC++] 威胁情报异常
Traceback (most recent call last):
  File "/usr/local/python3/lib/python3.8/site-packages/urllib3/connectionpool.py", line 381, in _make_request
    self._validate_conn(conn)
  File "/usr/local/python3/lib/python3.8/site-packages/urllib3/connectionpool.py", line 978, in _validate_conn
    conn.connect()
  File "/usr/local/python3/lib/python3.8/site-packages/urllib3/connection.py", line 362, in connect
    self.sock = ssl_wrap_socket(
  File "/usr/local/python3/lib/python3.8/site-packages/urllib3/util/ssl_.py", line 386, in ssl_wrap_socket
    return context.wrap_socket(sock, server_hostname=server_hostname)
  File "/usr/local/python3/lib/python3.8/ssl.py", line 500, in wrap_socket
    return self.sslsocket_class._create(
  File "/usr/local/python3/lib/python3.8/ssl.py", line 1040, in _create
    self.do_handshake()
  File "/usr/local/python3/lib/python3.8/ssl.py", line 1309, in do_handshake
    self._sslobj.do_handshake()
socket.timeout: _ssl.c:1091: The handshake operation timed out

During handling of the above exception, another exception occurred:

Traceback (most recent call last):
  File "/usr/local/python3/lib/python3.8/site-packages/requests/adapters.py", line 439, in send
    resp = conn.urlopen(
  File "/usr/local/python3/lib/python3.8/site-packages/urllib3/connectionpool.py", line 726, in urlopen
    retries = retries.increment(
  File "/usr/local/python3/lib/python3.8/site-packages/urllib3/util/retry.py", line 410, in increment
    raise six.reraise(type(error), error, _stacktrace)
  File "/usr/local/python3/lib/python3.8/site-packages/urllib3/packages/six.py", line 735, in reraise
    raise value
  File "/usr/local/python3/lib/python3.8/site-packages/urllib3/connectionpool.py", line 670, in urlopen
    httplib_response = self._make_request(
  File "/usr/local/python3/lib/python3.8/site-packages/urllib3/connectionpool.py", line 384, in _make_request
    self._raise_timeout(err=e, url=url, timeout_value=conn.timeout)
  File "/usr/local/python3/lib/python3.8/site-packages/urllib3/connectionpool.py", line 335, in _raise_timeout
    raise ReadTimeoutError(
urllib3.exceptions.ReadTimeoutError: HTTPSConnectionPool(host='poc.shuziguanxing.com', port=443): Read timed out. (read timeout=60)

During handling of the above exception, another exception occurred:

Traceback (most recent call last):
  File "/root/project/threat-broadcast-1/src/crawler/_base_crawler.py", line 62, in cves
    new_cves = self.get_cves()
  File "/root/project/threat-broadcast-1/src/crawler/datastarpocplus.py", line 47, in get_cves
    response = requests.post(
  File "/usr/local/python3/lib/python3.8/site-packages/requests/api.py", line 116, in post
    return request('post', url, data=data, json=json, **kwargs)
  File "/usr/local/python3/lib/python3.8/site-packages/requests/api.py", line 60, in request
    return session.request(method=method, url=url, **kwargs)
  File "/usr/local/python3/lib/python3.8/site-packages/requests/sessions.py", line 533, in request
    resp = self.send(prep, **send_kwargs)
  File "/usr/local/python3/lib/python3.8/site-packages/requests/sessions.py", line 646, in send
    r = adapter.send(request, **kwargs)
  File "/usr/local/python3/lib/python3.8/site-packages/requests/adapters.py", line 529, in send
    raise ReadTimeout(e, request=request)
requests.exceptions.ReadTimeout: HTTPSConnectionPool(host='poc.shuziguanxing.com', port=443): Read timed out. (read timeout=60)
2022-04-27 11:11:52 [ERROR] : Traceback (most recent call last):
  File "/usr/local/python3/lib/python3.8/site-packages/urllib3/connectionpool.py", line 381, in _make_request
    self._validate_conn(conn)
  File "/usr/local/python3/lib/python3.8/site-packages/urllib3/connectionpool.py", line 978, in _validate_conn
    conn.connect()
  File "/usr/local/python3/lib/python3.8/site-packages/urllib3/connection.py", line 362, in connect
    self.sock = ssl_wrap_socket(
  File "/usr/local/python3/lib/python3.8/site-packages/urllib3/util/ssl_.py", line 386, in ssl_wrap_socket
    return context.wrap_socket(sock, server_hostname=server_hostname)
  File "/usr/local/python3/lib/python3.8/ssl.py", line 500, in wrap_socket
    return self.sslsocket_class._create(
  File "/usr/local/python3/lib/python3.8/ssl.py", line 1040, in _create
    self.do_handshake()
  File "/usr/local/python3/lib/python3.8/ssl.py", line 1309, in do_handshake
    self._sslobj.do_handshake()
socket.timeout: _ssl.c:1091: The handshake operation timed out

During handling of the above exception, another exception occurred:

Traceback (most recent call last):
  File "/usr/local/python3/lib/python3.8/site-packages/requests/adapters.py", line 439, in send
    resp = conn.urlopen(
  File "/usr/local/python3/lib/python3.8/site-packages/urllib3/connectionpool.py", line 726, in urlopen
    retries = retries.increment(
  File "/usr/local/python3/lib/python3.8/site-packages/urllib3/util/retry.py", line 410, in increment
    raise six.reraise(type(error), error, _stacktrace)
  File "/usr/local/python3/lib/python3.8/site-packages/urllib3/packages/six.py", line 735, in reraise
    raise value
  File "/usr/local/python3/lib/python3.8/site-packages/urllib3/connectionpool.py", line 670, in urlopen
    httplib_response = self._make_request(
  File "/usr/local/python3/lib/python3.8/site-packages/urllib3/connectionpool.py", line 384, in _make_request
    self._raise_timeout(err=e, url=url, timeout_value=conn.timeout)
  File "/usr/local/python3/lib/python3.8/site-packages/urllib3/connectionpool.py", line 335, in _raise_timeout
    raise ReadTimeoutError(
urllib3.exceptions.ReadTimeoutError: HTTPSConnectionPool(host='poc.shuziguanxing.com', port=443): Read timed out. (read timeout=60)

During handling of the above exception, another exception occurred:

Traceback (most recent call last):
  File "/root/project/threat-broadcast-1/src/crawler/_base_crawler.py", line 62, in cves
    new_cves = self.get_cves()
  File "/root/project/threat-broadcast-1/src/crawler/datastarpocplus.py", line 47, in get_cves
    response = requests.post(
  File "/usr/local/python3/lib/python3.8/site-packages/requests/api.py", line 116, in post
    return request('post', url, data=data, json=json, **kwargs)
  File "/usr/local/python3/lib/python3.8/site-packages/requests/api.py", line 60, in request
    return session.request(method=method, url=url, **kwargs)
  File "/usr/local/python3/lib/python3.8/site-packages/requests/sessions.py", line 533, in request
    resp = self.send(prep, **send_kwargs)
  File "/usr/local/python3/lib/python3.8/site-packages/requests/sessions.py", line 646, in send
    r = adapter.send(request, **kwargs)
  File "/usr/local/python3/lib/python3.8/site-packages/requests/adapters.py", line 529, in send
    raise ReadTimeout(e, request=request)
requests.exceptions.ReadTimeout: HTTPSConnectionPool(host='poc.shuziguanxing.com', port=443): Read timed out. (read timeout=60)
Traceback (most recent call last):
  File "/usr/local/python3/lib/python3.8/site-packages/urllib3/connectionpool.py", line 381, in _make_request
    self._validate_conn(conn)
  File "/usr/local/python3/lib/python3.8/site-packages/urllib3/connectionpool.py", line 978, in _validate_conn
    conn.connect()
  File "/usr/local/python3/lib/python3.8/site-packages/urllib3/connection.py", line 362, in connect
    self.sock = ssl_wrap_socket(
  File "/usr/local/python3/lib/python3.8/site-packages/urllib3/util/ssl_.py", line 386, in ssl_wrap_socket
    return context.wrap_socket(sock, server_hostname=server_hostname)
  File "/usr/local/python3/lib/python3.8/ssl.py", line 500, in wrap_socket
    return self.sslsocket_class._create(
  File "/usr/local/python3/lib/python3.8/ssl.py", line 1040, in _create
    self.do_handshake()
  File "/usr/local/python3/lib/python3.8/ssl.py", line 1309, in do_handshake
    self._sslobj.do_handshake()
socket.timeout: _ssl.c:1091: The handshake operation timed out

During handling of the above exception, another exception occurred:

Traceback (most recent call last):
  File "/usr/local/python3/lib/python3.8/site-packages/requests/adapters.py", line 439, in send
    resp = conn.urlopen(
  File "/usr/local/python3/lib/python3.8/site-packages/urllib3/connectionpool.py", line 726, in urlopen
    retries = retries.increment(
  File "/usr/local/python3/lib/python3.8/site-packages/urllib3/util/retry.py", line 410, in increment
    raise six.reraise(type(error), error, _stacktrace)
  File "/usr/local/python3/lib/python3.8/site-packages/urllib3/packages/six.py", line 735, in reraise
    raise value
  File "/usr/local/python3/lib/python3.8/site-packages/urllib3/connectionpool.py", line 670, in urlopen
    httplib_response = self._make_request(
  File "/usr/local/python3/lib/python3.8/site-packages/urllib3/connectionpool.py", line 384, in _make_request
    self._raise_timeout(err=e, url=url, timeout_value=conn.timeout)
  File "/usr/local/python3/lib/python3.8/site-packages/urllib3/connectionpool.py", line 335, in _raise_timeout
    raise ReadTimeoutError(
urllib3.exceptions.ReadTimeoutError: HTTPSConnectionPool(host='poc.shuziguanxing.com', port=443): Read timed out. (read timeout=60)

During handling of the above exception, another exception occurred:

Traceback (most recent call last):
  File "/root/project/threat-broadcast-1/src/crawler/_base_crawler.py", line 62, in cves
    new_cves = self.get_cves()
  File "/root/project/threat-broadcast-1/src/crawler/datastarpocplus.py", line 47, in get_cves
    response = requests.post(
  File "/usr/local/python3/lib/python3.8/site-packages/requests/api.py", line 116, in post
    return request('post', url, data=data, json=json, **kwargs)
  File "/usr/local/python3/lib/python3.8/site-packages/requests/api.py", line 60, in request
    return session.request(method=method, url=url, **kwargs)
  File "/usr/local/python3/lib/python3.8/site-packages/requests/sessions.py", line 533, in request
    resp = self.send(prep, **send_kwargs)
  File "/usr/local/python3/lib/python3.8/site-packages/requests/sessions.py", line 646, in send
    r = adapter.send(request, **kwargs)
  File "/usr/local/python3/lib/python3.8/site-packages/requests/adapters.py", line 529, in send
    raise ReadTimeout(e, request=request)
requests.exceptions.ReadTimeout: HTTPSConnectionPool(host='poc.shuziguanxing.com', port=443): Read timed out. (read timeout=60)
2022-04-27 11:11:52 [INFO] : 得到 [数字观星POC++] 最新威胁情报 [0] 条
2022-04-27 11:11:52 [INFO] : --------------------------------------------
2022-04-27 11:11:52 [INFO] : ++++++++++++++++++++++++++++++++++++++++++++
2022-04-27 11:11:52 [INFO] : 正在获取 [阿里云] 威胁情报...
2022-04-27 11:11:53 [INFO] : 得到 [阿里云] 最新威胁情报 [0] 条
2022-04-27 11:11:53 [INFO] : --------------------------------------------
2022-04-27 11:11:53 [INFO] : ++++++++++++++++++++++++++++++++++++++++++++
2022-04-27 11:11:53 [INFO] : 正在获取 [国家信息安全漏洞共享平台（CNVD）] 威胁情报...
2022-04-27 11:12:21 [INFO] : 得到 [国家信息安全漏洞共享平台（CNVD）] 最新威胁情报 [8] 条
2022-04-27 11:12:21 [INFO] : --------------------------------------------
2022-04-27 11:12:21 [INFO] : 
==============================================
[ TITLE ] Laurent Rineau CGAL代码执行漏洞
[ TIME  ] 2022-04-26 11:12:01
[ CVE   ] CNVD-2022-32765 (CVE-2020-28603)
[ SRC   ] 国家信息安全漏洞共享平台（CNVD）
[ URL   ] https://www.cnvd.org.cn/flaw/show/CNVD-2022-32765
2022-04-27 11:12:21 [INFO] : 
==============================================
[ TITLE ] Laurent Rineau CGAL代码执行漏洞
[ TIME  ] 2022-04-26 11:12:03
[ CVE   ] CNVD-2022-32771 (CVE-2020-28628)
[ SRC   ] 国家信息安全漏洞共享平台（CNVD）
[ URL   ] https://www.cnvd.org.cn/flaw/show/CNVD-2022-32771
2022-04-27 11:12:21 [INFO] : 
==============================================
[ TITLE ] Laurent Rineau CGAL代码执行漏洞
[ TIME  ] 2022-04-26 11:12:05
[ CVE   ] CNVD-2022-32770 (CVE-2020-28635)
[ SRC   ] 国家信息安全漏洞共享平台（CNVD）
[ URL   ] https://www.cnvd.org.cn/flaw/show/CNVD-2022-32770
2022-04-27 11:12:21 [INFO] : 
==============================================
[ TITLE ] Laurent Rineau CGAL代码执行漏洞
[ TIME  ] 2022-04-26 11:12:07
[ CVE   ] CNVD-2022-32769 (CVE-2020-28618)
[ SRC   ] 国家信息安全漏洞共享平台（CNVD）
[ URL   ] https://www.cnvd.org.cn/flaw/show/CNVD-2022-32769
2022-04-27 11:12:21 [INFO] : 
==============================================
[ TITLE ] Laurent Rineau CGAL代码执行漏洞
[ TIME  ] 2022-04-26 11:12:09
[ CVE   ] CNVD-2022-32768 (CVE-2020-28616)
[ SRC   ] 国家信息安全漏洞共享平台（CNVD）
[ URL   ] https://www.cnvd.org.cn/flaw/show/CNVD-2022-32768
2022-04-27 11:12:21 [INFO] : 
==============================================
[ TITLE ] Laurent Rineau CGAL代码执行漏洞
[ TIME  ] 2022-04-26 11:12:12
[ CVE   ] CNVD-2022-32767 (CVE-2020-28619)
[ SRC   ] 国家信息安全漏洞共享平台（CNVD）
[ URL   ] https://www.cnvd.org.cn/flaw/show/CNVD-2022-32767
2022-04-27 11:12:21 [INFO] : 
==============================================
[ TITLE ] Laurent Rineau CGAL代码执行漏洞
[ TIME  ] 2022-04-26 11:12:14
[ CVE   ] CNVD-2022-32766 (CVE-2020-35630)
[ SRC   ] 国家信息安全漏洞共享平台（CNVD）
[ URL   ] https://www.cnvd.org.cn/flaw/show/CNVD-2022-32766
2022-04-27 11:12:21 [INFO] : 
==============================================
[ TITLE ] Oracle Java SE输入验证错误漏洞
[ TIME  ] 2022-04-26 11:12:16
[ CVE   ] CNVD-2022-32662 (CVE-2022-21449)
[ SRC   ] 国家信息安全漏洞共享平台（CNVD）
[ URL   ] https://www.cnvd.org.cn/flaw/show/CNVD-2022-32662
2022-04-27 11:12:21 [INFO] : ++++++++++++++++++++++++++++++++++++++++++++
2022-04-27 11:12:21 [INFO] : 正在获取 [国家信息安全漏洞库（CNNVD）] 威胁情报...
2022-04-27 11:12:35 [INFO] : 得到 [国家信息安全漏洞库（CNNVD）] 最新威胁情报 [10] 条
2022-04-27 11:12:35 [INFO] : --------------------------------------------
2022-04-27 11:12:35 [INFO] : 
==============================================
[ TITLE ] flask-session-captcha 安全漏洞
[ TIME  ] 2022-04-25 11:12:22
[ CVE   ] CNNVD-202204-4379 (CVE-2022-24880)
[ SRC   ] 国家信息安全漏洞库（CNNVD）
[ URL   ] http://www.cnnvd.org.cn/web/xxk/ldxqById.tag?CNNVD=CNNVD-202204-4379
2022-04-27 11:12:35 [INFO] : 
==============================================
[ TITLE ] OWASP ESAPI 路径遍历漏洞
[ TIME  ] 2022-04-25 11:12:23
[ CVE   ] CNNVD-202204-4378 (CVE-2022-23457)
[ SRC   ] 国家信息安全漏洞库（CNNVD）
[ URL   ] http://www.cnnvd.org.cn/web/xxk/ldxqById.tag?CNNVD=CNNVD-202204-4378
2022-04-27 11:12:35 [INFO] : 
==============================================
[ TITLE ] IBM QRadar SIEM 安全漏洞
[ TIME  ] 2022-04-25 11:12:25
[ CVE   ] CNNVD-202204-4377 (CVE-2021-38869)
[ SRC   ] 国家信息安全漏洞库（CNNVD）
[ URL   ] http://www.cnnvd.org.cn/web/xxk/ldxqById.tag?CNNVD=CNNVD-202204-4377
2022-04-27 11:12:35 [INFO] : 
==============================================
[ TITLE ] IBM QRadar SIEM 安全漏洞
[ TIME  ] 2022-04-25 11:12:26
[ CVE   ] CNNVD-202204-4376 (CVE-2022-22345)
[ SRC   ] 国家信息安全漏洞库（CNNVD）
[ URL   ] http://www.cnnvd.org.cn/web/xxk/ldxqById.tag?CNNVD=CNNVD-202204-4376
2022-04-27 11:12:35 [INFO] : 
==============================================
[ TITLE ] IBM QRadar SIEM 安全漏洞
[ TIME  ] 2022-04-25 11:12:28
[ CVE   ] CNNVD-202204-4375 (CVE-2021-38874)
[ SRC   ] 国家信息安全漏洞库（CNNVD）
[ URL   ] http://www.cnnvd.org.cn/web/xxk/ldxqById.tag?CNNVD=CNNVD-202204-4375
2022-04-27 11:12:35 [INFO] : 
==============================================
[ TITLE ] WordPress plugin Page Restriction 跨站脚本漏洞
[ TIME  ] 2022-04-25 11:12:29
[ CVE   ] CNNVD-202204-4374 (CVE-2022-1027)
[ SRC   ] 国家信息安全漏洞库（CNNVD）
[ URL   ] http://www.cnnvd.org.cn/web/xxk/ldxqById.tag?CNNVD=CNNVD-202204-4374
2022-04-27 11:12:35 [INFO] : 
==============================================
[ TITLE ] WordPress plugin myCred 安全漏洞
[ TIME  ] 2022-04-25 11:12:30
[ CVE   ] CNNVD-202204-4373 (CVE-2022-1092)
[ SRC   ] 国家信息安全漏洞库（CNNVD）
[ URL   ] http://www.cnnvd.org.cn/web/xxk/ldxqById.tag?CNNVD=CNNVD-202204-4373
2022-04-27 11:12:35 [INFO] : 
==============================================
[ TITLE ] WordPress plugin amr users  跨站脚本漏洞
[ TIME  ] 2022-04-25 11:12:31
[ CVE   ] CNNVD-202204-4372 (CVE-2022-1094)
[ SRC   ] 国家信息安全漏洞库（CNNVD）
[ URL   ] http://www.cnnvd.org.cn/web/xxk/ldxqById.tag?CNNVD=CNNVD-202204-4372
2022-04-27 11:12:35 [INFO] : 
==============================================
[ TITLE ] WordPress plugin Social comments by WpDevArt跨站脚本漏洞
[ TIME  ] 2022-04-25 11:12:33
[ CVE   ] CNNVD-202204-4371 (CVE-2022-0876)
[ SRC   ] 国家信息安全漏洞库（CNNVD）
[ URL   ] http://www.cnnvd.org.cn/web/xxk/ldxqById.tag?CNNVD=CNNVD-202204-4371
2022-04-27 11:12:35 [INFO] : 
==============================================
[ TITLE ] WordPress plugin Menubar 跨站脚本漏洞
[ TIME  ] 2022-04-25 11:12:34
[ CVE   ] CNNVD-202204-4370 (CVE-2022-1152)
[ SRC   ] 国家信息安全漏洞库（CNNVD）
[ URL   ] http://www.cnnvd.org.cn/web/xxk/ldxqById.tag?CNNVD=CNNVD-202204-4370
2022-04-27 11:12:35 [INFO] : ++++++++++++++++++++++++++++++++++++++++++++
2022-04-27 11:12:35 [INFO] : 正在获取 [360 网络安全响应中心] 威胁情报...
2022-04-27 11:12:35 [INFO] : 得到 [360 网络安全响应中心] 最新威胁情报 [0] 条
2022-04-27 11:12:35 [INFO] : --------------------------------------------
2022-04-27 11:12:35 [INFO] : ++++++++++++++++++++++++++++++++++++++++++++
2022-04-27 11:12:35 [INFO] : 正在获取 [美国国家漏洞数据库（NVD）] 威胁情报...
2022-04-27 11:12:38 [INFO] : 得到 [美国国家漏洞数据库（NVD）] 最新威胁情报 [10] 条
2022-04-27 11:12:38 [INFO] : --------------------------------------------
2022-04-27 11:12:38 [INFO] : 
==============================================
[ TITLE ] Heap-based Buffer Overflow in GitHub repository radareorg/radare2 prior to 5.6.8. The bug causes the program reads data past the end of the intented buffer. Typically, this can allow attackers to read sensitive information from other memory locations or cause a crash.
[ TIME  ] 2022-04-18 01:15:10 
[ CVE   ] CVE-2022-1383
[ SRC   ] 美国国家漏洞数据库（NVD）
[ URL   ] https://web.nvd.nist.gov/view/vuln/detail?vulnId=CVE-2022-1383
2022-04-27 11:12:38 [INFO] : 
==============================================
[ TITLE ] NULL Pointer Dereference in GitHub repository radareorg/radare2 prior to 5.6.8. This vulnerability is capable of making the radare2 crash, thus affecting the availability of the system.
[ TIME  ] 2022-04-18 01:15:10 
[ CVE   ] CVE-2022-1382
[ SRC   ] 美国国家漏洞数据库（NVD）
[ URL   ] https://web.nvd.nist.gov/view/vuln/detail?vulnId=CVE-2022-1382
2022-04-27 11:12:38 [INFO] : 
==============================================
[ TITLE ] global heap buffer overflow in skip_range in GitHub repository vim/vim prior to 8.2.4763. This vulnerability is capable of crashing software, Bypass Protection Mechanism, Modify Memory, and possible remote execution
[ TIME  ] 2022-04-18 01:15:10 
[ CVE   ] CVE-2022-1381
[ SRC   ] 美国国家漏洞数据库（NVD）
[ URL   ] https://web.nvd.nist.gov/view/vuln/detail?vulnId=CVE-2022-1381
2022-04-27 11:12:38 [INFO] : 
==============================================
[ TITLE ] Stored Cross Site Scripting vulnerability in Item name parameter in GitHub repository snipe/snipe-it prior to v5.4.3. The vulnerability is capable of stolen the user Cookie.
[ TIME  ] 2022-04-16 12:15:09 
[ CVE   ] CVE-2022-1380
[ SRC   ] 美国国家漏洞数据库（NVD）
[ URL   ] https://web.nvd.nist.gov/view/vuln/detail?vulnId=CVE-2022-1380
2022-04-27 11:12:38 [INFO] : 
==============================================
[ TITLE ] Exposure of Private Personal Information to an Unauthorized Actor in GitHub repository lquixada/cross-fetch prior to 3.1.5.
[ TIME  ] 2022-04-15 23:15:08 
[ CVE   ] CVE-2022-1365
[ SRC   ] 美国国家漏洞数据库（NVD）
[ URL   ] https://web.nvd.nist.gov/view/vuln/detail?vulnId=CVE-2022-1365
2022-04-27 11:12:38 [INFO] : 
==============================================
[ TITLE ] Stored XSS in Tooltip in GitHub repository pimcore/pimcore prior to 10.4.
[ TIME  ] 2022-04-14 10:15:07 
[ CVE   ] CVE-2022-1351
[ SRC   ] 美国国家漏洞数据库（NVD）
[ URL   ] https://web.nvd.nist.gov/view/vuln/detail?vulnId=CVE-2022-1351
2022-04-27 11:12:38 [INFO] : 
==============================================
[ TITLE ] A vulnerability classified as problematic was found in GhostPCL 9.55.0. This vulnerability affects the function chunk_free_object of the file gsmchunk.c. The manipulation with a malicious file leads to a memory corruption. The attack can be initiated remotely but requires user interaction. The exploit has been disclosed to the public as a POC and may be used. It is recommended to apply the patches to fix this issue.
[ TIME  ] 2022-04-14 07:15:06 
[ CVE   ] CVE-2022-1350
[ SRC   ] 美国国家漏洞数据库（NVD）
[ URL   ] https://web.nvd.nist.gov/view/vuln/detail?vulnId=CVE-2022-1350
2022-04-27 11:12:38 [INFO] : 
==============================================
[ TITLE ] Stored XSS in the &quot;Username&quot; &amp; &quot;Email&quot; input fields leads to account takeover of Admin &amp; Co-admin users in GitHub repository causefx/organizr prior to 2.1.1810. Account takeover and privilege escalation
[ TIME  ] 2022-04-13 19:15:09 
[ CVE   ] CVE-2022-1347
[ SRC   ] 美国国家漏洞数据库（NVD）
[ URL   ] https://web.nvd.nist.gov/view/vuln/detail?vulnId=CVE-2022-1347
2022-04-27 11:12:38 [INFO] : 
==============================================
[ TITLE ] Multiple Stored XSS in GitHub repository causefx/organizr prior to 2.1.1810. This allows attackers to execute malicious scripts in the user's browser and it can lead to session hijacking, sensitive data exposure, and worse.
[ TIME  ] 2022-04-13 18:15:10 
[ CVE   ] CVE-2022-1346
[ SRC   ] 美国国家漏洞数据库（NVD）
[ URL   ] https://web.nvd.nist.gov/view/vuln/detail?vulnId=CVE-2022-1346
2022-04-27 11:12:38 [INFO] : 
==============================================
[ TITLE ] Stored XSS viva .svg file upload in GitHub repository causefx/organizr prior to 2.1.1810. This allows attackers to execute malicious scripts in the user's browser and it can lead to session hijacking, sensitive data exposure, and worse.
[ TIME  ] 2022-04-13 19:15:09 
[ CVE   ] CVE-2022-1345
[ SRC   ] 美国国家漏洞数据库（NVD）
[ URL   ] https://web.nvd.nist.gov/view/vuln/detail?vulnId=CVE-2022-1345
2022-04-27 11:12:38 [INFO] : ++++++++++++++++++++++++++++++++++++++++++++
2022-04-27 11:12:38 [INFO] : 正在获取 [信息安全漏洞门户] 威胁情报...
2022-04-27 11:12:38 [INFO] : 得到 [信息安全漏洞门户] 最新威胁情报 [0] 条
2022-04-27 11:12:38 [INFO] : --------------------------------------------
2022-04-27 11:12:38 [INFO] : ++++++++++++++++++++++++++++++++++++++++++++
2022-04-27 11:12:38 [INFO] : 正在获取 [绿盟] 威胁情报...
2022-04-27 11:12:38 [INFO] : 得到 [绿盟] 最新威胁情报 [15] 条
2022-04-27 11:12:38 [INFO] : --------------------------------------------
2022-04-27 11:12:38 [INFO] : 
==============================================
[ TITLE ] Emerson Electric DeltaV Distributed Control System Controllers和Workstations不受控制的
[ TIME  ] 2022-04-26 11:12:38
[ CVE   ] 
[ SRC   ] 绿盟
[ URL   ] http://www.nsfocus.net/vulndb/64451
2022-04-27 11:12:38 [INFO] : 
==============================================
[ TITLE ] Emerson Electric DeltaV Distributed Control System Controllers身份验证错误漏洞（CVE-2021-
[ TIME  ] 2022-04-26 11:12:38
[ CVE   ] 
[ SRC   ] 绿盟
[ URL   ] http://www.nsfocus.net/vulndb/64450
2022-04-27 11:12:38 [INFO] : 
==============================================
[ TITLE ] Reolink RLC-410W拒绝服务漏洞
[ TIME  ] 2022-04-26 11:12:38
[ CVE   ] CVE-2021-44379
[ SRC   ] 绿盟
[ URL   ] http://www.nsfocus.net/vulndb/64449
2022-04-27 11:12:38 [INFO] : 
==============================================
[ TITLE ] Reolink RLC-410W拒绝服务漏洞
[ TIME  ] 2022-04-26 11:12:38
[ CVE   ] CVE-2021-44359
[ SRC   ] 绿盟
[ URL   ] http://www.nsfocus.net/vulndb/64448
2022-04-27 11:12:38 [INFO] : 
==============================================
[ TITLE ] Reolink RLC-410W拒绝服务漏洞
[ TIME  ] 2022-04-26 11:12:38
[ CVE   ] CVE-2021-44365
[ SRC   ] 绿盟
[ URL   ] http://www.nsfocus.net/vulndb/64447
2022-04-27 11:12:38 [INFO] : 
==============================================
[ TITLE ] Reolink RLC-410W拒绝服务漏洞
[ TIME  ] 2022-04-26 11:12:38
[ CVE   ] CVE-2021-44372
[ SRC   ] 绿盟
[ URL   ] http://www.nsfocus.net/vulndb/64446
2022-04-27 11:12:38 [INFO] : 
==============================================
[ TITLE ] MariaDB拒绝服务漏洞
[ TIME  ] 2022-04-26 11:12:38
[ CVE   ] CVE-2021-46662
[ SRC   ] 绿盟
[ URL   ] http://www.nsfocus.net/vulndb/64445
2022-04-27 11:12:38 [INFO] : 
==============================================
[ TITLE ] MariaDB不受控制的资源消耗漏洞
[ TIME  ] 2022-04-26 11:12:38
[ CVE   ] CVE-2021-46657
[ SRC   ] 绿盟
[ URL   ] http://www.nsfocus.net/vulndb/64444
2022-04-27 11:12:38 [INFO] : 
==============================================
[ TITLE ] Western Digital My Cloud服务器端请求伪造漏洞
[ TIME  ] 2022-04-26 11:12:38
[ CVE   ] CVE-2022-22993
[ SRC   ] 绿盟
[ URL   ] http://www.nsfocus.net/vulndb/64443
2022-04-27 11:12:38 [INFO] : 
==============================================
[ TITLE ] Adenza AxiomSL ControllerView用户枚举漏洞
[ TIME  ] 2022-04-26 11:12:38
[ CVE   ] CVE-2022-24032
[ SRC   ] 绿盟
[ URL   ] http://www.nsfocus.net/vulndb/64442
2022-04-27 11:12:38 [INFO] : 
==============================================
[ TITLE ] Schneider Electric EVlink跨站脚本漏洞
[ TIME  ] 2022-04-26 11:12:38
[ CVE   ] CVE-2021-22822
[ SRC   ] 绿盟
[ URL   ] http://www.nsfocus.net/vulndb/64441
2022-04-27 11:12:38 [INFO] : 
==============================================
[ TITLE ] Schneider Electric Network Management Cards信息泄露漏洞
[ TIME  ] 2022-04-26 11:12:38
[ CVE   ] CVE-2021-22815
[ SRC   ] 绿盟
[ URL   ] http://www.nsfocus.net/vulndb/64440
2022-04-27 11:12:38 [INFO] : 
==============================================
[ TITLE ] Piwigo弱密码漏洞
[ TIME  ] 2022-04-26 11:12:38
[ CVE   ] CVE-2016-3735
[ SRC   ] 绿盟
[ URL   ] http://www.nsfocus.net/vulndb/64439
2022-04-27 11:12:38 [INFO] : 
==============================================
[ TITLE ] Linux Kernel空指针解引用漏洞
[ TIME  ] 2022-04-26 11:12:38
[ CVE   ] CVE-2022-0286
[ SRC   ] 绿盟
[ URL   ] http://www.nsfocus.net/vulndb/64438
2022-04-27 11:12:38 [INFO] : 
==============================================
[ TITLE ] ZFAKA SQL注入漏洞
[ TIME  ] 2022-04-26 11:12:38
[ CVE   ] CVE-2022-22294
[ SRC   ] 绿盟
[ URL   ] http://www.nsfocus.net/vulndb/64437
2022-04-27 11:12:38 [INFO] : ++++++++++++++++++++++++++++++++++++++++++++
2022-04-27 11:12:38 [INFO] : 正在获取 [奇安信] 威胁情报...
2022-04-27 11:12:39 [INFO] : 得到 [奇安信] 最新威胁情报 [0] 条
2022-04-27 11:12:39 [INFO] : --------------------------------------------
2022-04-27 11:12:39 [INFO] : ++++++++++++++++++++++++++++++++++++++++++++
2022-04-27 11:12:39 [INFO] : 正在获取 [红后] 威胁情报...
2022-04-27 11:12:39 [INFO] : 得到 [红后] 最新威胁情报 [10] 条
2022-04-27 11:12:39 [INFO] : --------------------------------------------
2022-04-27 11:12:39 [INFO] : 
==============================================
[ TITLE ] showdoc 跨站脚本漏洞
[ TIME  ] 2022-04-27 05:48:44
[ CVE   ] CVE-2022-0940
[ SRC   ] 红后
[ URL   ] https://redqueen.tj-un.com/IntelDetails.html?id=d58b7bf8d3c341a598132e5c795c724c
2022-04-27 11:12:39 [INFO] : 
==============================================
[ TITLE ] Apache HTTP Server 输入验证错误漏洞
[ TIME  ] 2022-04-27 05:48:40
[ CVE   ] CVE-2022-22721
[ SRC   ] 红后
[ URL   ] https://redqueen.tj-un.com/IntelDetails.html?id=430e0238ac7e4e4787decad047800e5b
2022-04-27 11:12:39 [INFO] : 
==============================================
[ TITLE ] SmarterTools SmarterTrack 跨站脚本漏洞
[ TIME  ] 2022-04-27 05:48:36
[ CVE   ] CVE-2022-24384
[ SRC   ] 红后
[ URL   ] https://redqueen.tj-un.com/IntelDetails.html?id=db6621df97b34e468a47c55950c2593a
2022-04-27 11:12:39 [INFO] : 
==============================================
[ TITLE ] showdoc 跨站脚本漏洞
[ TIME  ] 2022-04-27 05:48:32
[ CVE   ] CVE-2022-0946
[ SRC   ] 红后
[ URL   ] https://redqueen.tj-un.com/IntelDetails.html?id=637183277e8045d1a205a7d44d5e6c52
2022-04-27 11:12:39 [INFO] : 
==============================================
[ TITLE ] GPAC 资源管理错误漏洞
[ TIME  ] 2022-04-27 05:48:28
[ CVE   ] CVE-2022-24576
[ SRC   ] 红后
[ URL   ] https://redqueen.tj-un.com/IntelDetails.html?id=d3071b7b37fc4983a249f69478d64e39
2022-04-27 11:12:39 [INFO] : 
==============================================
[ TITLE ] Zenario CMS 代码问题漏洞
[ TIME  ] 2022-04-27 05:48:24
[ CVE   ] CVE-2021-42171
[ SRC   ] 红后
[ URL   ] https://redqueen.tj-un.com/IntelDetails.html?id=218853d8f2d242679e8e2d04c8d0cc9e
2022-04-27 11:12:39 [INFO] : 
==============================================
[ TITLE ] WordPress plugin 输入验证错误漏洞
[ TIME  ] 2022-04-27 05:48:20
[ CVE   ] CVE-2022-0165
[ SRC   ] 红后
[ URL   ] https://redqueen.tj-un.com/IntelDetails.html?id=a352c558b83248e6b6d419341d803182
2022-04-27 11:12:39 [INFO] : 
==============================================
[ TITLE ] GPAC 代码问题漏洞
[ TIME  ] 2022-04-27 05:48:15
[ CVE   ] CVE-2022-24577
[ SRC   ] 红后
[ URL   ] https://redqueen.tj-un.com/IntelDetails.html?id=5895a3a4621048b79082fc112aebf244
2022-04-27 11:12:39 [INFO] : 
==============================================
[ TITLE ] GPAC 缓冲区错误漏洞
[ TIME  ] 2022-04-27 05:48:11
[ CVE   ] CVE-2022-24578
[ SRC   ] 红后
[ URL   ] https://redqueen.tj-un.com/IntelDetails.html?id=ff6ddc41c2f64d82bd8308ce3ee764ca
2022-04-27 11:12:39 [INFO] : 
==============================================
[ TITLE ] Vim 缓冲区错误漏洞
[ TIME  ] 2022-04-27 05:48:07
[ CVE   ] CVE-2022-0943
[ SRC   ] 红后
[ URL   ] https://redqueen.tj-un.com/IntelDetails.html?id=7f91e7860c0c4c7a8e8f59b36d44b602
2022-04-27 11:12:39 [INFO] : ++++++++++++++++++++++++++++++++++++++++++++
2022-04-27 11:12:39 [INFO] : 正在获取 [斗象] 威胁情报...
2022-04-27 11:12:43 [INFO] : 得到 [斗象] 最新威胁情报 [0] 条
2022-04-27 11:12:43 [INFO] : --------------------------------------------
2022-04-27 11:12:43 [INFO] : ++++++++++++++++++++++++++++++++++++++++++++
2022-04-27 11:12:43 [INFO] : 正在获取 [Tenable (Nessus)] 威胁情报...
2022-04-27 11:12:44 [INFO] : 得到 [Tenable (Nessus)] 最新威胁情报 [10] 条
2022-04-27 11:12:44 [INFO] : --------------------------------------------
2022-04-27 11:12:44 [INFO] : 
==============================================
[ TITLE ] Foundry Issues service versions 2.244.0 to 2.249.0 was found to be logging in a manner that captured sensitive information (session tokens). This issue was fixed in Fixed in 2.249.1.
[ TIME  ] 2022-04-26 23:15:00
[ CVE   ] CVE-2022-27888
[ SRC   ] Tenable (Nessus)
[ URL   ] https://www.tenable.com/cve/CVE-2022-27888
2022-04-27 11:12:44 [INFO] : 
==============================================
[ TITLE ] HotelDruid Hotel Management Software v3.0.3 contains a cross-site scripting (XSS) vulnerability via the prezzoperiodo4 parameter in creaprezzi.php.
[ TIME  ] 2022-04-26 23:15:00
[ CVE   ] CVE-2022-26564
[ SRC   ] Tenable (Nessus)
[ URL   ] https://www.tenable.com/cve/CVE-2022-26564
2022-04-27 11:12:44 [INFO] : 
==============================================
[ TITLE ] GreenCMS v2.3.0603 was discovered to contain an arbitrary file deletion vulnerability via /index.php?m=admin&c=custom&a=plugindelhandle&plugin_name=.
[ TIME  ] 2022-04-26 21:15:00
[ CVE   ] CVE-2022-28918
[ SRC   ] Tenable (Nessus)
[ URL   ] https://www.tenable.com/cve/CVE-2022-28918
2022-04-27 11:12:44 [INFO] : 
==============================================
[ TITLE ] bloofoxCMS v0.5.2.1 was discovered to contain an arbitrary file upload vulnerability via /admin/index.php?mode=content&page=media&action=edit.
[ TIME  ] 2022-04-26 21:15:00
[ CVE   ] CVE-2022-28528
[ SRC   ] Tenable (Nessus)
[ URL   ] https://www.tenable.com/cve/CVE-2022-28528
2022-04-27 11:12:44 [INFO] : 
==============================================
[ TITLE ] dhcms v20170919 was discovered to contain an arbitrary folder deletion vulnerability via /admin.php?r=admin/AdminBackup/del.
[ TIME  ] 2022-04-26 21:15:00
[ CVE   ] CVE-2022-28527
[ SRC   ] Tenable (Nessus)
[ URL   ] https://www.tenable.com/cve/CVE-2022-28527
2022-04-27 11:12:44 [INFO] : 
==============================================
[ TITLE ] ED01-CMS v20180505 was discovered to contain an arbitrary file upload vulnerability via /admin/users.php?source=edit_user&id=1.
[ TIME  ] 2022-04-26 21:15:00
[ CVE   ] CVE-2022-28525
[ SRC   ] Tenable (Nessus)
[ URL   ] https://www.tenable.com/cve/CVE-2022-28525
2022-04-27 11:12:44 [INFO] : 
==============================================
[ TITLE ] ED01-CMS v20180505 was discovered to contain a SQL injection vulnerability via the component post.php.
[ TIME  ] 2022-04-26 21:15:00
[ CVE   ] CVE-2022-28524
[ SRC   ] Tenable (Nessus)
[ URL   ] https://www.tenable.com/cve/CVE-2022-28524
2022-04-27 11:12:44 [INFO] : 
==============================================
[ TITLE ] HongCMS 3.0.0 allows arbitrary file deletion via the component /admin/index.php/template/ajax?action=delete.
[ TIME  ] 2022-04-26 21:15:00
[ CVE   ] CVE-2022-28523
[ SRC   ] Tenable (Nessus)
[ URL   ] https://www.tenable.com/cve/CVE-2022-28523
2022-04-27 11:12:44 [INFO] : 
==============================================
[ TITLE ] ZCMS v20170206 was discovered to contain a stored cross-site scripting (XSS) vulnerability via index.php?m=home&c=message&a=add.
[ TIME  ] 2022-04-26 21:15:00
[ CVE   ] CVE-2022-28522
[ SRC   ] Tenable (Nessus)
[ URL   ] https://www.tenable.com/cve/CVE-2022-28522
2022-04-27 11:12:44 [INFO] : 
==============================================
[ TITLE ] ZCMS v20170206 was discovered to contain a file inclusion vulnerability via index.php?m=home&c=home&a=sp_set_config.
[ TIME  ] 2022-04-26 21:15:00
[ CVE   ] CVE-2022-28521
[ SRC   ] Tenable (Nessus)
[ URL   ] https://www.tenable.com/cve/CVE-2022-28521
2022-04-27 11:12:44 [INFO] : [邮件] 正在推送威胁情报...
2022-04-27 11:12:44 [INFO] : [邮件] 收件人清单： ['207176126@qq.com']
2022-04-27 11:12:45 [INFO] : [邮件] 推送威胁情报成功
2022-04-27 11:12:45 [INFO] : 正在提交变更...
